{"level":"INFO","time":"2024-04-22T17:21:06.425+0800","caller":"internal/demo.go:101","msg":"Start to listening the incoming requests on http address","addr":":8082"}
{"level":"INFO","time":"2024-04-22T17:21:06.439+0800","caller":"internal/demo.go:107","msg":"Start to listening the incoming requests on grpc address","addr":":9092"}
{"level":"ERROR","time":"2024-04-22T17:21:11.556+0800","caller":"runtime/panic.go:914","msg":"[Recovery from panic]","error":"runtime error: invalid memory address or nil pointer dereference","request":"GET /user/info HTTP/1.1\r\nHost: localhost:8082\r\nAccept: text/html,application/xhtml+xml,application/xml;q=0.9,image/avif,image/webp,image/apng,*/*;q=0.8,application/signed-exchange;v=b3;q=0.7\r\nAccept-Encoding: gzip, deflate, br, zstd\r\nAccept-Language: zh-CN,zh;q=0.9\r\nCache-Control: max-age=0\r\nConnection: keep-alive\r\nCookie: Webstorm-2ab7da35=36ba276b-d030-4381-8a6d-d63395af9456; Idea-773c1eee=ac7800fe-20ce-429e-973a-b9875b1f2949; Hm_lvt_d47d58dcc5ba5c0c7dccab29717379c6=1700810557\r\nSec-Ch-Ua: \"Google Chrome\";v=\"123\", \"Not:A-Brand\";v=\"8\", \"Chromium\";v=\"123\"\r\nSec-Ch-Ua-Mobile: ?0\r\nSec-Ch-Ua-Platform: \"Windows\"\r\nSec-Fetch-Dest: document\r\nSec-Fetch-Mode: navigate\r\nSec-Fetch-Site: none\r\nSec-Fetch-User: ?1\r\nUpgrade-Insecure-Requests: 1\r\nUser-Agent: Mozilla/5.0 (Windows NT 10.0; Win64; x64) AppleWebKit/537.36 (KHTML, like Gecko) Chrome/123.0.0.0 Safari/537.36\r\n\r\n","stack":"goroutine 39 [running]:\nruntime/debug.Stack()\n\tD:/go/src/runtime/debug/stack.go:24 +0x5e\ndemo/internal.initGin.GinRecovery.func2.1()\n\tE:/go_code/demo/pkg/middware/recovery.go:46 +0x290\npanic({0x100be60?, 0x17da700?})\n\tD:/go/src/runtime/panic.go:914 +0x21f\ndemo/internal/controller/user.(*Controller).GetInfo(0x10f80a2?, 0x6?)\n\tE:/go_code/demo/internal/controller/user/user.go:14 +0x16\ngithub.com/gin-gonic/gin.(*Context).Next(0xc00008c100)\n\tC:/Users/Admin/go/pkg/mod/github.com/gin-gonic/gin@v1.8.1/context.go:173 +0x2b\ndemo/internal.initGin.GinRecovery.func2(0xc00053b4e0?)\n\tE:/go_code/demo/pkg/middware/recovery.go:57 +0x52\ngithub.com/gin-gonic/gin.(*Context).Next(0xc00008c100)\n\tC:/Users/Admin/go/pkg/mod/github.com/gin-gonic/gin@v1.8.1/context.go:173 +0x2b\ndemo/internal.initGin.GinLogger.func1(0xc00008c100)\n\tE:/go_code/demo/pkg/middware/log.go:15 +0x75\ngithub.com/gin-gonic/gin.(*Context).Next(...)\n\tC:/Users/Admin/go/pkg/mod/github.com/gin-gonic/gin@v1.8.1/context.go:173\ngithub.com/gin-gonic/gin.(*Engine).handleHTTPRequest(0xc00051c820, 0xc00008c100)\n\tC:/Users/Admin/go/pkg/mod/github.com/gin-gonic/gin@v1.8.1/gin.go:616 +0x65b\ngithub.com/gin-gonic/gin.(*Engine).ServeHTTP(0xc00051c820, {0x1241b80?, 0xc000470000}, 0xc0004ce300)\n\tC:/Users/Admin/go/pkg/mod/github.com/gin-gonic/gin@v1.8.1/gin.go:572 +0x1dd\nnet/http.serverHandler.ServeHTTP({0xc000216090?}, {0x1241b80?, 0xc000470000?}, 0x6?)\n\tD:/go/src/net/http/server.go:2938 +0x8e\nnet/http.(*conn).serve(0xc00000e000, {0x1243698, 0xc0001ac2d0})\n\tD:/go/src/net/http/server.go:2009 +0x5f4\ncreated by net/http.(*Server).Serve in goroutine 14\n\tD:/go/src/net/http/server.go:3086 +0x5cb\n"}
{"level":"INFO","time":"2024-04-22T17:21:11.563+0800","caller":"gin@v1.8.1/context.go:173","msg":"/user/info","status":500,"method":"GET","path":"/user/info","query":"","ip":"::1","user-agent":"Mozilla/5.0 (Windows NT 10.0; Win64; x64) AppleWebKit/537.36 (KHTML, like Gecko) Chrome/123.0.0.0 Safari/537.36","errors":"","cost":0.0070175}
{"level":"INFO","time":"2024-04-22T17:23:04.793+0800","caller":"internal/demo.go:108","msg":"Shutting down server ..."}
{"level":"INFO","time":"2024-04-22T17:23:04.793+0800","caller":"internal/demo.go:108","msg":"Server exiting"}
{"level":"INFO","time":"2024-04-22T17:23:07.964+0800","caller":"internal/demo.go:101","msg":"Start to listening the incoming requests on http address","addr":":8082"}
{"level":"INFO","time":"2024-04-22T17:23:07.981+0800","caller":"internal/demo.go:107","msg":"Start to listening the incoming requests on grpc address","addr":":9092"}
{"level":"INFO","time":"2024-04-22T17:23:14.155+0800","caller":"gin@v1.8.1/context.go:173","msg":"/user/info","status":200,"method":"GET","path":"/user/info","query":"","ip":"::1","user-agent":"Mozilla/5.0 (Windows NT 10.0; Win64; x64) AppleWebKit/537.36 (KHTML, like Gecko) Chrome/123.0.0.0 Safari/537.36","errors":"","cost":0.0006358}
{"level":"INFO","time":"2024-04-22T17:24:30.163+0800","caller":"internal/demo.go:108","msg":"Shutting down server ..."}
{"level":"INFO","time":"2024-04-22T17:24:30.163+0800","caller":"internal/demo.go:108","msg":"Server exiting"}
{"level":"INFO","time":"2024-04-22T17:26:11.084+0800","caller":"internal/demo.go:101","msg":"Start to listening the incoming requests on http address","addr":":8082"}
{"level":"INFO","time":"2024-04-22T17:26:11.098+0800","caller":"internal/demo.go:107","msg":"Start to listening the incoming requests on grpc address","addr":":9092"}
{"level":"INFO","time":"2024-04-22T17:26:28.466+0800","caller":"internal/demo.go:108","msg":"Shutting down server ..."}
{"level":"INFO","time":"2024-04-22T17:26:28.466+0800","caller":"internal/demo.go:108","msg":"Server exiting"}
{"level":"INFO","time":"2024-04-22T17:49:01.191+0800","caller":"internal/demo.go:87","msg":"config","model":"debug"}
{"level":"INFO","time":"2024-04-22T17:49:01.308+0800","caller":"internal/demo.go:101","msg":"Start to listening the incoming requests on http address","addr":":8082"}
{"level":"INFO","time":"2024-04-22T17:49:01.308+0800","caller":"internal/demo.go:107","msg":"Start to listening the incoming requests on grpc address","addr":":9092"}
{"level":"INFO","time":"2024-04-22T17:49:27.390+0800","caller":"internal/demo.go:108","msg":"Shutting down server ..."}
{"level":"INFO","time":"2024-04-22T17:49:27.390+0800","caller":"internal/demo.go:108","msg":"Server exiting"}
{"level":"INFO","time":"2024-04-22T17:49:33.112+0800","caller":"internal/demo.go:87","msg":"config","model":"release"}
{"level":"INFO","time":"2024-04-22T17:49:33.200+0800","caller":"internal/demo.go:101","msg":"Start to listening the incoming requests on http address","addr":":8082"}
{"level":"INFO","time":"2024-04-22T17:49:33.200+0800","caller":"internal/demo.go:107","msg":"Start to listening the incoming requests on grpc address","addr":":9092"}
{"level":"INFO","time":"2024-04-22T18:01:58.136+0800","caller":"internal/demo.go:108","msg":"Shutting down server ..."}
{"level":"INFO","time":"2024-04-22T18:01:58.136+0800","caller":"internal/demo.go:108","msg":"Server exiting"}
