
[2021-04-03 23:37:54] [operation_prod] [ERROR] [main]  org.springframework.boot.SpringApplication-Application run failed
org.springframework.beans.factory.BeanCreationException: Error creating bean with name 'messageListener' defined in file [D:\webProject\demo\producer\target\classes\cn\jxau\producer\listener\MessageListener.class]: Initialization of bean failed; nested exception is java.lang.IllegalArgumentException: Could not resolve placeholder 'rabbitmq.key' in value "${rabbitmq.key}"
	at org.springframework.beans.factory.support.AbstractAutowireCapableBeanFactory.doCreateBean(AbstractAutowireCapableBeanFactory.java:603)
	at org.springframework.beans.factory.support.AbstractAutowireCapableBeanFactory.createBean(AbstractAutowireCapableBeanFactory.java:517)
	at org.springframework.beans.factory.support.AbstractBeanFactory.lambda$doGetBean$0(AbstractBeanFactory.java:323)
	at org.springframework.beans.factory.support.DefaultSingletonBeanRegistry.getSingleton(DefaultSingletonBeanRegistry.java:222)
	at org.springframework.beans.factory.support.AbstractBeanFactory.doGetBean(AbstractBeanFactory.java:321)
	at org.springframework.beans.factory.support.AbstractBeanFactory.getBean(AbstractBeanFactory.java:202)
	at org.springframework.beans.factory.support.DefaultListableBeanFactory.preInstantiateSingletons(DefaultListableBeanFactory.java:879)
	at org.springframework.context.support.AbstractApplicationContext.finishBeanFactoryInitialization(AbstractApplicationContext.java:878)
	at org.springframework.context.support.AbstractApplicationContext.refresh(AbstractApplicationContext.java:550)
	at org.springframework.boot.web.servlet.context.ServletWebServerApplicationContext.refresh(ServletWebServerApplicationContext.java:141)
	at org.springframework.boot.SpringApplication.refresh(SpringApplication.java:747)
	at org.springframework.boot.SpringApplication.refreshContext(SpringApplication.java:397)
	at org.springframework.boot.SpringApplication.run(SpringApplication.java:315)
	at org.springframework.boot.SpringApplication.run(SpringApplication.java:1226)
	at org.springframework.boot.SpringApplication.run(SpringApplication.java:1215)
	at cn.jxau.producer.App.main(App.java:14)
Caused by: java.lang.IllegalArgumentException: Could not resolve placeholder 'rabbitmq.key' in value "${rabbitmq.key}"
	at org.springframework.util.PropertyPlaceholderHelper.parseStringValue(PropertyPlaceholderHelper.java:178)
	at org.springframework.util.PropertyPlaceholderHelper.replacePlaceholders(PropertyPlaceholderHelper.java:124)
	at org.springframework.core.env.AbstractPropertyResolver.doResolvePlaceholders(AbstractPropertyResolver.java:236)
	at org.springframework.core.env.AbstractPropertyResolver.resolveRequiredPlaceholders(AbstractPropertyResolver.java:210)
	at org.springframework.context.support.PropertySourcesPlaceholderConfigurer.lambda$processProperties$0(PropertySourcesPlaceholderConfigurer.java:175)
	at org.springframework.beans.factory.support.AbstractBeanFactory.resolveEmbeddedValue(AbstractBeanFactory.java:908)
	at org.springframework.amqp.rabbit.annotation.RabbitListenerAnnotationBeanPostProcessor.resolve(RabbitListenerAnnotationBeanPostProcessor.java:853)
	at org.springframework.amqp.rabbit.annotation.RabbitListenerAnnotationBeanPostProcessor.resolveExpression(RabbitListenerAnnotationBeanPostProcessor.java:840)
	at org.springframework.amqp.rabbit.annotation.RabbitListenerAnnotationBeanPostProcessor.registerBindings(RabbitListenerAnnotationBeanPostProcessor.java:705)
	at org.springframework.amqp.rabbit.annotation.RabbitListenerAnnotationBeanPostProcessor.declareExchangeAndBinding(RabbitListenerAnnotationBeanPostProcessor.java:693)
	at org.springframework.amqp.rabbit.annotation.RabbitListenerAnnotationBeanPostProcessor.registerBeansForDeclaration(RabbitListenerAnnotationBeanPostProcessor.java:620)
	at org.springframework.amqp.rabbit.annotation.RabbitListenerAnnotationBeanPostProcessor.resolveQueues(RabbitListenerAnnotationBeanPostProcessor.java:582)
	at org.springframework.amqp.rabbit.annotation.RabbitListenerAnnotationBeanPostProcessor.processListener(RabbitListenerAnnotationBeanPostProcessor.java:430)
	at org.springframework.amqp.rabbit.annotation.RabbitListenerAnnotationBeanPostProcessor.processAmqpListener(RabbitListenerAnnotationBeanPostProcessor.java:389)
	at org.springframework.amqp.rabbit.annotation.RabbitListenerAnnotationBeanPostProcessor.postProcessAfterInitialization(RabbitListenerAnnotationBeanPostProcessor.java:295)
	at org.springframework.beans.factory.support.AbstractAutowireCapableBeanFactory.applyBeanPostProcessorsAfterInitialization(AbstractAutowireCapableBeanFactory.java:431)
	at org.springframework.beans.factory.support.AbstractAutowireCapableBeanFactory.initializeBean(AbstractAutowireCapableBeanFactory.java:1800)
	at org.springframework.beans.factory.support.AbstractAutowireCapableBeanFactory.doCreateBean(AbstractAutowireCapableBeanFactory.java:595)
	... 15 common frames omitted
