
[2021-04-12 14:42:17] [operation_prod] [INFO] [main]  org.apache.dubbo.common.logger.LoggerFactory-using logger: org.apache.dubbo.common.logger.log4j.Log4jLoggerAdapter

[2021-04-12 14:42:17] [operation_prod] [INFO] [main]  o.a.d.s.boot.context.event.WelcomeLogoApplicationListener-

 :: Dubbo Spring Boot (v2.7.3) : https://github.com/apache/dubbo-spring-boot-project
 :: Dubbo (v2.7.3) : https://github.com/apache/incubator-dubbo
 :: Discuss group : dev@dubbo.apache.org


[2021-04-12 14:42:17] [operation_prod] [INFO] [main]  o.a.d.s.b.c.event.OverrideDubboConfigApplicationListener-Dubbo Config was overridden by externalized configuration {dubbo.application.logger=slf4j, dubbo.application.qos-enable=false, dubbo.config.multiple=true}

[2021-04-12 14:42:17] [operation_prod] [INFO] [main]  cn.jxau.producer.App-Starting App on DESKTOP-6CRAUAT with PID 17908 (D:\webProject\demo\producer\target\classes started by acer-L in D:\webProject\demo)

[2021-04-12 14:42:17] [operation_prod] [INFO] [main]  cn.jxau.producer.App-No active profile set, falling back to default profiles: default

[2021-04-12 14:42:19] [operation_prod] [INFO] [main]  o.a.d.c.s.context.annotation.DubboConfigBindingRegistrar-The dubbo config bean definition [name : org.apache.dubbo.config.ApplicationConfig#0, class : org.apache.dubbo.config.ApplicationConfig] has been registered.

[2021-04-12 14:42:19] [operation_prod] [INFO] [main]  o.a.d.c.s.context.annotation.DubboConfigBindingRegistrar-The BeanPostProcessor bean definition [org.apache.dubbo.config.spring.beans.factory.annotation.DubboConfigBindingBeanPostProcessor] for dubbo config bean [name : org.apache.dubbo.config.ApplicationConfig#0] has been registered.

[2021-04-12 14:42:21] [operation_prod] [INFO] [main]  org.apache.coyote.http11.Http11NioProtocol-Initializing ProtocolHandler ["http-nio-8082"]

[2021-04-12 14:42:21] [operation_prod] [INFO] [main]  org.apache.catalina.core.StandardService-Starting service [Tomcat]

[2021-04-12 14:42:21] [operation_prod] [INFO] [main]  org.apache.catalina.core.StandardEngine-Starting Servlet engine: [Apache Tomcat/9.0.29]

[2021-04-12 14:42:21] [operation_prod] [INFO] [main]  o.a.catalina.core.ContainerBase.[Tomcat].[localhost].[/]-Initializing Spring embedded WebApplicationContext

[2021-04-12 14:42:22] [operation_prod] [INFO] [main]  o.a.d.c.s.b.f.a.ReferenceAnnotationBeanPostProcessor-class org.apache.dubbo.config.spring.beans.factory.annotation.ReferenceAnnotationBeanPostProcessor was destroying!

[2021-04-12 14:42:22] [operation_prod] [INFO] [main]  org.apache.catalina.core.StandardService-Stopping service [Tomcat]

[2021-04-12 14:42:22] [operation_prod] [ERROR] [main]  o.s.boot.diagnostics.LoggingFailureAnalysisReporter-

***************************
APPLICATION FAILED TO START
***************************

Description:

Field foodService in cn.jxau.producer.controller.RedisController required a bean of type 'cn.jxau.producer.services.FoodService' that could not be found.

The injection point has the following annotations:
	- @org.springframework.beans.factory.annotation.Autowired(required=true)


Action:

Consider defining a bean of type 'cn.jxau.producer.services.FoodService' in your configuration.


[2021-04-12 14:43:06] [operation_prod] [INFO] [main]  org.apache.dubbo.common.logger.LoggerFactory-using logger: org.apache.dubbo.common.logger.log4j.Log4jLoggerAdapter

[2021-04-12 14:43:06] [operation_prod] [INFO] [main]  o.a.d.s.boot.context.event.WelcomeLogoApplicationListener-

 :: Dubbo Spring Boot (v2.7.3) : https://github.com/apache/dubbo-spring-boot-project
 :: Dubbo (v2.7.3) : https://github.com/apache/incubator-dubbo
 :: Discuss group : dev@dubbo.apache.org


[2021-04-12 14:43:06] [operation_prod] [INFO] [main]  o.a.d.s.b.c.event.OverrideDubboConfigApplicationListener-Dubbo Config was overridden by externalized configuration {dubbo.application.logger=slf4j, dubbo.application.qos-enable=false, dubbo.config.multiple=true}

[2021-04-12 14:43:06] [operation_prod] [INFO] [main]  cn.jxau.producer.App-Starting App on DESKTOP-6CRAUAT with PID 924 (D:\webProject\demo\producer\target\classes started by acer-L in D:\webProject\demo)

[2021-04-12 14:43:06] [operation_prod] [INFO] [main]  cn.jxau.producer.App-No active profile set, falling back to default profiles: default

[2021-04-12 14:43:07] [operation_prod] [INFO] [main]  o.a.d.c.s.context.annotation.DubboConfigBindingRegistrar-The dubbo config bean definition [name : org.apache.dubbo.config.ApplicationConfig#0, class : org.apache.dubbo.config.ApplicationConfig] has been registered.

[2021-04-12 14:43:07] [operation_prod] [INFO] [main]  o.a.d.c.s.context.annotation.DubboConfigBindingRegistrar-The BeanPostProcessor bean definition [org.apache.dubbo.config.spring.beans.factory.annotation.DubboConfigBindingBeanPostProcessor] for dubbo config bean [name : org.apache.dubbo.config.ApplicationConfig#0] has been registered.

[2021-04-12 14:43:07] [operation_prod] [INFO] [main]  org.apache.coyote.http11.Http11NioProtocol-Initializing ProtocolHandler ["http-nio-8082"]

[2021-04-12 14:43:07] [operation_prod] [INFO] [main]  org.apache.catalina.core.StandardService-Starting service [Tomcat]

[2021-04-12 14:43:07] [operation_prod] [INFO] [main]  org.apache.catalina.core.StandardEngine-Starting Servlet engine: [Apache Tomcat/9.0.29]

[2021-04-12 14:43:07] [operation_prod] [INFO] [main]  o.a.catalina.core.ContainerBase.[Tomcat].[localhost].[/]-Initializing Spring embedded WebApplicationContext

[2021-04-12 14:43:08] [operation_prod] [INFO] [main]  o.a.d.c.s.b.f.a.ReferenceAnnotationBeanPostProcessor-class org.apache.dubbo.config.spring.beans.factory.annotation.ReferenceAnnotationBeanPostProcessor was destroying!

[2021-04-12 14:43:08] [operation_prod] [INFO] [main]  org.apache.catalina.core.StandardService-Stopping service [Tomcat]

[2021-04-12 14:43:08] [operation_prod] [ERROR] [main]  org.springframework.boot.SpringApplication-Application run failed
org.springframework.beans.factory.UnsatisfiedDependencyException: Error creating bean with name 'itemMapper' defined in file [D:\webProject\demo\producer\target\classes\cn\jxau\producer\mapper\ItemMapper.class]: Unsatisfied dependency expressed through bean property 'sqlSessionFactory'; nested exception is org.springframework.beans.factory.BeanCreationException: Error creating bean with name 'sqlSessionFactory' defined in class path resource [org/mybatis/spring/boot/autoconfigure/MybatisAutoConfiguration.class]: Bean instantiation via factory method failed; nested exception is org.springframework.beans.BeanInstantiationException: Failed to instantiate [org.apache.ibatis.session.SqlSessionFactory]: Factory method 'sqlSessionFactory' threw exception; nested exception is org.springframework.core.NestedIOException: Failed to parse mapping resource: 'file [D:\webProject\demo\producer\target\classes\mapper\FoodDao.xml]'; nested exception is org.apache.ibatis.builder.BuilderException: Error parsing Mapper XML. Cause: org.apache.ibatis.builder.BuilderException: Error resolving class. Cause: org.apache.ibatis.type.TypeException: Could not resolve type alias 'cn.jxau.producer.entity.Food'.  Cause: java.lang.ClassNotFoundException: Cannot find class: cn.jxau.producer.entity.Food
	at org.springframework.beans.factory.support.AbstractAutowireCapableBeanFactory.autowireByType(AbstractAutowireCapableBeanFactory.java:1526)
	at org.springframework.beans.factory.support.AbstractAutowireCapableBeanFactory.populateBean(AbstractAutowireCapableBeanFactory.java:1406)
	at org.springframework.beans.factory.support.AbstractAutowireCapableBeanFactory.doCreateBean(AbstractAutowireCapableBeanFactory.java:594)
	at org.springframework.beans.factory.support.AbstractAutowireCapableBeanFactory.createBean(AbstractAutowireCapableBeanFactory.java:517)
	at org.springframework.beans.factory.support.AbstractBeanFactory.lambda$doGetBean$0(AbstractBeanFactory.java:323)
	at org.springframework.beans.factory.support.DefaultSingletonBeanRegistry.getSingleton(DefaultSingletonBeanRegistry.java:222)
	at org.springframework.beans.factory.support.AbstractBeanFactory.doGetBean(AbstractBeanFactory.java:321)
	at org.springframework.beans.factory.support.AbstractBeanFactory.getBean(AbstractBeanFactory.java:202)
	at org.springframework.beans.factory.support.DefaultListableBeanFactory.preInstantiateSingletons(DefaultListableBeanFactory.java:860)
	at org.springframework.context.support.AbstractApplicationContext.finishBeanFactoryInitialization(AbstractApplicationContext.java:878)
	at org.springframework.context.support.AbstractApplicationContext.refresh(AbstractApplicationContext.java:550)
	at org.springframework.boot.web.servlet.context.ServletWebServerApplicationContext.refresh(ServletWebServerApplicationContext.java:141)
	at org.springframework.boot.SpringApplication.refresh(SpringApplication.java:747)
	at org.springframework.boot.SpringApplication.refreshContext(SpringApplication.java:397)
	at org.springframework.boot.SpringApplication.run(SpringApplication.java:315)
	at org.springframework.boot.SpringApplication.run(SpringApplication.java:1226)
	at org.springframework.boot.SpringApplication.run(SpringApplication.java:1215)
	at cn.jxau.producer.App.main(App.java:14)
Caused by: org.springframework.beans.factory.BeanCreationException: Error creating bean with name 'sqlSessionFactory' defined in class path resource [org/mybatis/spring/boot/autoconfigure/MybatisAutoConfiguration.class]: Bean instantiation via factory method failed; nested exception is org.springframework.beans.BeanInstantiationException: Failed to instantiate [org.apache.ibatis.session.SqlSessionFactory]: Factory method 'sqlSessionFactory' threw exception; nested exception is org.springframework.core.NestedIOException: Failed to parse mapping resource: 'file [D:\webProject\demo\producer\target\classes\mapper\FoodDao.xml]'; nested exception is org.apache.ibatis.builder.BuilderException: Error parsing Mapper XML. Cause: org.apache.ibatis.builder.BuilderException: Error resolving class. Cause: org.apache.ibatis.type.TypeException: Could not resolve type alias 'cn.jxau.producer.entity.Food'.  Cause: java.lang.ClassNotFoundException: Cannot find class: cn.jxau.producer.entity.Food
	at org.springframework.beans.factory.support.ConstructorResolver.instantiate(ConstructorResolver.java:656)
	at org.springframework.beans.factory.support.ConstructorResolver.instantiateUsingFactoryMethod(ConstructorResolver.java:636)
	at org.springframework.beans.factory.support.AbstractAutowireCapableBeanFactory.instantiateUsingFactoryMethod(AbstractAutowireCapableBeanFactory.java:1338)
	at org.springframework.beans.factory.support.AbstractAutowireCapableBeanFactory.createBeanInstance(AbstractAutowireCapableBeanFactory.java:1177)
	at org.springframework.beans.factory.support.AbstractAutowireCapableBeanFactory.doCreateBean(AbstractAutowireCapableBeanFactory.java:557)
	at org.springframework.beans.factory.support.AbstractAutowireCapableBeanFactory.createBean(AbstractAutowireCapableBeanFactory.java:517)
	at org.springframework.beans.factory.support.AbstractBeanFactory.lambda$doGetBean$0(AbstractBeanFactory.java:323)
	at org.springframework.beans.factory.support.DefaultSingletonBeanRegistry.getSingleton(DefaultSingletonBeanRegistry.java:222)
	at org.springframework.beans.factory.support.AbstractBeanFactory.doGetBean(AbstractBeanFactory.java:321)
	at org.springframework.beans.factory.support.AbstractBeanFactory.getBean(AbstractBeanFactory.java:202)
	at org.springframework.beans.factory.config.DependencyDescriptor.resolveCandidate(DependencyDescriptor.java:276)
	at org.springframework.beans.factory.support.DefaultListableBeanFactory.doResolveDependency(DefaultListableBeanFactory.java:1287)
	at org.springframework.beans.factory.support.DefaultListableBeanFactory.resolveDependency(DefaultListableBeanFactory.java:1207)
	at org.springframework.beans.factory.support.AbstractAutowireCapableBeanFactory.autowireByType(AbstractAutowireCapableBeanFactory.java:1511)
	... 17 common frames omitted
Caused by: org.springframework.beans.BeanInstantiationException: Failed to instantiate [org.apache.ibatis.session.SqlSessionFactory]: Factory method 'sqlSessionFactory' threw exception; nested exception is org.springframework.core.NestedIOException: Failed to parse mapping resource: 'file [D:\webProject\demo\producer\target\classes\mapper\FoodDao.xml]'; nested exception is org.apache.ibatis.builder.BuilderException: Error parsing Mapper XML. Cause: org.apache.ibatis.builder.BuilderException: Error resolving class. Cause: org.apache.ibatis.type.TypeException: Could not resolve type alias 'cn.jxau.producer.entity.Food'.  Cause: java.lang.ClassNotFoundException: Cannot find class: cn.jxau.producer.entity.Food
	at org.springframework.beans.factory.support.SimpleInstantiationStrategy.instantiate(SimpleInstantiationStrategy.java:185)
	at org.springframework.beans.factory.support.ConstructorResolver.instantiate(ConstructorResolver.java:651)
	... 30 common frames omitted
Caused by: org.springframework.core.NestedIOException: Failed to parse mapping resource: 'file [D:\webProject\demo\producer\target\classes\mapper\FoodDao.xml]'; nested exception is org.apache.ibatis.builder.BuilderException: Error parsing Mapper XML. Cause: org.apache.ibatis.builder.BuilderException: Error resolving class. Cause: org.apache.ibatis.type.TypeException: Could not resolve type alias 'cn.jxau.producer.entity.Food'.  Cause: java.lang.ClassNotFoundException: Cannot find class: cn.jxau.producer.entity.Food
	at org.mybatis.spring.SqlSessionFactoryBean.buildSqlSessionFactory(SqlSessionFactoryBean.java:522)
	at org.mybatis.spring.SqlSessionFactoryBean.afterPropertiesSet(SqlSessionFactoryBean.java:381)
	at org.mybatis.spring.SqlSessionFactoryBean.getObject(SqlSessionFactoryBean.java:546)
	at org.mybatis.spring.boot.autoconfigure.MybatisAutoConfiguration.sqlSessionFactory(MybatisAutoConfiguration.java:130)
	at org.mybatis.spring.boot.autoconfigure.MybatisAutoConfiguration$$EnhancerBySpringCGLIB$$9fdf408a.CGLIB$sqlSessionFactory$0(<generated>)
	at org.mybatis.spring.boot.autoconfigure.MybatisAutoConfiguration$$EnhancerBySpringCGLIB$$9fdf408a$$FastClassBySpringCGLIB$$b42429e2.invoke(<generated>)
	at org.springframework.cglib.proxy.MethodProxy.invokeSuper(MethodProxy.java:244)
	at org.springframework.context.annotation.ConfigurationClassEnhancer$BeanMethodInterceptor.intercept(ConfigurationClassEnhancer.java:363)
	at org.mybatis.spring.boot.autoconfigure.MybatisAutoConfiguration$$EnhancerBySpringCGLIB$$9fdf408a.sqlSessionFactory(<generated>)
	at sun.reflect.NativeMethodAccessorImpl.invoke0(Native Method)
	at sun.reflect.NativeMethodAccessorImpl.invoke(NativeMethodAccessorImpl.java:62)
	at sun.reflect.DelegatingMethodAccessorImpl.invoke(DelegatingMethodAccessorImpl.java:43)
	at java.lang.reflect.Method.invoke(Method.java:498)
	at org.springframework.beans.factory.support.SimpleInstantiationStrategy.instantiate(SimpleInstantiationStrategy.java:154)
	... 31 common frames omitted
Caused by: org.apache.ibatis.builder.BuilderException: Error parsing Mapper XML. Cause: org.apache.ibatis.builder.BuilderException: Error resolving class. Cause: org.apache.ibatis.type.TypeException: Could not resolve type alias 'cn.jxau.producer.entity.Food'.  Cause: java.lang.ClassNotFoundException: Cannot find class: cn.jxau.producer.entity.Food
	at org.apache.ibatis.builder.xml.XMLMapperBuilder.configurationElement(XMLMapperBuilder.java:120)
	at org.apache.ibatis.builder.xml.XMLMapperBuilder.parse(XMLMapperBuilder.java:92)
	at org.mybatis.spring.SqlSessionFactoryBean.buildSqlSessionFactory(SqlSessionFactoryBean.java:520)
	... 44 common frames omitted
Caused by: org.apache.ibatis.builder.BuilderException: Error resolving class. Cause: org.apache.ibatis.type.TypeException: Could not resolve type alias 'cn.jxau.producer.entity.Food'.  Cause: java.lang.ClassNotFoundException: Cannot find class: cn.jxau.producer.entity.Food
	at org.apache.ibatis.builder.BaseBuilder.resolveClass(BaseBuilder.java:118)
	at org.apache.ibatis.builder.xml.XMLMapperBuilder.resultMapElement(XMLMapperBuilder.java:265)
	at org.apache.ibatis.builder.xml.XMLMapperBuilder.resultMapElement(XMLMapperBuilder.java:252)
	at org.apache.ibatis.builder.xml.XMLMapperBuilder.resultMapElements(XMLMapperBuilder.java:244)
	at org.apache.ibatis.builder.xml.XMLMapperBuilder.configurationElement(XMLMapperBuilder.java:116)
	... 46 common frames omitted
Caused by: org.apache.ibatis.type.TypeException: Could not resolve type alias 'cn.jxau.producer.entity.Food'.  Cause: java.lang.ClassNotFoundException: Cannot find class: cn.jxau.producer.entity.Food
	at org.apache.ibatis.type.TypeAliasRegistry.resolveAlias(TypeAliasRegistry.java:120)
	at org.apache.ibatis.builder.BaseBuilder.resolveAlias(BaseBuilder.java:149)
	at org.apache.ibatis.builder.BaseBuilder.resolveClass(BaseBuilder.java:116)
	... 50 common frames omitted
Caused by: java.lang.ClassNotFoundException: Cannot find class: cn.jxau.producer.entity.Food
	at org.apache.ibatis.io.ClassLoaderWrapper.classForName(ClassLoaderWrapper.java:200)
	at org.apache.ibatis.io.ClassLoaderWrapper.classForName(ClassLoaderWrapper.java:89)
	at org.apache.ibatis.io.Resources.classForName(Resources.java:261)
	at org.apache.ibatis.type.TypeAliasRegistry.resolveAlias(TypeAliasRegistry.java:116)
	... 52 common frames omitted

[2021-04-12 14:43:44] [operation_prod] [INFO] [main]  org.apache.dubbo.common.logger.LoggerFactory-using logger: org.apache.dubbo.common.logger.log4j.Log4jLoggerAdapter

[2021-04-12 14:43:44] [operation_prod] [INFO] [main]  o.a.d.s.boot.context.event.WelcomeLogoApplicationListener-

 :: Dubbo Spring Boot (v2.7.3) : https://github.com/apache/dubbo-spring-boot-project
 :: Dubbo (v2.7.3) : https://github.com/apache/incubator-dubbo
 :: Discuss group : dev@dubbo.apache.org


[2021-04-12 14:43:44] [operation_prod] [INFO] [main]  o.a.d.s.b.c.event.OverrideDubboConfigApplicationListener-Dubbo Config was overridden by externalized configuration {dubbo.application.logger=slf4j, dubbo.application.qos-enable=false, dubbo.config.multiple=true}

[2021-04-12 14:43:44] [operation_prod] [INFO] [main]  cn.jxau.producer.App-Starting App on DESKTOP-6CRAUAT with PID 31168 (D:\webProject\demo\producer\target\classes started by acer-L in D:\webProject\demo)

[2021-04-12 14:43:44] [operation_prod] [INFO] [main]  cn.jxau.producer.App-No active profile set, falling back to default profiles: default

[2021-04-12 14:43:45] [operation_prod] [INFO] [main]  o.a.d.c.s.context.annotation.DubboConfigBindingRegistrar-The dubbo config bean definition [name : org.apache.dubbo.config.ApplicationConfig#0, class : org.apache.dubbo.config.ApplicationConfig] has been registered.

[2021-04-12 14:43:45] [operation_prod] [INFO] [main]  o.a.d.c.s.context.annotation.DubboConfigBindingRegistrar-The BeanPostProcessor bean definition [org.apache.dubbo.config.spring.beans.factory.annotation.DubboConfigBindingBeanPostProcessor] for dubbo config bean [name : org.apache.dubbo.config.ApplicationConfig#0] has been registered.

[2021-04-12 14:43:45] [operation_prod] [INFO] [main]  org.apache.coyote.http11.Http11NioProtocol-Initializing ProtocolHandler ["http-nio-8082"]

[2021-04-12 14:43:45] [operation_prod] [INFO] [main]  org.apache.catalina.core.StandardService-Starting service [Tomcat]

[2021-04-12 14:43:45] [operation_prod] [INFO] [main]  org.apache.catalina.core.StandardEngine-Starting Servlet engine: [Apache Tomcat/9.0.29]

[2021-04-12 14:43:45] [operation_prod] [INFO] [main]  o.a.catalina.core.ContainerBase.[Tomcat].[localhost].[/]-Initializing Spring embedded WebApplicationContext

[2021-04-12 14:43:47] [operation_prod] [WARN] [main]  o.a.dubbo.config.spring.extension.SpringExtensionFactory- [DUBBO] No spring extension (bean) named:level, try to find an extension (bean) of type org.apache.dubbo.common.logger.Level, dubbo version: 2.7.3, current host: 192.168.102.1

[2021-04-12 14:43:47] [operation_prod] [WARN] [main]  o.a.dubbo.config.spring.extension.SpringExtensionFactory- [DUBBO] No spring extension (bean) named:level, type:org.apache.dubbo.common.logger.Level found, stop get bean., dubbo version: 2.7.3, current host: 192.168.102.1

[2021-04-12 14:43:47] [operation_prod] [WARN] [main]  o.a.dubbo.config.spring.extension.SpringExtensionFactory- [DUBBO] No spring extension (bean) named:file, try to find an extension (bean) of type java.io.File, dubbo version: 2.7.3, current host: 192.168.102.1

[2021-04-12 14:43:47] [operation_prod] [WARN] [main]  o.a.dubbo.config.spring.extension.SpringExtensionFactory- [DUBBO] No spring extension (bean) named:file, type:java.io.File found, stop get bean., dubbo version: 2.7.3, current host: 192.168.102.1

[2021-04-12 14:43:47] [operation_prod] [INFO] [main]  org.apache.dubbo.common.logger.LoggerFactory-using logger: org.apache.dubbo.common.logger.slf4j.Slf4jLoggerAdapter

[2021-04-12 14:43:47] [operation_prod] [INFO] [main]  o.a.d.c.s.b.f.annotation.DubboConfigBindingBeanPostProcessor-The properties of bean [name : org.apache.dubbo.config.ApplicationConfig#0] have been binding by prefix of configuration properties : dubbo.application

[2021-04-12 14:43:47] [operation_prod] [INFO] [main]  org.apache.dubbo.common.logger.LoggerFactory-using logger: org.apache.dubbo.common.logger.slf4j.Slf4jLoggerAdapter

[2021-04-12 14:43:48] [operation_prod] [INFO] [main]  org.apache.coyote.http11.Http11NioProtocol-Starting ProtocolHandler ["http-nio-8082"]

[2021-04-12 14:43:48] [operation_prod] [INFO] [main]  cn.jxau.producer.App-Started App in 4.889 seconds (JVM running for 6.508)

[2021-04-12 14:44:30] [operation_prod] [INFO] [http-nio-8082-exec-2]  org.apache.coyote.http11.Http11Processor-Error parsing HTTP request header
 Note: further occurrences of HTTP request parsing errors will be logged at DEBUG level.
java.lang.IllegalArgumentException: Invalid character found in method name. HTTP method names must be tokens
	at org.apache.coyote.http11.Http11InputBuffer.parseRequestLine(Http11InputBuffer.java:415)
	at org.apache.coyote.http11.Http11Processor.service(Http11Processor.java:260)
	at org.apache.coyote.AbstractProcessorLight.process(AbstractProcessorLight.java:65)
	at org.apache.coyote.AbstractProtocol$ConnectionHandler.process(AbstractProtocol.java:860)
	at org.apache.tomcat.util.net.NioEndpoint$SocketProcessor.doRun(NioEndpoint.java:1591)
	at org.apache.tomcat.util.net.SocketProcessorBase.run(SocketProcessorBase.java:49)
	at java.util.concurrent.ThreadPoolExecutor.runWorker(ThreadPoolExecutor.java:1149)
	at java.util.concurrent.ThreadPoolExecutor$Worker.run(ThreadPoolExecutor.java:624)
	at org.apache.tomcat.util.threads.TaskThread$WrappingRunnable.run(TaskThread.java:61)
	at java.lang.Thread.run(Thread.java:748)

[2021-04-12 14:46:06] [operation_prod] [INFO] [http-nio-8082-exec-8]  o.a.catalina.core.ContainerBase.[Tomcat].[localhost].[/]-Initializing Spring DispatcherServlet 'dispatcherServlet'

[2021-04-12 14:46:54] [operation_prod] [INFO] [main]  org.apache.dubbo.common.logger.LoggerFactory-using logger: org.apache.dubbo.common.logger.log4j.Log4jLoggerAdapter

[2021-04-12 14:46:54] [operation_prod] [INFO] [main]  o.a.d.s.boot.context.event.WelcomeLogoApplicationListener-

 :: Dubbo Spring Boot (v2.7.3) : https://github.com/apache/dubbo-spring-boot-project
 :: Dubbo (v2.7.3) : https://github.com/apache/incubator-dubbo
 :: Discuss group : dev@dubbo.apache.org


[2021-04-12 14:46:54] [operation_prod] [INFO] [main]  o.a.d.s.b.c.event.OverrideDubboConfigApplicationListener-Dubbo Config was overridden by externalized configuration {dubbo.application.logger=slf4j, dubbo.application.qos-enable=false, dubbo.config.multiple=true}

[2021-04-12 14:46:54] [operation_prod] [INFO] [main]  cn.jxau.producer.App-Starting App on DESKTOP-6CRAUAT with PID 2656 (D:\webProject\demo\producer\target\classes started by acer-L in D:\webProject\demo)

[2021-04-12 14:46:54] [operation_prod] [INFO] [main]  cn.jxau.producer.App-No active profile set, falling back to default profiles: default

[2021-04-12 14:46:55] [operation_prod] [INFO] [main]  o.a.d.c.s.context.annotation.DubboConfigBindingRegistrar-The dubbo config bean definition [name : org.apache.dubbo.config.ApplicationConfig#0, class : org.apache.dubbo.config.ApplicationConfig] has been registered.

[2021-04-12 14:46:55] [operation_prod] [INFO] [main]  o.a.d.c.s.context.annotation.DubboConfigBindingRegistrar-The BeanPostProcessor bean definition [org.apache.dubbo.config.spring.beans.factory.annotation.DubboConfigBindingBeanPostProcessor] for dubbo config bean [name : org.apache.dubbo.config.ApplicationConfig#0] has been registered.

[2021-04-12 14:46:56] [operation_prod] [INFO] [main]  org.apache.coyote.http11.Http11NioProtocol-Initializing ProtocolHandler ["http-nio-8082"]

[2021-04-12 14:46:56] [operation_prod] [INFO] [main]  org.apache.catalina.core.StandardService-Starting service [Tomcat]

[2021-04-12 14:46:56] [operation_prod] [INFO] [main]  org.apache.catalina.core.StandardEngine-Starting Servlet engine: [Apache Tomcat/9.0.29]

[2021-04-12 14:46:56] [operation_prod] [INFO] [main]  o.a.catalina.core.ContainerBase.[Tomcat].[localhost].[/]-Initializing Spring embedded WebApplicationContext

[2021-04-12 14:46:57] [operation_prod] [WARN] [main]  o.a.dubbo.config.spring.extension.SpringExtensionFactory- [DUBBO] No spring extension (bean) named:level, try to find an extension (bean) of type org.apache.dubbo.common.logger.Level, dubbo version: 2.7.3, current host: 192.168.102.1

[2021-04-12 14:46:57] [operation_prod] [WARN] [main]  o.a.dubbo.config.spring.extension.SpringExtensionFactory- [DUBBO] No spring extension (bean) named:level, type:org.apache.dubbo.common.logger.Level found, stop get bean., dubbo version: 2.7.3, current host: 192.168.102.1

[2021-04-12 14:46:57] [operation_prod] [WARN] [main]  o.a.dubbo.config.spring.extension.SpringExtensionFactory- [DUBBO] No spring extension (bean) named:file, try to find an extension (bean) of type java.io.File, dubbo version: 2.7.3, current host: 192.168.102.1

[2021-04-12 14:46:57] [operation_prod] [WARN] [main]  o.a.dubbo.config.spring.extension.SpringExtensionFactory- [DUBBO] No spring extension (bean) named:file, type:java.io.File found, stop get bean., dubbo version: 2.7.3, current host: 192.168.102.1

[2021-04-12 14:46:57] [operation_prod] [INFO] [main]  org.apache.dubbo.common.logger.LoggerFactory-using logger: org.apache.dubbo.common.logger.slf4j.Slf4jLoggerAdapter

[2021-04-12 14:46:57] [operation_prod] [INFO] [main]  o.a.d.c.s.b.f.annotation.DubboConfigBindingBeanPostProcessor-The properties of bean [name : org.apache.dubbo.config.ApplicationConfig#0] have been binding by prefix of configuration properties : dubbo.application

[2021-04-12 14:46:57] [operation_prod] [INFO] [main]  org.apache.dubbo.common.logger.LoggerFactory-using logger: org.apache.dubbo.common.logger.slf4j.Slf4jLoggerAdapter

[2021-04-12 14:46:58] [operation_prod] [INFO] [main]  org.apache.coyote.http11.Http11NioProtocol-Starting ProtocolHandler ["http-nio-8082"]

[2021-04-12 14:46:58] [operation_prod] [INFO] [main]  org.apache.coyote.http11.Http11NioProtocol-Pausing ProtocolHandler ["http-nio-8082"]

[2021-04-12 14:46:58] [operation_prod] [INFO] [main]  org.apache.catalina.core.StandardService-Stopping service [Tomcat]

[2021-04-12 14:46:58] [operation_prod] [INFO] [main]  org.apache.coyote.http11.Http11NioProtocol-Stopping ProtocolHandler ["http-nio-8082"]

[2021-04-12 14:46:58] [operation_prod] [INFO] [main]  org.apache.coyote.http11.Http11NioProtocol-Destroying ProtocolHandler ["http-nio-8082"]

[2021-04-12 14:46:58] [operation_prod] [ERROR] [main]  o.s.boot.diagnostics.LoggingFailureAnalysisReporter-

***************************
APPLICATION FAILED TO START
***************************

Description:

Web server failed to start. Port 8082 was already in use.

Action:

Identify and stop the process that's listening on port 8082 or configure this application to listen on another port.


[2021-04-12 14:46:58] [operation_prod] [INFO] [main]  o.a.d.s.boot.context.event.AwaitingNonWebApplicationListener- [Dubbo] Current Spring Boot Application is about to shutdown...

[2021-04-12 14:46:59] [operation_prod] [INFO] [main]  o.a.d.c.s.b.f.a.ReferenceAnnotationBeanPostProcessor-class org.apache.dubbo.config.spring.beans.factory.annotation.ReferenceAnnotationBeanPostProcessor was destroying!

[2021-04-12 14:47:00] [operation_prod] [INFO] [DubboShutdownHook]  org.apache.dubbo.config.DubboShutdownHook- [DUBBO] Run shutdown hook now., dubbo version: 2.7.3, current host: 192.168.102.1

[2021-04-12 14:47:00] [operation_prod] [INFO] [DubboShutdownHook]  org.apache.dubbo.registry.support.AbstractRegistryFactory- [DUBBO] Close all registries [], dubbo version: 2.7.3, current host: 192.168.102.1

[2021-04-12 14:47:37] [operation_prod] [INFO] [main]  org.apache.dubbo.common.logger.LoggerFactory-using logger: org.apache.dubbo.common.logger.log4j.Log4jLoggerAdapter

[2021-04-12 14:47:37] [operation_prod] [INFO] [main]  o.a.d.s.boot.context.event.WelcomeLogoApplicationListener-

 :: Dubbo Spring Boot (v2.7.3) : https://github.com/apache/dubbo-spring-boot-project
 :: Dubbo (v2.7.3) : https://github.com/apache/incubator-dubbo
 :: Discuss group : dev@dubbo.apache.org


[2021-04-12 14:47:37] [operation_prod] [INFO] [main]  o.a.d.s.b.c.event.OverrideDubboConfigApplicationListener-Dubbo Config was overridden by externalized configuration {dubbo.application.logger=slf4j, dubbo.application.qos-enable=false, dubbo.config.multiple=true}

[2021-04-12 14:47:37] [operation_prod] [INFO] [main]  cn.jxau.producer.App-Starting App on DESKTOP-6CRAUAT with PID 3192 (D:\webProject\demo\producer\target\classes started by acer-L in D:\webProject\demo)

[2021-04-12 14:47:37] [operation_prod] [INFO] [main]  cn.jxau.producer.App-No active profile set, falling back to default profiles: default

[2021-04-12 14:47:38] [operation_prod] [INFO] [main]  o.a.d.c.s.context.annotation.DubboConfigBindingRegistrar-The dubbo config bean definition [name : org.apache.dubbo.config.ApplicationConfig#0, class : org.apache.dubbo.config.ApplicationConfig] has been registered.

[2021-04-12 14:47:38] [operation_prod] [INFO] [main]  o.a.d.c.s.context.annotation.DubboConfigBindingRegistrar-The BeanPostProcessor bean definition [org.apache.dubbo.config.spring.beans.factory.annotation.DubboConfigBindingBeanPostProcessor] for dubbo config bean [name : org.apache.dubbo.config.ApplicationConfig#0] has been registered.

[2021-04-12 14:47:39] [operation_prod] [INFO] [main]  org.apache.coyote.http11.Http11NioProtocol-Initializing ProtocolHandler ["http-nio-8082"]

[2021-04-12 14:47:39] [operation_prod] [INFO] [main]  org.apache.catalina.core.StandardService-Starting service [Tomcat]

[2021-04-12 14:47:39] [operation_prod] [INFO] [main]  org.apache.catalina.core.StandardEngine-Starting Servlet engine: [Apache Tomcat/9.0.29]

[2021-04-12 14:47:39] [operation_prod] [INFO] [main]  o.a.catalina.core.ContainerBase.[Tomcat].[localhost].[/]-Initializing Spring embedded WebApplicationContext

[2021-04-12 14:47:40] [operation_prod] [WARN] [main]  o.a.dubbo.config.spring.extension.SpringExtensionFactory- [DUBBO] No spring extension (bean) named:level, try to find an extension (bean) of type org.apache.dubbo.common.logger.Level, dubbo version: 2.7.3, current host: 192.168.102.1

[2021-04-12 14:47:40] [operation_prod] [WARN] [main]  o.a.dubbo.config.spring.extension.SpringExtensionFactory- [DUBBO] No spring extension (bean) named:level, type:org.apache.dubbo.common.logger.Level found, stop get bean., dubbo version: 2.7.3, current host: 192.168.102.1

[2021-04-12 14:47:40] [operation_prod] [WARN] [main]  o.a.dubbo.config.spring.extension.SpringExtensionFactory- [DUBBO] No spring extension (bean) named:file, try to find an extension (bean) of type java.io.File, dubbo version: 2.7.3, current host: 192.168.102.1

[2021-04-12 14:47:40] [operation_prod] [WARN] [main]  o.a.dubbo.config.spring.extension.SpringExtensionFactory- [DUBBO] No spring extension (bean) named:file, type:java.io.File found, stop get bean., dubbo version: 2.7.3, current host: 192.168.102.1

[2021-04-12 14:47:40] [operation_prod] [INFO] [main]  org.apache.dubbo.common.logger.LoggerFactory-using logger: org.apache.dubbo.common.logger.slf4j.Slf4jLoggerAdapter

[2021-04-12 14:47:40] [operation_prod] [INFO] [main]  o.a.d.c.s.b.f.annotation.DubboConfigBindingBeanPostProcessor-The properties of bean [name : org.apache.dubbo.config.ApplicationConfig#0] have been binding by prefix of configuration properties : dubbo.application

[2021-04-12 14:47:40] [operation_prod] [INFO] [main]  org.apache.dubbo.common.logger.LoggerFactory-using logger: org.apache.dubbo.common.logger.slf4j.Slf4jLoggerAdapter

[2021-04-12 14:47:41] [operation_prod] [INFO] [main]  org.apache.coyote.http11.Http11NioProtocol-Starting ProtocolHandler ["http-nio-8082"]

[2021-04-12 14:47:41] [operation_prod] [INFO] [main]  org.apache.coyote.http11.Http11NioProtocol-Pausing ProtocolHandler ["http-nio-8082"]

[2021-04-12 14:47:41] [operation_prod] [INFO] [main]  org.apache.catalina.core.StandardService-Stopping service [Tomcat]

[2021-04-12 14:47:41] [operation_prod] [INFO] [main]  org.apache.coyote.http11.Http11NioProtocol-Stopping ProtocolHandler ["http-nio-8082"]

[2021-04-12 14:47:41] [operation_prod] [INFO] [main]  org.apache.coyote.http11.Http11NioProtocol-Destroying ProtocolHandler ["http-nio-8082"]

[2021-04-12 14:47:41] [operation_prod] [ERROR] [main]  o.s.boot.diagnostics.LoggingFailureAnalysisReporter-

***************************
APPLICATION FAILED TO START
***************************

Description:

Web server failed to start. Port 8082 was already in use.

Action:

Identify and stop the process that's listening on port 8082 or configure this application to listen on another port.


[2021-04-12 14:47:41] [operation_prod] [INFO] [main]  o.a.d.s.boot.context.event.AwaitingNonWebApplicationListener- [Dubbo] Current Spring Boot Application is about to shutdown...

[2021-04-12 14:47:42] [operation_prod] [INFO] [main]  o.a.d.c.s.b.f.a.ReferenceAnnotationBeanPostProcessor-class org.apache.dubbo.config.spring.beans.factory.annotation.ReferenceAnnotationBeanPostProcessor was destroying!

[2021-04-12 14:47:43] [operation_prod] [INFO] [DubboShutdownHook]  org.apache.dubbo.config.DubboShutdownHook- [DUBBO] Run shutdown hook now., dubbo version: 2.7.3, current host: 192.168.102.1

[2021-04-12 14:47:43] [operation_prod] [INFO] [DubboShutdownHook]  org.apache.dubbo.registry.support.AbstractRegistryFactory- [DUBBO] Close all registries [], dubbo version: 2.7.3, current host: 192.168.102.1

[2021-04-12 14:48:18] [operation_prod] [INFO] [main]  org.apache.dubbo.common.logger.LoggerFactory-using logger: org.apache.dubbo.common.logger.log4j.Log4jLoggerAdapter

[2021-04-12 14:48:18] [operation_prod] [INFO] [main]  o.a.d.s.boot.context.event.WelcomeLogoApplicationListener-

 :: Dubbo Spring Boot (v2.7.3) : https://github.com/apache/dubbo-spring-boot-project
 :: Dubbo (v2.7.3) : https://github.com/apache/incubator-dubbo
 :: Discuss group : dev@dubbo.apache.org


[2021-04-12 14:48:18] [operation_prod] [INFO] [main]  o.a.d.s.b.c.event.OverrideDubboConfigApplicationListener-Dubbo Config was overridden by externalized configuration {dubbo.application.logger=slf4j, dubbo.application.qos-enable=false, dubbo.config.multiple=true}

[2021-04-12 14:48:19] [operation_prod] [INFO] [main]  cn.jxau.producer.App-Starting App on DESKTOP-6CRAUAT with PID 31784 (D:\webProject\demo\producer\target\classes started by acer-L in D:\webProject\demo)

[2021-04-12 14:48:19] [operation_prod] [INFO] [main]  cn.jxau.producer.App-No active profile set, falling back to default profiles: default

[2021-04-12 14:48:19] [operation_prod] [INFO] [main]  o.a.d.c.s.context.annotation.DubboConfigBindingRegistrar-The dubbo config bean definition [name : org.apache.dubbo.config.ApplicationConfig#0, class : org.apache.dubbo.config.ApplicationConfig] has been registered.

[2021-04-12 14:48:19] [operation_prod] [INFO] [main]  o.a.d.c.s.context.annotation.DubboConfigBindingRegistrar-The BeanPostProcessor bean definition [org.apache.dubbo.config.spring.beans.factory.annotation.DubboConfigBindingBeanPostProcessor] for dubbo config bean [name : org.apache.dubbo.config.ApplicationConfig#0] has been registered.

[2021-04-12 14:48:20] [operation_prod] [INFO] [main]  org.apache.coyote.http11.Http11NioProtocol-Initializing ProtocolHandler ["http-nio-8082"]

[2021-04-12 14:48:20] [operation_prod] [INFO] [main]  org.apache.catalina.core.StandardService-Starting service [Tomcat]

[2021-04-12 14:48:20] [operation_prod] [INFO] [main]  org.apache.catalina.core.StandardEngine-Starting Servlet engine: [Apache Tomcat/9.0.29]

[2021-04-12 14:48:20] [operation_prod] [INFO] [main]  o.a.catalina.core.ContainerBase.[Tomcat].[localhost].[/]-Initializing Spring embedded WebApplicationContext

[2021-04-12 14:48:21] [operation_prod] [WARN] [main]  o.a.dubbo.config.spring.extension.SpringExtensionFactory- [DUBBO] No spring extension (bean) named:level, try to find an extension (bean) of type org.apache.dubbo.common.logger.Level, dubbo version: 2.7.3, current host: 192.168.102.1

[2021-04-12 14:48:21] [operation_prod] [WARN] [main]  o.a.dubbo.config.spring.extension.SpringExtensionFactory- [DUBBO] No spring extension (bean) named:level, type:org.apache.dubbo.common.logger.Level found, stop get bean., dubbo version: 2.7.3, current host: 192.168.102.1

[2021-04-12 14:48:21] [operation_prod] [WARN] [main]  o.a.dubbo.config.spring.extension.SpringExtensionFactory- [DUBBO] No spring extension (bean) named:file, try to find an extension (bean) of type java.io.File, dubbo version: 2.7.3, current host: 192.168.102.1

[2021-04-12 14:48:21] [operation_prod] [WARN] [main]  o.a.dubbo.config.spring.extension.SpringExtensionFactory- [DUBBO] No spring extension (bean) named:file, type:java.io.File found, stop get bean., dubbo version: 2.7.3, current host: 192.168.102.1

[2021-04-12 14:48:21] [operation_prod] [INFO] [main]  org.apache.dubbo.common.logger.LoggerFactory-using logger: org.apache.dubbo.common.logger.slf4j.Slf4jLoggerAdapter

[2021-04-12 14:48:21] [operation_prod] [INFO] [main]  o.a.d.c.s.b.f.annotation.DubboConfigBindingBeanPostProcessor-The properties of bean [name : org.apache.dubbo.config.ApplicationConfig#0] have been binding by prefix of configuration properties : dubbo.application

[2021-04-12 14:48:22] [operation_prod] [INFO] [main]  org.apache.dubbo.common.logger.LoggerFactory-using logger: org.apache.dubbo.common.logger.slf4j.Slf4jLoggerAdapter

[2021-04-12 14:48:22] [operation_prod] [INFO] [main]  org.apache.coyote.http11.Http11NioProtocol-Starting ProtocolHandler ["http-nio-8082"]

[2021-04-12 14:48:22] [operation_prod] [INFO] [main]  cn.jxau.producer.App-Started App in 4.262 seconds (JVM running for 6.097)

[2021-04-12 14:48:29] [operation_prod] [INFO] [http-nio-8082-exec-3]  o.a.catalina.core.ContainerBase.[Tomcat].[localhost].[/]-Initializing Spring DispatcherServlet 'dispatcherServlet'

[2021-04-12 14:49:07] [operation_prod] [INFO] [DubboShutdownHook]  org.apache.dubbo.config.DubboShutdownHook- [DUBBO] Run shutdown hook now., dubbo version: 2.7.3, current host: 192.168.102.1

[2021-04-12 14:49:07] [operation_prod] [INFO] [SpringContextShutdownHook]  o.a.d.s.boot.context.event.AwaitingNonWebApplicationListener- [Dubbo] Current Spring Boot Application is about to shutdown...

[2021-04-12 14:49:07] [operation_prod] [INFO] [DubboShutdownHook]  org.apache.dubbo.registry.support.AbstractRegistryFactory- [DUBBO] Close all registries [], dubbo version: 2.7.3, current host: 192.168.102.1

[2021-04-12 14:49:07] [operation_prod] [INFO] [SpringContextShutdownHook]  o.a.d.c.s.b.f.a.ReferenceAnnotationBeanPostProcessor-class org.apache.dubbo.config.spring.beans.factory.annotation.ReferenceAnnotationBeanPostProcessor was destroying!

[2021-04-12 14:49:19] [operation_prod] [INFO] [main]  org.apache.dubbo.common.logger.LoggerFactory-using logger: org.apache.dubbo.common.logger.log4j.Log4jLoggerAdapter

[2021-04-12 14:49:19] [operation_prod] [INFO] [main]  o.a.d.s.boot.context.event.WelcomeLogoApplicationListener-

 :: Dubbo Spring Boot (v2.7.3) : https://github.com/apache/dubbo-spring-boot-project
 :: Dubbo (v2.7.3) : https://github.com/apache/incubator-dubbo
 :: Discuss group : dev@dubbo.apache.org


[2021-04-12 14:49:19] [operation_prod] [INFO] [main]  o.a.d.s.b.c.event.OverrideDubboConfigApplicationListener-Dubbo Config was overridden by externalized configuration {dubbo.application.logger=slf4j, dubbo.application.qos-enable=false, dubbo.config.multiple=true}

[2021-04-12 14:49:19] [operation_prod] [INFO] [main]  cn.jxau.producer.App-Starting App on DESKTOP-6CRAUAT with PID 16120 (D:\webProject\demo\producer\target\classes started by acer-L in D:\webProject\demo)

[2021-04-12 14:49:19] [operation_prod] [INFO] [main]  cn.jxau.producer.App-No active profile set, falling back to default profiles: default

[2021-04-12 14:49:19] [operation_prod] [INFO] [main]  o.a.d.c.s.context.annotation.DubboConfigBindingRegistrar-The dubbo config bean definition [name : org.apache.dubbo.config.ApplicationConfig#0, class : org.apache.dubbo.config.ApplicationConfig] has been registered.

[2021-04-12 14:49:19] [operation_prod] [INFO] [main]  o.a.d.c.s.context.annotation.DubboConfigBindingRegistrar-The BeanPostProcessor bean definition [org.apache.dubbo.config.spring.beans.factory.annotation.DubboConfigBindingBeanPostProcessor] for dubbo config bean [name : org.apache.dubbo.config.ApplicationConfig#0] has been registered.

[2021-04-12 14:49:20] [operation_prod] [INFO] [main]  org.apache.coyote.http11.Http11NioProtocol-Initializing ProtocolHandler ["http-nio-8082"]

[2021-04-12 14:49:20] [operation_prod] [INFO] [main]  org.apache.catalina.core.StandardService-Starting service [Tomcat]

[2021-04-12 14:49:20] [operation_prod] [INFO] [main]  org.apache.catalina.core.StandardEngine-Starting Servlet engine: [Apache Tomcat/9.0.29]

[2021-04-12 14:49:20] [operation_prod] [INFO] [main]  o.a.catalina.core.ContainerBase.[Tomcat].[localhost].[/]-Initializing Spring embedded WebApplicationContext

[2021-04-12 14:49:22] [operation_prod] [WARN] [main]  o.a.dubbo.config.spring.extension.SpringExtensionFactory- [DUBBO] No spring extension (bean) named:level, try to find an extension (bean) of type org.apache.dubbo.common.logger.Level, dubbo version: 2.7.3, current host: 192.168.102.1

[2021-04-12 14:49:22] [operation_prod] [WARN] [main]  o.a.dubbo.config.spring.extension.SpringExtensionFactory- [DUBBO] No spring extension (bean) named:level, type:org.apache.dubbo.common.logger.Level found, stop get bean., dubbo version: 2.7.3, current host: 192.168.102.1

[2021-04-12 14:49:22] [operation_prod] [WARN] [main]  o.a.dubbo.config.spring.extension.SpringExtensionFactory- [DUBBO] No spring extension (bean) named:file, try to find an extension (bean) of type java.io.File, dubbo version: 2.7.3, current host: 192.168.102.1

[2021-04-12 14:49:22] [operation_prod] [WARN] [main]  o.a.dubbo.config.spring.extension.SpringExtensionFactory- [DUBBO] No spring extension (bean) named:file, type:java.io.File found, stop get bean., dubbo version: 2.7.3, current host: 192.168.102.1

[2021-04-12 14:49:22] [operation_prod] [INFO] [main]  org.apache.dubbo.common.logger.LoggerFactory-using logger: org.apache.dubbo.common.logger.slf4j.Slf4jLoggerAdapter

[2021-04-12 14:49:22] [operation_prod] [INFO] [main]  o.a.d.c.s.b.f.annotation.DubboConfigBindingBeanPostProcessor-The properties of bean [name : org.apache.dubbo.config.ApplicationConfig#0] have been binding by prefix of configuration properties : dubbo.application

[2021-04-12 14:49:22] [operation_prod] [INFO] [main]  org.apache.dubbo.common.logger.LoggerFactory-using logger: org.apache.dubbo.common.logger.slf4j.Slf4jLoggerAdapter

[2021-04-12 14:49:22] [operation_prod] [INFO] [main]  org.apache.coyote.http11.Http11NioProtocol-Starting ProtocolHandler ["http-nio-8082"]

[2021-04-12 14:49:22] [operation_prod] [INFO] [main]  cn.jxau.producer.App-Started App in 3.887 seconds (JVM running for 5.495)

[2021-04-12 14:49:53] [operation_prod] [INFO] [http-nio-8082-exec-2]  o.a.catalina.core.ContainerBase.[Tomcat].[localhost].[/]-Initializing Spring DispatcherServlet 'dispatcherServlet'

[2021-04-12 14:49:53] [operation_prod] [ERROR] [http-nio-8082-exec-2]  o.a.c.c.C.[Tomcat].[localhost].[/].[dispatcherServlet]-Servlet.service() for servlet [dispatcherServlet] in context with path [] threw exception [Request processing failed; nested exception is cn.jxau.producer.excetion.BaseException] with root cause
cn.jxau.producer.excetion.BaseException: null
	at cn.jxau.producer.services.impl.UserServiceImpl.registerUser(UserServiceImpl.java:28)
	at cn.jxau.producer.controller.UserController.register(UserController.java:28)
	at sun.reflect.NativeMethodAccessorImpl.invoke0(Native Method)
	at sun.reflect.NativeMethodAccessorImpl.invoke(NativeMethodAccessorImpl.java:62)
	at sun.reflect.DelegatingMethodAccessorImpl.invoke(DelegatingMethodAccessorImpl.java:43)
	at java.lang.reflect.Method.invoke(Method.java:498)
	at org.springframework.web.method.support.InvocableHandlerMethod.doInvoke(InvocableHandlerMethod.java:190)
	at org.springframework.web.method.support.InvocableHandlerMethod.invokeForRequest(InvocableHandlerMethod.java:138)
	at org.springframework.web.servlet.mvc.method.annotation.ServletInvocableHandlerMethod.invokeAndHandle(ServletInvocableHandlerMethod.java:106)
	at org.springframework.web.servlet.mvc.method.annotation.RequestMappingHandlerAdapter.invokeHandlerMethod(RequestMappingHandlerAdapter.java:888)
	at org.springframework.web.servlet.mvc.method.annotation.RequestMappingHandlerAdapter.handleInternal(RequestMappingHandlerAdapter.java:793)
	at org.springframework.web.servlet.mvc.method.AbstractHandlerMethodAdapter.handle(AbstractHandlerMethodAdapter.java:87)
	at org.springframework.web.servlet.DispatcherServlet.doDispatch(DispatcherServlet.java:1040)
	at org.springframework.web.servlet.DispatcherServlet.doService(DispatcherServlet.java:943)
	at org.springframework.web.servlet.FrameworkServlet.processRequest(FrameworkServlet.java:1006)
	at org.springframework.web.servlet.FrameworkServlet.doGet(FrameworkServlet.java:898)
	at javax.servlet.http.HttpServlet.service(HttpServlet.java:634)
	at org.springframework.web.servlet.FrameworkServlet.service(FrameworkServlet.java:883)
	at javax.servlet.http.HttpServlet.service(HttpServlet.java:741)
	at org.apache.catalina.core.ApplicationFilterChain.internalDoFilter(ApplicationFilterChain.java:231)
	at org.apache.catalina.core.ApplicationFilterChain.doFilter(ApplicationFilterChain.java:166)
	at org.apache.tomcat.websocket.server.WsFilter.doFilter(WsFilter.java:53)
	at org.apache.catalina.core.ApplicationFilterChain.internalDoFilter(ApplicationFilterChain.java:193)
	at org.apache.catalina.core.ApplicationFilterChain.doFilter(ApplicationFilterChain.java:166)
	at org.springframework.web.filter.RequestContextFilter.doFilterInternal(RequestContextFilter.java:100)
	at org.springframework.web.filter.OncePerRequestFilter.doFilter(OncePerRequestFilter.java:119)
	at org.apache.catalina.core.ApplicationFilterChain.internalDoFilter(ApplicationFilterChain.java:193)
	at org.apache.catalina.core.ApplicationFilterChain.doFilter(ApplicationFilterChain.java:166)
	at org.springframework.web.filter.FormContentFilter.doFilterInternal(FormContentFilter.java:93)
	at org.springframework.web.filter.OncePerRequestFilter.doFilter(OncePerRequestFilter.java:119)
	at org.apache.catalina.core.ApplicationFilterChain.internalDoFilter(ApplicationFilterChain.java:193)
	at org.apache.catalina.core.ApplicationFilterChain.doFilter(ApplicationFilterChain.java:166)
	at org.springframework.web.filter.CharacterEncodingFilter.doFilterInternal(CharacterEncodingFilter.java:201)
	at org.springframework.web.filter.OncePerRequestFilter.doFilter(OncePerRequestFilter.java:119)
	at org.apache.catalina.core.ApplicationFilterChain.internalDoFilter(ApplicationFilterChain.java:193)
	at org.apache.catalina.core.ApplicationFilterChain.doFilter(ApplicationFilterChain.java:166)
	at org.apache.catalina.core.StandardWrapperValve.invoke(StandardWrapperValve.java:202)
	at org.apache.catalina.core.StandardContextValve.invoke(StandardContextValve.java:96)
	at org.apache.catalina.authenticator.AuthenticatorBase.invoke(AuthenticatorBase.java:526)
	at org.apache.catalina.core.StandardHostValve.invoke(StandardHostValve.java:139)
	at org.apache.catalina.valves.ErrorReportValve.invoke(ErrorReportValve.java:92)
	at org.apache.catalina.core.StandardEngineValve.invoke(StandardEngineValve.java:74)
	at org.apache.catalina.connector.CoyoteAdapter.service(CoyoteAdapter.java:343)
	at org.apache.coyote.http11.Http11Processor.service(Http11Processor.java:367)
	at org.apache.coyote.AbstractProcessorLight.process(AbstractProcessorLight.java:65)
	at org.apache.coyote.AbstractProtocol$ConnectionHandler.process(AbstractProtocol.java:860)
	at org.apache.tomcat.util.net.NioEndpoint$SocketProcessor.doRun(NioEndpoint.java:1591)
	at org.apache.tomcat.util.net.SocketProcessorBase.run(SocketProcessorBase.java:49)
	at java.util.concurrent.ThreadPoolExecutor.runWorker(ThreadPoolExecutor.java:1149)
	at java.util.concurrent.ThreadPoolExecutor$Worker.run(ThreadPoolExecutor.java:624)
	at org.apache.tomcat.util.threads.TaskThread$WrappingRunnable.run(TaskThread.java:61)
	at java.lang.Thread.run(Thread.java:748)
