
[2021-04-03 22:04:06] [operation_prod] [INFO] [http-nio-8081-exec-1]  o.a.catalina.core.ContainerBase.[Tomcat].[localhost].[/]-Initializing Spring DispatcherServlet 'dispatcherServlet'

[2021-04-03 22:04:06] [operation_prod] [ERROR] [AMQP Connection 127.0.0.1:5672]  o.s.amqp.rabbit.connection.CachingConnectionFactory-Channel shutdown: channel error; protocol method: #method<channel.close>(reply-code=404, reply-text=NOT_FOUND - no exchange 'exchange-1' in vhost '/', class-id=60, method-id=40)

[2021-04-03 22:05:04] [operation_prod] [INFO] [main]  org.apache.dubbo.common.logger.LoggerFactory-using logger: org.apache.dubbo.common.logger.log4j.Log4jLoggerAdapter

[2021-04-03 22:05:04] [operation_prod] [INFO] [main]  o.a.d.s.boot.context.event.WelcomeLogoApplicationListener-

 :: Dubbo Spring Boot (v2.7.3) : https://github.com/apache/dubbo-spring-boot-project
 :: Dubbo (v2.7.3) : https://github.com/apache/incubator-dubbo
 :: Discuss group : dev@dubbo.apache.org


[2021-04-03 22:05:04] [operation_prod] [INFO] [main]  o.a.d.s.b.c.event.OverrideDubboConfigApplicationListener-Dubbo Config was overridden by externalized configuration {dubbo.application.logger=slf4j, dubbo.application.qos-enable=false, dubbo.config.multiple=true}

[2021-04-03 22:05:04] [operation_prod] [INFO] [main]  cn.jxau.producer.App-Starting App on DESKTOP-6CRAUAT with PID 36532 (D:\webProject\demo\producer\target\classes started by acer-L in D:\webProject\demo)

[2021-04-03 22:05:04] [operation_prod] [INFO] [main]  cn.jxau.producer.App-No active profile set, falling back to default profiles: default

[2021-04-03 22:05:04] [operation_prod] [INFO] [main]  o.a.d.c.s.context.annotation.DubboConfigBindingRegistrar-The dubbo config bean definition [name : org.apache.dubbo.config.ApplicationConfig#0, class : org.apache.dubbo.config.ApplicationConfig] has been registered.

[2021-04-03 22:05:04] [operation_prod] [INFO] [main]  o.a.d.c.s.context.annotation.DubboConfigBindingRegistrar-The BeanPostProcessor bean definition [org.apache.dubbo.config.spring.beans.factory.annotation.DubboConfigBindingBeanPostProcessor] for dubbo config bean [name : org.apache.dubbo.config.ApplicationConfig#0] has been registered.

[2021-04-03 22:05:05] [operation_prod] [INFO] [main]  org.apache.coyote.http11.Http11NioProtocol-Initializing ProtocolHandler ["http-nio-8081"]

[2021-04-03 22:05:05] [operation_prod] [INFO] [main]  org.apache.catalina.core.StandardService-Starting service [Tomcat]

[2021-04-03 22:05:05] [operation_prod] [INFO] [main]  org.apache.catalina.core.StandardEngine-Starting Servlet engine: [Apache Tomcat/9.0.29]

[2021-04-03 22:05:05] [operation_prod] [INFO] [main]  o.a.catalina.core.ContainerBase.[Tomcat].[localhost].[/]-Initializing Spring embedded WebApplicationContext

[2021-04-03 22:05:06] [operation_prod] [WARN] [main]  o.a.dubbo.config.spring.extension.SpringExtensionFactory- [DUBBO] No spring extension (bean) named:level, try to find an extension (bean) of type org.apache.dubbo.common.logger.Level, dubbo version: 2.7.3, current host: 10.221.34.247

[2021-04-03 22:05:06] [operation_prod] [WARN] [main]  o.a.dubbo.config.spring.extension.SpringExtensionFactory- [DUBBO] No spring extension (bean) named:level, type:org.apache.dubbo.common.logger.Level found, stop get bean., dubbo version: 2.7.3, current host: 10.221.34.247

[2021-04-03 22:05:06] [operation_prod] [WARN] [main]  o.a.dubbo.config.spring.extension.SpringExtensionFactory- [DUBBO] No spring extension (bean) named:file, try to find an extension (bean) of type java.io.File, dubbo version: 2.7.3, current host: 10.221.34.247

[2021-04-03 22:05:06] [operation_prod] [WARN] [main]  o.a.dubbo.config.spring.extension.SpringExtensionFactory- [DUBBO] No spring extension (bean) named:file, type:java.io.File found, stop get bean., dubbo version: 2.7.3, current host: 10.221.34.247

[2021-04-03 22:05:06] [operation_prod] [INFO] [main]  org.apache.dubbo.common.logger.LoggerFactory-using logger: org.apache.dubbo.common.logger.slf4j.Slf4jLoggerAdapter

[2021-04-03 22:05:06] [operation_prod] [INFO] [main]  o.a.d.c.s.b.f.annotation.DubboConfigBindingBeanPostProcessor-The properties of bean [name : org.apache.dubbo.config.ApplicationConfig#0] have been binding by prefix of configuration properties : dubbo.application

[2021-04-03 22:05:06] [operation_prod] [INFO] [main]  org.apache.dubbo.common.logger.LoggerFactory-using logger: org.apache.dubbo.common.logger.slf4j.Slf4jLoggerAdapter

[2021-04-03 22:05:06] [operation_prod] [INFO] [main]  org.apache.coyote.http11.Http11NioProtocol-Starting ProtocolHandler ["http-nio-8081"]

[2021-04-03 22:05:06] [operation_prod] [INFO] [main]  cn.jxau.producer.App-Started App in 2.843 seconds (JVM running for 4.434)

[2021-04-03 22:05:36] [operation_prod] [INFO] [http-nio-8081-exec-1]  o.a.catalina.core.ContainerBase.[Tomcat].[localhost].[/]-Initializing Spring DispatcherServlet 'dispatcherServlet'

[2021-04-03 22:25:23] [operation_prod] [INFO] [main]  org.apache.dubbo.common.logger.LoggerFactory-using logger: org.apache.dubbo.common.logger.log4j.Log4jLoggerAdapter

[2021-04-03 22:25:23] [operation_prod] [INFO] [main]  o.a.d.s.boot.context.event.WelcomeLogoApplicationListener-

 :: Dubbo Spring Boot (v2.7.3) : https://github.com/apache/dubbo-spring-boot-project
 :: Dubbo (v2.7.3) : https://github.com/apache/incubator-dubbo
 :: Discuss group : dev@dubbo.apache.org


[2021-04-03 22:25:23] [operation_prod] [INFO] [main]  o.a.d.s.b.c.event.OverrideDubboConfigApplicationListener-Dubbo Config was overridden by externalized configuration {dubbo.application.logger=slf4j, dubbo.application.qos-enable=false, dubbo.config.multiple=true}

[2021-04-03 22:25:23] [operation_prod] [INFO] [main]  cn.jxau.producer.App-Starting App on DESKTOP-6CRAUAT with PID 31404 (D:\webProject\demo\producer\target\classes started by acer-L in D:\webProject\demo)

[2021-04-03 22:25:23] [operation_prod] [INFO] [main]  cn.jxau.producer.App-No active profile set, falling back to default profiles: default

[2021-04-03 22:25:24] [operation_prod] [INFO] [main]  o.a.d.c.s.context.annotation.DubboConfigBindingRegistrar-The dubbo config bean definition [name : org.apache.dubbo.config.ApplicationConfig#0, class : org.apache.dubbo.config.ApplicationConfig] has been registered.

[2021-04-03 22:25:24] [operation_prod] [INFO] [main]  o.a.d.c.s.context.annotation.DubboConfigBindingRegistrar-The BeanPostProcessor bean definition [org.apache.dubbo.config.spring.beans.factory.annotation.DubboConfigBindingBeanPostProcessor] for dubbo config bean [name : org.apache.dubbo.config.ApplicationConfig#0] has been registered.

[2021-04-03 22:25:25] [operation_prod] [INFO] [main]  org.apache.coyote.http11.Http11NioProtocol-Initializing ProtocolHandler ["http-nio-8081"]

[2021-04-03 22:25:25] [operation_prod] [INFO] [main]  org.apache.catalina.core.StandardService-Starting service [Tomcat]

[2021-04-03 22:25:25] [operation_prod] [INFO] [main]  org.apache.catalina.core.StandardEngine-Starting Servlet engine: [Apache Tomcat/9.0.29]

[2021-04-03 22:25:25] [operation_prod] [INFO] [main]  o.a.catalina.core.ContainerBase.[Tomcat].[localhost].[/]-Initializing Spring embedded WebApplicationContext

[2021-04-03 22:25:25] [operation_prod] [WARN] [main]  o.a.dubbo.config.spring.extension.SpringExtensionFactory- [DUBBO] No spring extension (bean) named:level, try to find an extension (bean) of type org.apache.dubbo.common.logger.Level, dubbo version: 2.7.3, current host: 10.221.34.247

[2021-04-03 22:25:25] [operation_prod] [WARN] [main]  o.a.dubbo.config.spring.extension.SpringExtensionFactory- [DUBBO] No spring extension (bean) named:level, type:org.apache.dubbo.common.logger.Level found, stop get bean., dubbo version: 2.7.3, current host: 10.221.34.247

[2021-04-03 22:25:25] [operation_prod] [WARN] [main]  o.a.dubbo.config.spring.extension.SpringExtensionFactory- [DUBBO] No spring extension (bean) named:file, try to find an extension (bean) of type java.io.File, dubbo version: 2.7.3, current host: 10.221.34.247

[2021-04-03 22:25:25] [operation_prod] [WARN] [main]  o.a.dubbo.config.spring.extension.SpringExtensionFactory- [DUBBO] No spring extension (bean) named:file, type:java.io.File found, stop get bean., dubbo version: 2.7.3, current host: 10.221.34.247

[2021-04-03 22:25:25] [operation_prod] [INFO] [main]  org.apache.dubbo.common.logger.LoggerFactory-using logger: org.apache.dubbo.common.logger.slf4j.Slf4jLoggerAdapter

[2021-04-03 22:25:25] [operation_prod] [INFO] [main]  o.a.d.c.s.b.f.annotation.DubboConfigBindingBeanPostProcessor-The properties of bean [name : org.apache.dubbo.config.ApplicationConfig#0] have been binding by prefix of configuration properties : dubbo.application

[2021-04-03 22:25:26] [operation_prod] [INFO] [main]  org.apache.dubbo.common.logger.LoggerFactory-using logger: org.apache.dubbo.common.logger.slf4j.Slf4jLoggerAdapter

[2021-04-03 22:25:26] [operation_prod] [INFO] [main]  org.apache.coyote.http11.Http11NioProtocol-Starting ProtocolHandler ["http-nio-8081"]

[2021-04-03 22:25:26] [operation_prod] [INFO] [main]  cn.jxau.producer.App-Started App in 2.984 seconds (JVM running for 5.183)

[2021-04-03 22:28:28] [operation_prod] [INFO] [http-nio-8081-exec-2]  o.a.catalina.core.ContainerBase.[Tomcat].[localhost].[/]-Initializing Spring DispatcherServlet 'dispatcherServlet'

[2021-04-03 22:30:45] [operation_prod] [INFO] [main]  org.apache.dubbo.common.logger.LoggerFactory-using logger: org.apache.dubbo.common.logger.log4j.Log4jLoggerAdapter

[2021-04-03 22:30:45] [operation_prod] [INFO] [main]  o.a.d.s.boot.context.event.WelcomeLogoApplicationListener-

 :: Dubbo Spring Boot (v2.7.3) : https://github.com/apache/dubbo-spring-boot-project
 :: Dubbo (v2.7.3) : https://github.com/apache/incubator-dubbo
 :: Discuss group : dev@dubbo.apache.org


[2021-04-03 22:30:45] [operation_prod] [INFO] [main]  o.a.d.s.b.c.event.OverrideDubboConfigApplicationListener-Dubbo Config was overridden by externalized configuration {dubbo.application.logger=slf4j, dubbo.application.qos-enable=false, dubbo.config.multiple=true}

[2021-04-03 22:30:46] [operation_prod] [INFO] [main]  cn.jxau.producer.App-Starting App on DESKTOP-6CRAUAT with PID 26308 (D:\webProject\demo\producer\target\classes started by acer-L in D:\webProject\demo)

[2021-04-03 22:30:46] [operation_prod] [INFO] [main]  cn.jxau.producer.App-No active profile set, falling back to default profiles: default

[2021-04-03 22:30:46] [operation_prod] [INFO] [main]  o.a.d.c.s.context.annotation.DubboConfigBindingRegistrar-The dubbo config bean definition [name : org.apache.dubbo.config.ApplicationConfig#0, class : org.apache.dubbo.config.ApplicationConfig] has been registered.

[2021-04-03 22:30:46] [operation_prod] [INFO] [main]  o.a.d.c.s.context.annotation.DubboConfigBindingRegistrar-The BeanPostProcessor bean definition [org.apache.dubbo.config.spring.beans.factory.annotation.DubboConfigBindingBeanPostProcessor] for dubbo config bean [name : org.apache.dubbo.config.ApplicationConfig#0] has been registered.

[2021-04-03 22:30:47] [operation_prod] [INFO] [main]  org.apache.coyote.http11.Http11NioProtocol-Initializing ProtocolHandler ["http-nio-8081"]

[2021-04-03 22:30:47] [operation_prod] [INFO] [main]  org.apache.catalina.core.StandardService-Starting service [Tomcat]

[2021-04-03 22:30:47] [operation_prod] [INFO] [main]  org.apache.catalina.core.StandardEngine-Starting Servlet engine: [Apache Tomcat/9.0.29]

[2021-04-03 22:30:47] [operation_prod] [INFO] [main]  o.a.catalina.core.ContainerBase.[Tomcat].[localhost].[/]-Initializing Spring embedded WebApplicationContext

[2021-04-03 22:30:48] [operation_prod] [WARN] [main]  o.a.dubbo.config.spring.extension.SpringExtensionFactory- [DUBBO] No spring extension (bean) named:level, try to find an extension (bean) of type org.apache.dubbo.common.logger.Level, dubbo version: 2.7.3, current host: 10.221.34.247

[2021-04-03 22:30:48] [operation_prod] [WARN] [main]  o.a.dubbo.config.spring.extension.SpringExtensionFactory- [DUBBO] No spring extension (bean) named:level, type:org.apache.dubbo.common.logger.Level found, stop get bean., dubbo version: 2.7.3, current host: 10.221.34.247

[2021-04-03 22:30:48] [operation_prod] [WARN] [main]  o.a.dubbo.config.spring.extension.SpringExtensionFactory- [DUBBO] No spring extension (bean) named:file, try to find an extension (bean) of type java.io.File, dubbo version: 2.7.3, current host: 10.221.34.247

[2021-04-03 22:30:48] [operation_prod] [WARN] [main]  o.a.dubbo.config.spring.extension.SpringExtensionFactory- [DUBBO] No spring extension (bean) named:file, type:java.io.File found, stop get bean., dubbo version: 2.7.3, current host: 10.221.34.247

[2021-04-03 22:30:48] [operation_prod] [INFO] [main]  org.apache.dubbo.common.logger.LoggerFactory-using logger: org.apache.dubbo.common.logger.slf4j.Slf4jLoggerAdapter

[2021-04-03 22:30:48] [operation_prod] [INFO] [main]  o.a.d.c.s.b.f.annotation.DubboConfigBindingBeanPostProcessor-The properties of bean [name : org.apache.dubbo.config.ApplicationConfig#0] have been binding by prefix of configuration properties : dubbo.application

[2021-04-03 22:30:48] [operation_prod] [INFO] [main]  org.apache.dubbo.common.logger.LoggerFactory-using logger: org.apache.dubbo.common.logger.slf4j.Slf4jLoggerAdapter

[2021-04-03 22:30:48] [operation_prod] [INFO] [main]  org.apache.coyote.http11.Http11NioProtocol-Starting ProtocolHandler ["http-nio-8081"]

[2021-04-03 22:30:48] [operation_prod] [INFO] [main]  cn.jxau.producer.App-Started App in 3.161 seconds (JVM running for 4.788)

[2021-04-03 22:30:59] [operation_prod] [INFO] [http-nio-8081-exec-1]  o.a.catalina.core.ContainerBase.[Tomcat].[localhost].[/]-Initializing Spring DispatcherServlet 'dispatcherServlet'

[2021-04-03 22:33:12] [operation_prod] [INFO] [main]  org.apache.dubbo.common.logger.LoggerFactory-using logger: org.apache.dubbo.common.logger.log4j.Log4jLoggerAdapter

[2021-04-03 22:33:12] [operation_prod] [INFO] [main]  o.a.d.s.boot.context.event.WelcomeLogoApplicationListener-

 :: Dubbo Spring Boot (v2.7.3) : https://github.com/apache/dubbo-spring-boot-project
 :: Dubbo (v2.7.3) : https://github.com/apache/incubator-dubbo
 :: Discuss group : dev@dubbo.apache.org


[2021-04-03 22:33:12] [operation_prod] [INFO] [main]  o.a.d.s.b.c.event.OverrideDubboConfigApplicationListener-Dubbo Config was overridden by externalized configuration {dubbo.application.logger=slf4j, dubbo.application.qos-enable=false, dubbo.config.multiple=true}

[2021-04-03 22:33:12] [operation_prod] [INFO] [main]  cn.jxau.producer.App-Starting App on DESKTOP-6CRAUAT with PID 18452 (D:\webProject\demo\producer\target\classes started by acer-L in D:\webProject\demo)

[2021-04-03 22:33:12] [operation_prod] [INFO] [main]  cn.jxau.producer.App-No active profile set, falling back to default profiles: default

[2021-04-03 22:33:13] [operation_prod] [INFO] [main]  o.a.d.c.s.context.annotation.DubboConfigBindingRegistrar-The dubbo config bean definition [name : org.apache.dubbo.config.ApplicationConfig#0, class : org.apache.dubbo.config.ApplicationConfig] has been registered.

[2021-04-03 22:33:13] [operation_prod] [INFO] [main]  o.a.d.c.s.context.annotation.DubboConfigBindingRegistrar-The BeanPostProcessor bean definition [org.apache.dubbo.config.spring.beans.factory.annotation.DubboConfigBindingBeanPostProcessor] for dubbo config bean [name : org.apache.dubbo.config.ApplicationConfig#0] has been registered.

[2021-04-03 22:33:13] [operation_prod] [INFO] [main]  org.apache.coyote.http11.Http11NioProtocol-Initializing ProtocolHandler ["http-nio-8081"]

[2021-04-03 22:33:13] [operation_prod] [INFO] [main]  org.apache.catalina.core.StandardService-Starting service [Tomcat]

[2021-04-03 22:33:13] [operation_prod] [INFO] [main]  org.apache.catalina.core.StandardEngine-Starting Servlet engine: [Apache Tomcat/9.0.29]

[2021-04-03 22:33:14] [operation_prod] [INFO] [main]  o.a.catalina.core.ContainerBase.[Tomcat].[localhost].[/]-Initializing Spring embedded WebApplicationContext

[2021-04-03 22:33:15] [operation_prod] [WARN] [main]  o.a.dubbo.config.spring.extension.SpringExtensionFactory- [DUBBO] No spring extension (bean) named:level, try to find an extension (bean) of type org.apache.dubbo.common.logger.Level, dubbo version: 2.7.3, current host: 10.221.34.247

[2021-04-03 22:33:15] [operation_prod] [WARN] [main]  o.a.dubbo.config.spring.extension.SpringExtensionFactory- [DUBBO] No spring extension (bean) named:level, type:org.apache.dubbo.common.logger.Level found, stop get bean., dubbo version: 2.7.3, current host: 10.221.34.247

[2021-04-03 22:33:15] [operation_prod] [WARN] [main]  o.a.dubbo.config.spring.extension.SpringExtensionFactory- [DUBBO] No spring extension (bean) named:file, try to find an extension (bean) of type java.io.File, dubbo version: 2.7.3, current host: 10.221.34.247

[2021-04-03 22:33:15] [operation_prod] [WARN] [main]  o.a.dubbo.config.spring.extension.SpringExtensionFactory- [DUBBO] No spring extension (bean) named:file, type:java.io.File found, stop get bean., dubbo version: 2.7.3, current host: 10.221.34.247

[2021-04-03 22:33:15] [operation_prod] [INFO] [main]  org.apache.dubbo.common.logger.LoggerFactory-using logger: org.apache.dubbo.common.logger.slf4j.Slf4jLoggerAdapter

[2021-04-03 22:33:15] [operation_prod] [INFO] [main]  o.a.d.c.s.b.f.annotation.DubboConfigBindingBeanPostProcessor-The properties of bean [name : org.apache.dubbo.config.ApplicationConfig#0] have been binding by prefix of configuration properties : dubbo.application

[2021-04-03 22:33:15] [operation_prod] [INFO] [main]  org.apache.dubbo.common.logger.LoggerFactory-using logger: org.apache.dubbo.common.logger.slf4j.Slf4jLoggerAdapter

[2021-04-03 22:33:15] [operation_prod] [INFO] [main]  org.apache.coyote.http11.Http11NioProtocol-Starting ProtocolHandler ["http-nio-8081"]

[2021-04-03 22:33:15] [operation_prod] [INFO] [main]  cn.jxau.producer.App-Started App in 3.406 seconds (JVM running for 5.306)

[2021-04-03 22:33:39] [operation_prod] [INFO] [http-nio-8081-exec-1]  o.a.catalina.core.ContainerBase.[Tomcat].[localhost].[/]-Initializing Spring DispatcherServlet 'dispatcherServlet'

[2021-04-03 22:34:03] [operation_prod] [INFO] [main]  org.apache.dubbo.common.logger.LoggerFactory-using logger: org.apache.dubbo.common.logger.log4j.Log4jLoggerAdapter

[2021-04-03 22:34:03] [operation_prod] [INFO] [main]  o.a.d.s.boot.context.event.WelcomeLogoApplicationListener-

 :: Dubbo Spring Boot (v2.7.3) : https://github.com/apache/dubbo-spring-boot-project
 :: Dubbo (v2.7.3) : https://github.com/apache/incubator-dubbo
 :: Discuss group : dev@dubbo.apache.org


[2021-04-03 22:34:03] [operation_prod] [INFO] [main]  o.a.d.s.b.c.event.OverrideDubboConfigApplicationListener-Dubbo Config was overridden by externalized configuration {dubbo.application.logger=slf4j, dubbo.application.qos-enable=false, dubbo.config.multiple=true}

[2021-04-03 22:34:03] [operation_prod] [INFO] [main]  cn.jxau.producer.App-Starting App on DESKTOP-6CRAUAT with PID 37588 (D:\webProject\demo\producer\target\classes started by acer-L in D:\webProject\demo)

[2021-04-03 22:34:03] [operation_prod] [INFO] [main]  cn.jxau.producer.App-No active profile set, falling back to default profiles: default

[2021-04-03 22:34:04] [operation_prod] [INFO] [main]  o.a.d.c.s.context.annotation.DubboConfigBindingRegistrar-The dubbo config bean definition [name : org.apache.dubbo.config.ApplicationConfig#0, class : org.apache.dubbo.config.ApplicationConfig] has been registered.

[2021-04-03 22:34:04] [operation_prod] [INFO] [main]  o.a.d.c.s.context.annotation.DubboConfigBindingRegistrar-The BeanPostProcessor bean definition [org.apache.dubbo.config.spring.beans.factory.annotation.DubboConfigBindingBeanPostProcessor] for dubbo config bean [name : org.apache.dubbo.config.ApplicationConfig#0] has been registered.

[2021-04-03 22:34:05] [operation_prod] [INFO] [main]  org.apache.coyote.http11.Http11NioProtocol-Initializing ProtocolHandler ["http-nio-8081"]

[2021-04-03 22:34:05] [operation_prod] [INFO] [main]  org.apache.catalina.core.StandardService-Starting service [Tomcat]

[2021-04-03 22:34:05] [operation_prod] [INFO] [main]  org.apache.catalina.core.StandardEngine-Starting Servlet engine: [Apache Tomcat/9.0.29]

[2021-04-03 22:34:05] [operation_prod] [INFO] [main]  o.a.catalina.core.ContainerBase.[Tomcat].[localhost].[/]-Initializing Spring embedded WebApplicationContext

[2021-04-03 22:34:06] [operation_prod] [WARN] [main]  o.a.dubbo.config.spring.extension.SpringExtensionFactory- [DUBBO] No spring extension (bean) named:level, try to find an extension (bean) of type org.apache.dubbo.common.logger.Level, dubbo version: 2.7.3, current host: 10.221.34.247

[2021-04-03 22:34:06] [operation_prod] [WARN] [main]  o.a.dubbo.config.spring.extension.SpringExtensionFactory- [DUBBO] No spring extension (bean) named:level, type:org.apache.dubbo.common.logger.Level found, stop get bean., dubbo version: 2.7.3, current host: 10.221.34.247

[2021-04-03 22:34:06] [operation_prod] [WARN] [main]  o.a.dubbo.config.spring.extension.SpringExtensionFactory- [DUBBO] No spring extension (bean) named:file, try to find an extension (bean) of type java.io.File, dubbo version: 2.7.3, current host: 10.221.34.247

[2021-04-03 22:34:06] [operation_prod] [WARN] [main]  o.a.dubbo.config.spring.extension.SpringExtensionFactory- [DUBBO] No spring extension (bean) named:file, type:java.io.File found, stop get bean., dubbo version: 2.7.3, current host: 10.221.34.247

[2021-04-03 22:34:06] [operation_prod] [INFO] [main]  org.apache.dubbo.common.logger.LoggerFactory-using logger: org.apache.dubbo.common.logger.slf4j.Slf4jLoggerAdapter

[2021-04-03 22:34:06] [operation_prod] [INFO] [main]  o.a.d.c.s.b.f.annotation.DubboConfigBindingBeanPostProcessor-The properties of bean [name : org.apache.dubbo.config.ApplicationConfig#0] have been binding by prefix of configuration properties : dubbo.application

[2021-04-03 22:34:06] [operation_prod] [INFO] [main]  org.apache.dubbo.common.logger.LoggerFactory-using logger: org.apache.dubbo.common.logger.slf4j.Slf4jLoggerAdapter

[2021-04-03 22:34:07] [operation_prod] [INFO] [main]  org.apache.coyote.http11.Http11NioProtocol-Starting ProtocolHandler ["http-nio-8081"]

[2021-04-03 22:34:07] [operation_prod] [INFO] [main]  cn.jxau.producer.App-Started App in 4.208 seconds (JVM running for 6.379)

[2021-04-03 22:34:07] [operation_prod] [INFO] [http-nio-8081-exec-1]  o.a.catalina.core.ContainerBase.[Tomcat].[localhost].[/]-Initializing Spring DispatcherServlet 'dispatcherServlet'

[2021-04-03 22:34:49] [operation_prod] [INFO] [DubboShutdownHook]  org.apache.dubbo.config.DubboShutdownHook- [DUBBO] Run shutdown hook now., dubbo version: 2.7.3, current host: 10.221.34.247

[2021-04-03 22:34:49] [operation_prod] [INFO] [DubboShutdownHook]  org.apache.dubbo.registry.support.AbstractRegistryFactory- [DUBBO] Close all registries [], dubbo version: 2.7.3, current host: 10.221.34.247

[2021-04-03 22:34:49] [operation_prod] [INFO] [SpringContextShutdownHook]  o.a.d.s.boot.context.event.AwaitingNonWebApplicationListener- [Dubbo] Current Spring Boot Application is about to shutdown...

[2021-04-03 22:34:49] [operation_prod] [INFO] [SpringContextShutdownHook]  o.a.d.c.s.b.f.a.ReferenceAnnotationBeanPostProcessor-class org.apache.dubbo.config.spring.beans.factory.annotation.ReferenceAnnotationBeanPostProcessor was destroying!

[2021-04-03 22:34:53] [operation_prod] [INFO] [main]  org.apache.dubbo.common.logger.LoggerFactory-using logger: org.apache.dubbo.common.logger.log4j.Log4jLoggerAdapter

[2021-04-03 22:34:53] [operation_prod] [INFO] [main]  o.a.d.s.boot.context.event.WelcomeLogoApplicationListener-

 :: Dubbo Spring Boot (v2.7.3) : https://github.com/apache/dubbo-spring-boot-project
 :: Dubbo (v2.7.3) : https://github.com/apache/incubator-dubbo
 :: Discuss group : dev@dubbo.apache.org


[2021-04-03 22:34:53] [operation_prod] [INFO] [main]  o.a.d.s.b.c.event.OverrideDubboConfigApplicationListener-Dubbo Config was overridden by externalized configuration {dubbo.application.logger=slf4j, dubbo.application.qos-enable=false, dubbo.config.multiple=true}

[2021-04-03 22:34:53] [operation_prod] [INFO] [main]  cn.jxau.producer.App-Starting App on DESKTOP-6CRAUAT with PID 35984 (D:\webProject\demo\producer\target\classes started by acer-L in D:\webProject\demo)

[2021-04-03 22:34:53] [operation_prod] [INFO] [main]  cn.jxau.producer.App-No active profile set, falling back to default profiles: default

[2021-04-03 22:34:54] [operation_prod] [INFO] [main]  o.a.d.c.s.context.annotation.DubboConfigBindingRegistrar-The dubbo config bean definition [name : org.apache.dubbo.config.ApplicationConfig#0, class : org.apache.dubbo.config.ApplicationConfig] has been registered.

[2021-04-03 22:34:54] [operation_prod] [INFO] [main]  o.a.d.c.s.context.annotation.DubboConfigBindingRegistrar-The BeanPostProcessor bean definition [org.apache.dubbo.config.spring.beans.factory.annotation.DubboConfigBindingBeanPostProcessor] for dubbo config bean [name : org.apache.dubbo.config.ApplicationConfig#0] has been registered.

[2021-04-03 22:34:54] [operation_prod] [INFO] [main]  org.apache.coyote.http11.Http11NioProtocol-Initializing ProtocolHandler ["http-nio-8081"]

[2021-04-03 22:34:54] [operation_prod] [INFO] [main]  org.apache.catalina.core.StandardService-Starting service [Tomcat]

[2021-04-03 22:34:54] [operation_prod] [INFO] [main]  org.apache.catalina.core.StandardEngine-Starting Servlet engine: [Apache Tomcat/9.0.29]

[2021-04-03 22:34:54] [operation_prod] [INFO] [main]  o.a.catalina.core.ContainerBase.[Tomcat].[localhost].[/]-Initializing Spring embedded WebApplicationContext

[2021-04-03 22:34:55] [operation_prod] [WARN] [main]  o.a.dubbo.config.spring.extension.SpringExtensionFactory- [DUBBO] No spring extension (bean) named:level, try to find an extension (bean) of type org.apache.dubbo.common.logger.Level, dubbo version: 2.7.3, current host: 10.221.34.247

[2021-04-03 22:34:55] [operation_prod] [WARN] [main]  o.a.dubbo.config.spring.extension.SpringExtensionFactory- [DUBBO] No spring extension (bean) named:level, type:org.apache.dubbo.common.logger.Level found, stop get bean., dubbo version: 2.7.3, current host: 10.221.34.247

[2021-04-03 22:34:55] [operation_prod] [WARN] [main]  o.a.dubbo.config.spring.extension.SpringExtensionFactory- [DUBBO] No spring extension (bean) named:file, try to find an extension (bean) of type java.io.File, dubbo version: 2.7.3, current host: 10.221.34.247

[2021-04-03 22:34:55] [operation_prod] [WARN] [main]  o.a.dubbo.config.spring.extension.SpringExtensionFactory- [DUBBO] No spring extension (bean) named:file, type:java.io.File found, stop get bean., dubbo version: 2.7.3, current host: 10.221.34.247

[2021-04-03 22:34:55] [operation_prod] [INFO] [main]  org.apache.dubbo.common.logger.LoggerFactory-using logger: org.apache.dubbo.common.logger.slf4j.Slf4jLoggerAdapter

[2021-04-03 22:34:55] [operation_prod] [INFO] [main]  o.a.d.c.s.b.f.annotation.DubboConfigBindingBeanPostProcessor-The properties of bean [name : org.apache.dubbo.config.ApplicationConfig#0] have been binding by prefix of configuration properties : dubbo.application

[2021-04-03 22:34:55] [operation_prod] [INFO] [main]  org.apache.dubbo.common.logger.LoggerFactory-using logger: org.apache.dubbo.common.logger.slf4j.Slf4jLoggerAdapter

[2021-04-03 22:34:55] [operation_prod] [INFO] [main]  org.apache.coyote.http11.Http11NioProtocol-Starting ProtocolHandler ["http-nio-8081"]

[2021-04-03 22:34:55] [operation_prod] [INFO] [main]  cn.jxau.producer.App-Started App in 2.91 seconds (JVM running for 4.512)

[2021-04-03 22:35:37] [operation_prod] [INFO] [http-nio-8081-exec-1]  o.a.catalina.core.ContainerBase.[Tomcat].[localhost].[/]-Initializing Spring DispatcherServlet 'dispatcherServlet'

[2021-04-03 22:38:08] [operation_prod] [INFO] [main]  org.apache.dubbo.common.logger.LoggerFactory-using logger: org.apache.dubbo.common.logger.log4j.Log4jLoggerAdapter

[2021-04-03 22:38:08] [operation_prod] [INFO] [main]  o.a.d.s.boot.context.event.WelcomeLogoApplicationListener-

 :: Dubbo Spring Boot (v2.7.3) : https://github.com/apache/dubbo-spring-boot-project
 :: Dubbo (v2.7.3) : https://github.com/apache/incubator-dubbo
 :: Discuss group : dev@dubbo.apache.org


[2021-04-03 22:38:08] [operation_prod] [INFO] [main]  o.a.d.s.b.c.event.OverrideDubboConfigApplicationListener-Dubbo Config was overridden by externalized configuration {dubbo.application.logger=slf4j, dubbo.application.qos-enable=false, dubbo.config.multiple=true}

[2021-04-03 22:38:08] [operation_prod] [INFO] [main]  cn.jxau.producer.App-Starting App on DESKTOP-6CRAUAT with PID 21804 (D:\webProject\demo\producer\target\classes started by acer-L in D:\webProject\demo)

[2021-04-03 22:38:08] [operation_prod] [INFO] [main]  cn.jxau.producer.App-No active profile set, falling back to default profiles: default

[2021-04-03 22:38:09] [operation_prod] [INFO] [main]  o.a.d.c.s.context.annotation.DubboConfigBindingRegistrar-The dubbo config bean definition [name : org.apache.dubbo.config.ApplicationConfig#0, class : org.apache.dubbo.config.ApplicationConfig] has been registered.

[2021-04-03 22:38:09] [operation_prod] [INFO] [main]  o.a.d.c.s.context.annotation.DubboConfigBindingRegistrar-The BeanPostProcessor bean definition [org.apache.dubbo.config.spring.beans.factory.annotation.DubboConfigBindingBeanPostProcessor] for dubbo config bean [name : org.apache.dubbo.config.ApplicationConfig#0] has been registered.

[2021-04-03 22:38:09] [operation_prod] [INFO] [main]  org.apache.coyote.http11.Http11NioProtocol-Initializing ProtocolHandler ["http-nio-8081"]

[2021-04-03 22:38:09] [operation_prod] [INFO] [main]  org.apache.catalina.core.StandardService-Starting service [Tomcat]

[2021-04-03 22:38:09] [operation_prod] [INFO] [main]  org.apache.catalina.core.StandardEngine-Starting Servlet engine: [Apache Tomcat/9.0.29]

[2021-04-03 22:38:09] [operation_prod] [INFO] [main]  o.a.catalina.core.ContainerBase.[Tomcat].[localhost].[/]-Initializing Spring embedded WebApplicationContext

[2021-04-03 22:38:10] [operation_prod] [WARN] [main]  o.a.dubbo.config.spring.extension.SpringExtensionFactory- [DUBBO] No spring extension (bean) named:level, try to find an extension (bean) of type org.apache.dubbo.common.logger.Level, dubbo version: 2.7.3, current host: 10.221.34.247

[2021-04-03 22:38:10] [operation_prod] [WARN] [main]  o.a.dubbo.config.spring.extension.SpringExtensionFactory- [DUBBO] No spring extension (bean) named:level, type:org.apache.dubbo.common.logger.Level found, stop get bean., dubbo version: 2.7.3, current host: 10.221.34.247

[2021-04-03 22:38:10] [operation_prod] [WARN] [main]  o.a.dubbo.config.spring.extension.SpringExtensionFactory- [DUBBO] No spring extension (bean) named:file, try to find an extension (bean) of type java.io.File, dubbo version: 2.7.3, current host: 10.221.34.247

[2021-04-03 22:38:10] [operation_prod] [WARN] [main]  o.a.dubbo.config.spring.extension.SpringExtensionFactory- [DUBBO] No spring extension (bean) named:file, type:java.io.File found, stop get bean., dubbo version: 2.7.3, current host: 10.221.34.247

[2021-04-03 22:38:10] [operation_prod] [INFO] [main]  org.apache.dubbo.common.logger.LoggerFactory-using logger: org.apache.dubbo.common.logger.slf4j.Slf4jLoggerAdapter

[2021-04-03 22:38:10] [operation_prod] [INFO] [main]  o.a.d.c.s.b.f.annotation.DubboConfigBindingBeanPostProcessor-The properties of bean [name : org.apache.dubbo.config.ApplicationConfig#0] have been binding by prefix of configuration properties : dubbo.application

[2021-04-03 22:38:10] [operation_prod] [INFO] [main]  org.apache.dubbo.common.logger.LoggerFactory-using logger: org.apache.dubbo.common.logger.slf4j.Slf4jLoggerAdapter

[2021-04-03 22:38:11] [operation_prod] [INFO] [main]  org.apache.coyote.http11.Http11NioProtocol-Starting ProtocolHandler ["http-nio-8081"]

[2021-04-03 22:38:11] [operation_prod] [INFO] [main]  cn.jxau.producer.App-Started App in 2.959 seconds (JVM running for 4.69)

[2021-04-03 22:39:13] [operation_prod] [INFO] [main]  org.apache.dubbo.common.logger.LoggerFactory-using logger: org.apache.dubbo.common.logger.log4j.Log4jLoggerAdapter

[2021-04-03 22:39:13] [operation_prod] [INFO] [main]  o.a.d.s.boot.context.event.WelcomeLogoApplicationListener-

 :: Dubbo Spring Boot (v2.7.3) : https://github.com/apache/dubbo-spring-boot-project
 :: Dubbo (v2.7.3) : https://github.com/apache/incubator-dubbo
 :: Discuss group : dev@dubbo.apache.org


[2021-04-03 22:39:13] [operation_prod] [INFO] [main]  o.a.d.s.b.c.event.OverrideDubboConfigApplicationListener-Dubbo Config was overridden by externalized configuration {dubbo.application.logger=slf4j, dubbo.application.qos-enable=false, dubbo.config.multiple=true}

[2021-04-03 22:39:13] [operation_prod] [INFO] [main]  cn.jxau.producer.App-Starting App on DESKTOP-6CRAUAT with PID 25404 (D:\webProject\demo\producer\target\classes started by acer-L in D:\webProject\demo)

[2021-04-03 22:39:13] [operation_prod] [INFO] [main]  cn.jxau.producer.App-No active profile set, falling back to default profiles: default

[2021-04-03 22:39:14] [operation_prod] [INFO] [main]  o.a.d.c.s.context.annotation.DubboConfigBindingRegistrar-The dubbo config bean definition [name : org.apache.dubbo.config.ApplicationConfig#0, class : org.apache.dubbo.config.ApplicationConfig] has been registered.

[2021-04-03 22:39:14] [operation_prod] [INFO] [main]  o.a.d.c.s.context.annotation.DubboConfigBindingRegistrar-The BeanPostProcessor bean definition [org.apache.dubbo.config.spring.beans.factory.annotation.DubboConfigBindingBeanPostProcessor] for dubbo config bean [name : org.apache.dubbo.config.ApplicationConfig#0] has been registered.

[2021-04-03 22:39:15] [operation_prod] [INFO] [main]  org.apache.coyote.http11.Http11NioProtocol-Initializing ProtocolHandler ["http-nio-8081"]

[2021-04-03 22:39:15] [operation_prod] [INFO] [main]  org.apache.catalina.core.StandardService-Starting service [Tomcat]

[2021-04-03 22:39:15] [operation_prod] [INFO] [main]  org.apache.catalina.core.StandardEngine-Starting Servlet engine: [Apache Tomcat/9.0.29]

[2021-04-03 22:39:15] [operation_prod] [INFO] [main]  o.a.catalina.core.ContainerBase.[Tomcat].[localhost].[/]-Initializing Spring embedded WebApplicationContext

[2021-04-03 22:39:16] [operation_prod] [WARN] [main]  o.a.dubbo.config.spring.extension.SpringExtensionFactory- [DUBBO] No spring extension (bean) named:level, try to find an extension (bean) of type org.apache.dubbo.common.logger.Level, dubbo version: 2.7.3, current host: 10.221.34.247

[2021-04-03 22:39:16] [operation_prod] [WARN] [main]  o.a.dubbo.config.spring.extension.SpringExtensionFactory- [DUBBO] No spring extension (bean) named:level, type:org.apache.dubbo.common.logger.Level found, stop get bean., dubbo version: 2.7.3, current host: 10.221.34.247

[2021-04-03 22:39:16] [operation_prod] [WARN] [main]  o.a.dubbo.config.spring.extension.SpringExtensionFactory- [DUBBO] No spring extension (bean) named:file, try to find an extension (bean) of type java.io.File, dubbo version: 2.7.3, current host: 10.221.34.247

[2021-04-03 22:39:16] [operation_prod] [WARN] [main]  o.a.dubbo.config.spring.extension.SpringExtensionFactory- [DUBBO] No spring extension (bean) named:file, type:java.io.File found, stop get bean., dubbo version: 2.7.3, current host: 10.221.34.247

[2021-04-03 22:39:16] [operation_prod] [INFO] [main]  org.apache.dubbo.common.logger.LoggerFactory-using logger: org.apache.dubbo.common.logger.slf4j.Slf4jLoggerAdapter

[2021-04-03 22:39:16] [operation_prod] [INFO] [main]  o.a.d.c.s.b.f.annotation.DubboConfigBindingBeanPostProcessor-The properties of bean [name : org.apache.dubbo.config.ApplicationConfig#0] have been binding by prefix of configuration properties : dubbo.application

[2021-04-03 22:39:16] [operation_prod] [INFO] [main]  org.apache.dubbo.common.logger.LoggerFactory-using logger: org.apache.dubbo.common.logger.slf4j.Slf4jLoggerAdapter

[2021-04-03 22:39:17] [operation_prod] [INFO] [main]  org.apache.coyote.http11.Http11NioProtocol-Starting ProtocolHandler ["http-nio-8081"]

[2021-04-03 22:39:17] [operation_prod] [INFO] [main]  cn.jxau.producer.App-Started App in 4.029 seconds (JVM running for 6.045)

[2021-04-03 22:39:21] [operation_prod] [INFO] [http-nio-8081-exec-1]  o.a.catalina.core.ContainerBase.[Tomcat].[localhost].[/]-Initializing Spring DispatcherServlet 'dispatcherServlet'

[2021-04-03 22:39:46] [operation_prod] [INFO] [main]  org.apache.dubbo.common.logger.LoggerFactory-using logger: org.apache.dubbo.common.logger.log4j.Log4jLoggerAdapter

[2021-04-03 22:39:46] [operation_prod] [INFO] [main]  o.a.d.s.boot.context.event.WelcomeLogoApplicationListener-

 :: Dubbo Spring Boot (v2.7.3) : https://github.com/apache/dubbo-spring-boot-project
 :: Dubbo (v2.7.3) : https://github.com/apache/incubator-dubbo
 :: Discuss group : dev@dubbo.apache.org


[2021-04-03 22:39:46] [operation_prod] [INFO] [main]  o.a.d.s.b.c.event.OverrideDubboConfigApplicationListener-Dubbo Config was overridden by externalized configuration {dubbo.application.logger=slf4j, dubbo.application.qos-enable=false, dubbo.config.multiple=true}

[2021-04-03 22:39:46] [operation_prod] [INFO] [main]  cn.jxau.producer.App-Starting App on DESKTOP-6CRAUAT with PID 29924 (D:\webProject\demo\producer\target\classes started by acer-L in D:\webProject\demo)

[2021-04-03 22:39:46] [operation_prod] [INFO] [main]  cn.jxau.producer.App-No active profile set, falling back to default profiles: default

[2021-04-03 22:39:47] [operation_prod] [INFO] [main]  o.a.d.c.s.context.annotation.DubboConfigBindingRegistrar-The dubbo config bean definition [name : org.apache.dubbo.config.ApplicationConfig#0, class : org.apache.dubbo.config.ApplicationConfig] has been registered.

[2021-04-03 22:39:47] [operation_prod] [INFO] [main]  o.a.d.c.s.context.annotation.DubboConfigBindingRegistrar-The BeanPostProcessor bean definition [org.apache.dubbo.config.spring.beans.factory.annotation.DubboConfigBindingBeanPostProcessor] for dubbo config bean [name : org.apache.dubbo.config.ApplicationConfig#0] has been registered.

[2021-04-03 22:39:47] [operation_prod] [INFO] [main]  org.apache.coyote.http11.Http11NioProtocol-Initializing ProtocolHandler ["http-nio-8081"]

[2021-04-03 22:39:47] [operation_prod] [INFO] [main]  org.apache.catalina.core.StandardService-Starting service [Tomcat]

[2021-04-03 22:39:47] [operation_prod] [INFO] [main]  org.apache.catalina.core.StandardEngine-Starting Servlet engine: [Apache Tomcat/9.0.29]

[2021-04-03 22:39:47] [operation_prod] [INFO] [main]  o.a.catalina.core.ContainerBase.[Tomcat].[localhost].[/]-Initializing Spring embedded WebApplicationContext

[2021-04-03 22:39:48] [operation_prod] [WARN] [main]  o.a.dubbo.config.spring.extension.SpringExtensionFactory- [DUBBO] No spring extension (bean) named:level, try to find an extension (bean) of type org.apache.dubbo.common.logger.Level, dubbo version: 2.7.3, current host: 10.221.34.247

[2021-04-03 22:39:48] [operation_prod] [WARN] [main]  o.a.dubbo.config.spring.extension.SpringExtensionFactory- [DUBBO] No spring extension (bean) named:level, type:org.apache.dubbo.common.logger.Level found, stop get bean., dubbo version: 2.7.3, current host: 10.221.34.247

[2021-04-03 22:39:48] [operation_prod] [WARN] [main]  o.a.dubbo.config.spring.extension.SpringExtensionFactory- [DUBBO] No spring extension (bean) named:file, try to find an extension (bean) of type java.io.File, dubbo version: 2.7.3, current host: 10.221.34.247

[2021-04-03 22:39:48] [operation_prod] [WARN] [main]  o.a.dubbo.config.spring.extension.SpringExtensionFactory- [DUBBO] No spring extension (bean) named:file, type:java.io.File found, stop get bean., dubbo version: 2.7.3, current host: 10.221.34.247

[2021-04-03 22:39:48] [operation_prod] [INFO] [main]  org.apache.dubbo.common.logger.LoggerFactory-using logger: org.apache.dubbo.common.logger.slf4j.Slf4jLoggerAdapter

[2021-04-03 22:39:48] [operation_prod] [INFO] [main]  o.a.d.c.s.b.f.annotation.DubboConfigBindingBeanPostProcessor-The properties of bean [name : org.apache.dubbo.config.ApplicationConfig#0] have been binding by prefix of configuration properties : dubbo.application

[2021-04-03 22:39:48] [operation_prod] [INFO] [main]  org.apache.dubbo.common.logger.LoggerFactory-using logger: org.apache.dubbo.common.logger.slf4j.Slf4jLoggerAdapter

[2021-04-03 22:39:48] [operation_prod] [INFO] [main]  org.apache.coyote.http11.Http11NioProtocol-Starting ProtocolHandler ["http-nio-8081"]

[2021-04-03 22:39:49] [operation_prod] [INFO] [main]  cn.jxau.producer.App-Started App in 2.792 seconds (JVM running for 4.555)

[2021-04-03 22:40:13] [operation_prod] [INFO] [main]  org.apache.dubbo.common.logger.LoggerFactory-using logger: org.apache.dubbo.common.logger.log4j.Log4jLoggerAdapter

[2021-04-03 22:40:13] [operation_prod] [INFO] [main]  o.a.d.s.boot.context.event.WelcomeLogoApplicationListener-

 :: Dubbo Spring Boot (v2.7.3) : https://github.com/apache/dubbo-spring-boot-project
 :: Dubbo (v2.7.3) : https://github.com/apache/incubator-dubbo
 :: Discuss group : dev@dubbo.apache.org


[2021-04-03 22:40:13] [operation_prod] [INFO] [main]  o.a.d.s.b.c.event.OverrideDubboConfigApplicationListener-Dubbo Config was overridden by externalized configuration {dubbo.application.logger=slf4j, dubbo.application.qos-enable=false, dubbo.config.multiple=true}

[2021-04-03 22:40:14] [operation_prod] [INFO] [main]  cn.jxau.producer.App-Starting App on DESKTOP-6CRAUAT with PID 15780 (D:\webProject\demo\producer\target\classes started by acer-L in D:\webProject\demo)

[2021-04-03 22:40:14] [operation_prod] [INFO] [main]  cn.jxau.producer.App-No active profile set, falling back to default profiles: default

[2021-04-03 22:40:14] [operation_prod] [INFO] [main]  o.a.d.c.s.context.annotation.DubboConfigBindingRegistrar-The dubbo config bean definition [name : org.apache.dubbo.config.ApplicationConfig#0, class : org.apache.dubbo.config.ApplicationConfig] has been registered.

[2021-04-03 22:40:14] [operation_prod] [INFO] [main]  o.a.d.c.s.context.annotation.DubboConfigBindingRegistrar-The BeanPostProcessor bean definition [org.apache.dubbo.config.spring.beans.factory.annotation.DubboConfigBindingBeanPostProcessor] for dubbo config bean [name : org.apache.dubbo.config.ApplicationConfig#0] has been registered.

[2021-04-03 22:40:15] [operation_prod] [INFO] [main]  org.apache.coyote.http11.Http11NioProtocol-Initializing ProtocolHandler ["http-nio-8081"]

[2021-04-03 22:40:15] [operation_prod] [INFO] [main]  org.apache.catalina.core.StandardService-Starting service [Tomcat]

[2021-04-03 22:40:15] [operation_prod] [INFO] [main]  org.apache.catalina.core.StandardEngine-Starting Servlet engine: [Apache Tomcat/9.0.29]

[2021-04-03 22:40:15] [operation_prod] [INFO] [main]  o.a.catalina.core.ContainerBase.[Tomcat].[localhost].[/]-Initializing Spring embedded WebApplicationContext

[2021-04-03 22:40:16] [operation_prod] [WARN] [main]  o.a.dubbo.config.spring.extension.SpringExtensionFactory- [DUBBO] No spring extension (bean) named:level, try to find an extension (bean) of type org.apache.dubbo.common.logger.Level, dubbo version: 2.7.3, current host: 10.221.34.247

[2021-04-03 22:40:16] [operation_prod] [WARN] [main]  o.a.dubbo.config.spring.extension.SpringExtensionFactory- [DUBBO] No spring extension (bean) named:level, type:org.apache.dubbo.common.logger.Level found, stop get bean., dubbo version: 2.7.3, current host: 10.221.34.247

[2021-04-03 22:40:16] [operation_prod] [WARN] [main]  o.a.dubbo.config.spring.extension.SpringExtensionFactory- [DUBBO] No spring extension (bean) named:file, try to find an extension (bean) of type java.io.File, dubbo version: 2.7.3, current host: 10.221.34.247

[2021-04-03 22:40:16] [operation_prod] [WARN] [main]  o.a.dubbo.config.spring.extension.SpringExtensionFactory- [DUBBO] No spring extension (bean) named:file, type:java.io.File found, stop get bean., dubbo version: 2.7.3, current host: 10.221.34.247

[2021-04-03 22:40:16] [operation_prod] [INFO] [main]  org.apache.dubbo.common.logger.LoggerFactory-using logger: org.apache.dubbo.common.logger.slf4j.Slf4jLoggerAdapter

[2021-04-03 22:40:16] [operation_prod] [INFO] [main]  o.a.d.c.s.b.f.annotation.DubboConfigBindingBeanPostProcessor-The properties of bean [name : org.apache.dubbo.config.ApplicationConfig#0] have been binding by prefix of configuration properties : dubbo.application

[2021-04-03 22:40:16] [operation_prod] [INFO] [main]  org.apache.dubbo.common.logger.LoggerFactory-using logger: org.apache.dubbo.common.logger.slf4j.Slf4jLoggerAdapter

[2021-04-03 22:40:16] [operation_prod] [INFO] [main]  org.apache.coyote.http11.Http11NioProtocol-Starting ProtocolHandler ["http-nio-8081"]

[2021-04-03 22:40:16] [operation_prod] [INFO] [main]  cn.jxau.producer.App-Started App in 3.231 seconds (JVM running for 5.026)

[2021-04-03 22:40:27] [operation_prod] [INFO] [http-nio-8081-exec-1]  o.a.catalina.core.ContainerBase.[Tomcat].[localhost].[/]-Initializing Spring DispatcherServlet 'dispatcherServlet'

[2021-04-03 22:41:12] [operation_prod] [INFO] [main]  org.apache.dubbo.common.logger.LoggerFactory-using logger: org.apache.dubbo.common.logger.log4j.Log4jLoggerAdapter

[2021-04-03 22:41:12] [operation_prod] [INFO] [main]  o.a.d.s.boot.context.event.WelcomeLogoApplicationListener-

 :: Dubbo Spring Boot (v2.7.3) : https://github.com/apache/dubbo-spring-boot-project
 :: Dubbo (v2.7.3) : https://github.com/apache/incubator-dubbo
 :: Discuss group : dev@dubbo.apache.org


[2021-04-03 22:41:12] [operation_prod] [INFO] [main]  o.a.d.s.b.c.event.OverrideDubboConfigApplicationListener-Dubbo Config was overridden by externalized configuration {dubbo.application.logger=slf4j, dubbo.application.qos-enable=false, dubbo.config.multiple=true}

[2021-04-03 22:41:12] [operation_prod] [INFO] [main]  cn.jxau.producer.App-Starting App on DESKTOP-6CRAUAT with PID 25100 (D:\webProject\demo\producer\target\classes started by acer-L in D:\webProject\demo)

[2021-04-03 22:41:12] [operation_prod] [INFO] [main]  cn.jxau.producer.App-No active profile set, falling back to default profiles: default

[2021-04-03 22:41:13] [operation_prod] [INFO] [main]  o.a.d.c.s.context.annotation.DubboConfigBindingRegistrar-The dubbo config bean definition [name : org.apache.dubbo.config.ApplicationConfig#0, class : org.apache.dubbo.config.ApplicationConfig] has been registered.

[2021-04-03 22:41:13] [operation_prod] [INFO] [main]  o.a.d.c.s.context.annotation.DubboConfigBindingRegistrar-The BeanPostProcessor bean definition [org.apache.dubbo.config.spring.beans.factory.annotation.DubboConfigBindingBeanPostProcessor] for dubbo config bean [name : org.apache.dubbo.config.ApplicationConfig#0] has been registered.

[2021-04-03 22:41:14] [operation_prod] [INFO] [main]  org.apache.coyote.http11.Http11NioProtocol-Initializing ProtocolHandler ["http-nio-8081"]

[2021-04-03 22:41:14] [operation_prod] [INFO] [main]  org.apache.catalina.core.StandardService-Starting service [Tomcat]

[2021-04-03 22:41:14] [operation_prod] [INFO] [main]  org.apache.catalina.core.StandardEngine-Starting Servlet engine: [Apache Tomcat/9.0.29]

[2021-04-03 22:41:14] [operation_prod] [INFO] [main]  o.a.catalina.core.ContainerBase.[Tomcat].[localhost].[/]-Initializing Spring embedded WebApplicationContext

[2021-04-03 22:41:15] [operation_prod] [WARN] [main]  o.a.dubbo.config.spring.extension.SpringExtensionFactory- [DUBBO] No spring extension (bean) named:level, try to find an extension (bean) of type org.apache.dubbo.common.logger.Level, dubbo version: 2.7.3, current host: 10.221.34.247

[2021-04-03 22:41:15] [operation_prod] [WARN] [main]  o.a.dubbo.config.spring.extension.SpringExtensionFactory- [DUBBO] No spring extension (bean) named:level, type:org.apache.dubbo.common.logger.Level found, stop get bean., dubbo version: 2.7.3, current host: 10.221.34.247

[2021-04-03 22:41:15] [operation_prod] [WARN] [main]  o.a.dubbo.config.spring.extension.SpringExtensionFactory- [DUBBO] No spring extension (bean) named:file, try to find an extension (bean) of type java.io.File, dubbo version: 2.7.3, current host: 10.221.34.247

[2021-04-03 22:41:15] [operation_prod] [WARN] [main]  o.a.dubbo.config.spring.extension.SpringExtensionFactory- [DUBBO] No spring extension (bean) named:file, type:java.io.File found, stop get bean., dubbo version: 2.7.3, current host: 10.221.34.247

[2021-04-03 22:41:15] [operation_prod] [INFO] [main]  org.apache.dubbo.common.logger.LoggerFactory-using logger: org.apache.dubbo.common.logger.slf4j.Slf4jLoggerAdapter

[2021-04-03 22:41:15] [operation_prod] [INFO] [main]  o.a.d.c.s.b.f.annotation.DubboConfigBindingBeanPostProcessor-The properties of bean [name : org.apache.dubbo.config.ApplicationConfig#0] have been binding by prefix of configuration properties : dubbo.application

[2021-04-03 22:41:15] [operation_prod] [INFO] [main]  org.apache.dubbo.common.logger.LoggerFactory-using logger: org.apache.dubbo.common.logger.slf4j.Slf4jLoggerAdapter

[2021-04-03 22:41:15] [operation_prod] [INFO] [main]  org.apache.coyote.http11.Http11NioProtocol-Starting ProtocolHandler ["http-nio-8081"]

[2021-04-03 22:41:15] [operation_prod] [INFO] [main]  cn.jxau.producer.App-Started App in 3.737 seconds (JVM running for 5.824)

[2021-04-03 22:41:22] [operation_prod] [INFO] [http-nio-8081-exec-1]  o.a.catalina.core.ContainerBase.[Tomcat].[localhost].[/]-Initializing Spring DispatcherServlet 'dispatcherServlet'

[2021-04-03 22:44:05] [operation_prod] [INFO] [main]  org.apache.dubbo.common.logger.LoggerFactory-using logger: org.apache.dubbo.common.logger.log4j.Log4jLoggerAdapter

[2021-04-03 22:44:05] [operation_prod] [INFO] [main]  o.a.d.s.boot.context.event.WelcomeLogoApplicationListener-

 :: Dubbo Spring Boot (v2.7.3) : https://github.com/apache/dubbo-spring-boot-project
 :: Dubbo (v2.7.3) : https://github.com/apache/incubator-dubbo
 :: Discuss group : dev@dubbo.apache.org


[2021-04-03 22:44:05] [operation_prod] [INFO] [main]  o.a.d.s.b.c.event.OverrideDubboConfigApplicationListener-Dubbo Config was overridden by externalized configuration {dubbo.application.logger=slf4j, dubbo.application.qos-enable=false, dubbo.config.multiple=true}

[2021-04-03 22:44:05] [operation_prod] [INFO] [main]  cn.jxau.producer.App-Starting App on DESKTOP-6CRAUAT with PID 19844 (D:\webProject\demo\producer\target\classes started by acer-L in D:\webProject\demo)

[2021-04-03 22:44:05] [operation_prod] [INFO] [main]  cn.jxau.producer.App-No active profile set, falling back to default profiles: default

[2021-04-03 22:44:05] [operation_prod] [INFO] [main]  o.a.d.c.s.context.annotation.DubboConfigBindingRegistrar-The dubbo config bean definition [name : org.apache.dubbo.config.ApplicationConfig#0, class : org.apache.dubbo.config.ApplicationConfig] has been registered.

[2021-04-03 22:44:05] [operation_prod] [INFO] [main]  o.a.d.c.s.context.annotation.DubboConfigBindingRegistrar-The BeanPostProcessor bean definition [org.apache.dubbo.config.spring.beans.factory.annotation.DubboConfigBindingBeanPostProcessor] for dubbo config bean [name : org.apache.dubbo.config.ApplicationConfig#0] has been registered.

[2021-04-03 22:44:07] [operation_prod] [INFO] [main]  org.apache.coyote.http11.Http11NioProtocol-Initializing ProtocolHandler ["http-nio-8081"]

[2021-04-03 22:44:07] [operation_prod] [INFO] [main]  org.apache.catalina.core.StandardService-Starting service [Tomcat]

[2021-04-03 22:44:07] [operation_prod] [INFO] [main]  org.apache.catalina.core.StandardEngine-Starting Servlet engine: [Apache Tomcat/9.0.29]

[2021-04-03 22:44:07] [operation_prod] [INFO] [main]  o.a.catalina.core.ContainerBase.[Tomcat].[localhost].[/]-Initializing Spring embedded WebApplicationContext

[2021-04-03 22:44:08] [operation_prod] [WARN] [main]  o.a.dubbo.config.spring.extension.SpringExtensionFactory- [DUBBO] No spring extension (bean) named:level, try to find an extension (bean) of type org.apache.dubbo.common.logger.Level, dubbo version: 2.7.3, current host: 10.221.34.247

[2021-04-03 22:44:08] [operation_prod] [WARN] [main]  o.a.dubbo.config.spring.extension.SpringExtensionFactory- [DUBBO] No spring extension (bean) named:level, type:org.apache.dubbo.common.logger.Level found, stop get bean., dubbo version: 2.7.3, current host: 10.221.34.247

[2021-04-03 22:44:08] [operation_prod] [WARN] [main]  o.a.dubbo.config.spring.extension.SpringExtensionFactory- [DUBBO] No spring extension (bean) named:file, try to find an extension (bean) of type java.io.File, dubbo version: 2.7.3, current host: 10.221.34.247

[2021-04-03 22:44:08] [operation_prod] [WARN] [main]  o.a.dubbo.config.spring.extension.SpringExtensionFactory- [DUBBO] No spring extension (bean) named:file, type:java.io.File found, stop get bean., dubbo version: 2.7.3, current host: 10.221.34.247

[2021-04-03 22:44:08] [operation_prod] [INFO] [main]  org.apache.dubbo.common.logger.LoggerFactory-using logger: org.apache.dubbo.common.logger.slf4j.Slf4jLoggerAdapter

[2021-04-03 22:44:08] [operation_prod] [INFO] [main]  o.a.d.c.s.b.f.annotation.DubboConfigBindingBeanPostProcessor-The properties of bean [name : org.apache.dubbo.config.ApplicationConfig#0] have been binding by prefix of configuration properties : dubbo.application

[2021-04-03 22:44:08] [operation_prod] [INFO] [main]  org.apache.dubbo.common.logger.LoggerFactory-using logger: org.apache.dubbo.common.logger.slf4j.Slf4jLoggerAdapter

[2021-04-03 22:44:09] [operation_prod] [INFO] [main]  org.apache.coyote.http11.Http11NioProtocol-Starting ProtocolHandler ["http-nio-8081"]

[2021-04-03 22:44:09] [operation_prod] [INFO] [main]  cn.jxau.producer.App-Started App in 4.498 seconds (JVM running for 6.628)

[2021-04-03 22:44:30] [operation_prod] [INFO] [http-nio-8081-exec-1]  o.a.catalina.core.ContainerBase.[Tomcat].[localhost].[/]-Initializing Spring DispatcherServlet 'dispatcherServlet'

[2021-04-03 22:45:06] [operation_prod] [INFO] [main]  org.apache.dubbo.common.logger.LoggerFactory-using logger: org.apache.dubbo.common.logger.log4j.Log4jLoggerAdapter

[2021-04-03 22:45:06] [operation_prod] [INFO] [main]  o.a.d.s.boot.context.event.WelcomeLogoApplicationListener-

 :: Dubbo Spring Boot (v2.7.3) : https://github.com/apache/dubbo-spring-boot-project
 :: Dubbo (v2.7.3) : https://github.com/apache/incubator-dubbo
 :: Discuss group : dev@dubbo.apache.org


[2021-04-03 22:45:06] [operation_prod] [INFO] [main]  o.a.d.s.b.c.event.OverrideDubboConfigApplicationListener-Dubbo Config was overridden by externalized configuration {dubbo.application.logger=slf4j, dubbo.application.qos-enable=false, dubbo.config.multiple=true}

[2021-04-03 22:45:06] [operation_prod] [INFO] [main]  cn.jxau.producer.App-Starting App on DESKTOP-6CRAUAT with PID 35328 (D:\webProject\demo\producer\target\classes started by acer-L in D:\webProject\demo)

[2021-04-03 22:45:06] [operation_prod] [INFO] [main]  cn.jxau.producer.App-No active profile set, falling back to default profiles: default

[2021-04-03 22:45:07] [operation_prod] [INFO] [main]  o.a.d.c.s.context.annotation.DubboConfigBindingRegistrar-The dubbo config bean definition [name : org.apache.dubbo.config.ApplicationConfig#0, class : org.apache.dubbo.config.ApplicationConfig] has been registered.

[2021-04-03 22:45:07] [operation_prod] [INFO] [main]  o.a.d.c.s.context.annotation.DubboConfigBindingRegistrar-The BeanPostProcessor bean definition [org.apache.dubbo.config.spring.beans.factory.annotation.DubboConfigBindingBeanPostProcessor] for dubbo config bean [name : org.apache.dubbo.config.ApplicationConfig#0] has been registered.

[2021-04-03 22:45:08] [operation_prod] [INFO] [main]  org.apache.coyote.http11.Http11NioProtocol-Initializing ProtocolHandler ["http-nio-8081"]

[2021-04-03 22:45:08] [operation_prod] [INFO] [main]  org.apache.catalina.core.StandardService-Starting service [Tomcat]

[2021-04-03 22:45:08] [operation_prod] [INFO] [main]  org.apache.catalina.core.StandardEngine-Starting Servlet engine: [Apache Tomcat/9.0.29]

[2021-04-03 22:45:08] [operation_prod] [INFO] [main]  o.a.catalina.core.ContainerBase.[Tomcat].[localhost].[/]-Initializing Spring embedded WebApplicationContext

[2021-04-03 22:45:09] [operation_prod] [WARN] [main]  o.a.dubbo.config.spring.extension.SpringExtensionFactory- [DUBBO] No spring extension (bean) named:level, try to find an extension (bean) of type org.apache.dubbo.common.logger.Level, dubbo version: 2.7.3, current host: 10.221.34.247

[2021-04-03 22:45:09] [operation_prod] [WARN] [main]  o.a.dubbo.config.spring.extension.SpringExtensionFactory- [DUBBO] No spring extension (bean) named:level, type:org.apache.dubbo.common.logger.Level found, stop get bean., dubbo version: 2.7.3, current host: 10.221.34.247

[2021-04-03 22:45:09] [operation_prod] [WARN] [main]  o.a.dubbo.config.spring.extension.SpringExtensionFactory- [DUBBO] No spring extension (bean) named:file, try to find an extension (bean) of type java.io.File, dubbo version: 2.7.3, current host: 10.221.34.247

[2021-04-03 22:45:09] [operation_prod] [WARN] [main]  o.a.dubbo.config.spring.extension.SpringExtensionFactory- [DUBBO] No spring extension (bean) named:file, type:java.io.File found, stop get bean., dubbo version: 2.7.3, current host: 10.221.34.247

[2021-04-03 22:45:09] [operation_prod] [INFO] [main]  org.apache.dubbo.common.logger.LoggerFactory-using logger: org.apache.dubbo.common.logger.slf4j.Slf4jLoggerAdapter

[2021-04-03 22:45:09] [operation_prod] [INFO] [main]  o.a.d.c.s.b.f.annotation.DubboConfigBindingBeanPostProcessor-The properties of bean [name : org.apache.dubbo.config.ApplicationConfig#0] have been binding by prefix of configuration properties : dubbo.application

[2021-04-03 22:45:09] [operation_prod] [INFO] [main]  org.apache.dubbo.common.logger.LoggerFactory-using logger: org.apache.dubbo.common.logger.slf4j.Slf4jLoggerAdapter

[2021-04-03 22:45:09] [operation_prod] [INFO] [main]  org.apache.coyote.http11.Http11NioProtocol-Starting ProtocolHandler ["http-nio-8081"]

[2021-04-03 22:45:09] [operation_prod] [INFO] [main]  cn.jxau.producer.App-Started App in 3.159 seconds (JVM running for 4.88)

[2021-04-03 22:45:35] [operation_prod] [INFO] [http-nio-8081-exec-1]  o.a.catalina.core.ContainerBase.[Tomcat].[localhost].[/]-Initializing Spring DispatcherServlet 'dispatcherServlet'

[2021-04-03 22:49:03] [operation_prod] [INFO] [main]  org.apache.dubbo.common.logger.LoggerFactory-using logger: org.apache.dubbo.common.logger.log4j.Log4jLoggerAdapter

[2021-04-03 22:49:03] [operation_prod] [INFO] [main]  o.a.d.s.boot.context.event.WelcomeLogoApplicationListener-

 :: Dubbo Spring Boot (v2.7.3) : https://github.com/apache/dubbo-spring-boot-project
 :: Dubbo (v2.7.3) : https://github.com/apache/incubator-dubbo
 :: Discuss group : dev@dubbo.apache.org


[2021-04-03 22:49:03] [operation_prod] [INFO] [main]  o.a.d.s.b.c.event.OverrideDubboConfigApplicationListener-Dubbo Config was overridden by externalized configuration {dubbo.application.logger=slf4j, dubbo.application.qos-enable=false, dubbo.config.multiple=true}

[2021-04-03 22:49:03] [operation_prod] [INFO] [main]  cn.jxau.producer.TestFinagle-Starting TestFinagle on DESKTOP-6CRAUAT with PID 35240 (started by acer-L in D:\webProject\demo\producer)

[2021-04-03 22:49:03] [operation_prod] [INFO] [main]  cn.jxau.producer.TestFinagle-No active profile set, falling back to default profiles: default

[2021-04-03 22:49:04] [operation_prod] [INFO] [main]  o.a.d.c.s.context.annotation.DubboConfigBindingRegistrar-The dubbo config bean definition [name : org.apache.dubbo.config.ApplicationConfig#0, class : org.apache.dubbo.config.ApplicationConfig] has been registered.

[2021-04-03 22:49:04] [operation_prod] [INFO] [main]  o.a.d.c.s.context.annotation.DubboConfigBindingRegistrar-The BeanPostProcessor bean definition [org.apache.dubbo.config.spring.beans.factory.annotation.DubboConfigBindingBeanPostProcessor] for dubbo config bean [name : org.apache.dubbo.config.ApplicationConfig#0] has been registered.

[2021-04-03 22:49:07] [operation_prod] [WARN] [main]  o.a.dubbo.config.spring.extension.SpringExtensionFactory- [DUBBO] No spring extension (bean) named:level, try to find an extension (bean) of type org.apache.dubbo.common.logger.Level, dubbo version: 2.7.3, current host: 10.221.34.247

[2021-04-03 22:49:07] [operation_prod] [WARN] [main]  o.a.dubbo.config.spring.extension.SpringExtensionFactory- [DUBBO] No spring extension (bean) named:level, type:org.apache.dubbo.common.logger.Level found, stop get bean., dubbo version: 2.7.3, current host: 10.221.34.247

[2021-04-03 22:49:07] [operation_prod] [WARN] [main]  o.a.dubbo.config.spring.extension.SpringExtensionFactory- [DUBBO] No spring extension (bean) named:file, try to find an extension (bean) of type java.io.File, dubbo version: 2.7.3, current host: 10.221.34.247

[2021-04-03 22:49:07] [operation_prod] [WARN] [main]  o.a.dubbo.config.spring.extension.SpringExtensionFactory- [DUBBO] No spring extension (bean) named:file, type:java.io.File found, stop get bean., dubbo version: 2.7.3, current host: 10.221.34.247

[2021-04-03 22:49:07] [operation_prod] [INFO] [main]  org.apache.dubbo.common.logger.LoggerFactory-using logger: org.apache.dubbo.common.logger.slf4j.Slf4jLoggerAdapter

[2021-04-03 22:49:07] [operation_prod] [INFO] [main]  o.a.d.c.s.b.f.annotation.DubboConfigBindingBeanPostProcessor-The properties of bean [name : org.apache.dubbo.config.ApplicationConfig#0] have been binding by prefix of configuration properties : dubbo.application

[2021-04-03 22:49:07] [operation_prod] [INFO] [main]  org.apache.dubbo.common.logger.LoggerFactory-using logger: org.apache.dubbo.common.logger.slf4j.Slf4jLoggerAdapter

[2021-04-03 22:49:07] [operation_prod] [INFO] [main]  cn.jxau.producer.TestFinagle-Started TestFinagle in 4.461 seconds (JVM running for 6.201)

[2021-04-03 22:49:07] [operation_prod] [INFO] [DubboShutdownHook]  org.apache.dubbo.config.DubboShutdownHook- [DUBBO] Run shutdown hook now., dubbo version: 2.7.3, current host: 10.221.34.247

[2021-04-03 22:49:07] [operation_prod] [INFO] [DubboShutdownHook]  org.apache.dubbo.registry.support.AbstractRegistryFactory- [DUBBO] Close all registries [], dubbo version: 2.7.3, current host: 10.221.34.247

[2021-04-03 22:49:07] [operation_prod] [INFO] [SpringContextShutdownHook]  o.a.d.s.boot.context.event.AwaitingNonWebApplicationListener- [Dubbo] Current Spring Boot Application is about to shutdown...

[2021-04-03 22:49:07] [operation_prod] [INFO] [SpringContextShutdownHook]  o.a.d.c.s.b.f.a.ReferenceAnnotationBeanPostProcessor-class org.apache.dubbo.config.spring.beans.factory.annotation.ReferenceAnnotationBeanPostProcessor was destroying!

[2021-04-03 22:49:27] [operation_prod] [INFO] [main]  org.apache.dubbo.common.logger.LoggerFactory-using logger: org.apache.dubbo.common.logger.log4j.Log4jLoggerAdapter

[2021-04-03 22:49:27] [operation_prod] [INFO] [main]  o.a.d.s.boot.context.event.WelcomeLogoApplicationListener-

 :: Dubbo Spring Boot (v2.7.3) : https://github.com/apache/dubbo-spring-boot-project
 :: Dubbo (v2.7.3) : https://github.com/apache/incubator-dubbo
 :: Discuss group : dev@dubbo.apache.org


[2021-04-03 22:49:27] [operation_prod] [INFO] [main]  o.a.d.s.b.c.event.OverrideDubboConfigApplicationListener-Dubbo Config was overridden by externalized configuration {dubbo.application.logger=slf4j, dubbo.application.qos-enable=false, dubbo.config.multiple=true}

[2021-04-03 22:49:27] [operation_prod] [INFO] [main]  cn.jxau.producer.TestFinagle-Starting TestFinagle on DESKTOP-6CRAUAT with PID 15888 (started by acer-L in D:\webProject\demo\producer)

[2021-04-03 22:49:27] [operation_prod] [INFO] [main]  cn.jxau.producer.TestFinagle-No active profile set, falling back to default profiles: default

[2021-04-03 22:49:28] [operation_prod] [INFO] [main]  o.a.d.c.s.context.annotation.DubboConfigBindingRegistrar-The dubbo config bean definition [name : org.apache.dubbo.config.ApplicationConfig#0, class : org.apache.dubbo.config.ApplicationConfig] has been registered.

[2021-04-03 22:49:28] [operation_prod] [INFO] [main]  o.a.d.c.s.context.annotation.DubboConfigBindingRegistrar-The BeanPostProcessor bean definition [org.apache.dubbo.config.spring.beans.factory.annotation.DubboConfigBindingBeanPostProcessor] for dubbo config bean [name : org.apache.dubbo.config.ApplicationConfig#0] has been registered.

[2021-04-03 22:49:31] [operation_prod] [WARN] [main]  o.a.dubbo.config.spring.extension.SpringExtensionFactory- [DUBBO] No spring extension (bean) named:file, try to find an extension (bean) of type java.io.File, dubbo version: 2.7.3, current host: 10.221.34.247

[2021-04-03 22:49:31] [operation_prod] [WARN] [main]  o.a.dubbo.config.spring.extension.SpringExtensionFactory- [DUBBO] No spring extension (bean) named:file, type:java.io.File found, stop get bean., dubbo version: 2.7.3, current host: 10.221.34.247

[2021-04-03 22:49:31] [operation_prod] [WARN] [main]  o.a.dubbo.config.spring.extension.SpringExtensionFactory- [DUBBO] No spring extension (bean) named:level, try to find an extension (bean) of type org.apache.dubbo.common.logger.Level, dubbo version: 2.7.3, current host: 10.221.34.247

[2021-04-03 22:49:31] [operation_prod] [WARN] [main]  o.a.dubbo.config.spring.extension.SpringExtensionFactory- [DUBBO] No spring extension (bean) named:level, type:org.apache.dubbo.common.logger.Level found, stop get bean., dubbo version: 2.7.3, current host: 10.221.34.247

[2021-04-03 22:49:31] [operation_prod] [INFO] [main]  org.apache.dubbo.common.logger.LoggerFactory-using logger: org.apache.dubbo.common.logger.slf4j.Slf4jLoggerAdapter

[2021-04-03 22:49:31] [operation_prod] [INFO] [main]  o.a.d.c.s.b.f.annotation.DubboConfigBindingBeanPostProcessor-The properties of bean [name : org.apache.dubbo.config.ApplicationConfig#0] have been binding by prefix of configuration properties : dubbo.application

[2021-04-03 22:49:31] [operation_prod] [INFO] [main]  org.apache.dubbo.common.logger.LoggerFactory-using logger: org.apache.dubbo.common.logger.slf4j.Slf4jLoggerAdapter

[2021-04-03 22:49:32] [operation_prod] [INFO] [main]  cn.jxau.producer.TestFinagle-Started TestFinagle in 5.884 seconds (JVM running for 8.438)

[2021-04-03 22:49:41] [operation_prod] [INFO] [DubboShutdownHook]  org.apache.dubbo.config.DubboShutdownHook- [DUBBO] Run shutdown hook now., dubbo version: 2.7.3, current host: 10.221.34.247

[2021-04-03 22:49:41] [operation_prod] [INFO] [SpringContextShutdownHook]  o.a.d.s.boot.context.event.AwaitingNonWebApplicationListener- [Dubbo] Current Spring Boot Application is about to shutdown...

[2021-04-03 22:49:41] [operation_prod] [INFO] [DubboShutdownHook]  org.apache.dubbo.registry.support.AbstractRegistryFactory- [DUBBO] Close all registries [], dubbo version: 2.7.3, current host: 10.221.34.247

[2021-04-03 22:49:41] [operation_prod] [INFO] [SpringContextShutdownHook]  o.a.d.c.s.b.f.a.ReferenceAnnotationBeanPostProcessor-class org.apache.dubbo.config.spring.beans.factory.annotation.ReferenceAnnotationBeanPostProcessor was destroying!

[2021-04-03 22:49:45] [operation_prod] [INFO] [main]  org.apache.dubbo.common.logger.LoggerFactory-using logger: org.apache.dubbo.common.logger.log4j.Log4jLoggerAdapter

[2021-04-03 22:49:45] [operation_prod] [INFO] [main]  o.a.d.s.boot.context.event.WelcomeLogoApplicationListener-

 :: Dubbo Spring Boot (v2.7.3) : https://github.com/apache/dubbo-spring-boot-project
 :: Dubbo (v2.7.3) : https://github.com/apache/incubator-dubbo
 :: Discuss group : dev@dubbo.apache.org


[2021-04-03 22:49:45] [operation_prod] [INFO] [main]  o.a.d.s.b.c.event.OverrideDubboConfigApplicationListener-Dubbo Config was overridden by externalized configuration {dubbo.application.logger=slf4j, dubbo.application.qos-enable=false, dubbo.config.multiple=true}

[2021-04-03 22:49:46] [operation_prod] [INFO] [main]  cn.jxau.producer.TestFinagle-Starting TestFinagle on DESKTOP-6CRAUAT with PID 25564 (started by acer-L in D:\webProject\demo\producer)

[2021-04-03 22:49:46] [operation_prod] [INFO] [main]  cn.jxau.producer.TestFinagle-No active profile set, falling back to default profiles: default

[2021-04-03 22:49:46] [operation_prod] [INFO] [main]  o.a.d.c.s.context.annotation.DubboConfigBindingRegistrar-The dubbo config bean definition [name : org.apache.dubbo.config.ApplicationConfig#0, class : org.apache.dubbo.config.ApplicationConfig] has been registered.

[2021-04-03 22:49:46] [operation_prod] [INFO] [main]  o.a.d.c.s.context.annotation.DubboConfigBindingRegistrar-The BeanPostProcessor bean definition [org.apache.dubbo.config.spring.beans.factory.annotation.DubboConfigBindingBeanPostProcessor] for dubbo config bean [name : org.apache.dubbo.config.ApplicationConfig#0] has been registered.

[2021-04-03 22:49:50] [operation_prod] [WARN] [main]  o.a.dubbo.config.spring.extension.SpringExtensionFactory- [DUBBO] No spring extension (bean) named:level, try to find an extension (bean) of type org.apache.dubbo.common.logger.Level, dubbo version: 2.7.3, current host: 10.221.34.247

[2021-04-03 22:49:50] [operation_prod] [WARN] [main]  o.a.dubbo.config.spring.extension.SpringExtensionFactory- [DUBBO] No spring extension (bean) named:level, type:org.apache.dubbo.common.logger.Level found, stop get bean., dubbo version: 2.7.3, current host: 10.221.34.247

[2021-04-03 22:49:50] [operation_prod] [WARN] [main]  o.a.dubbo.config.spring.extension.SpringExtensionFactory- [DUBBO] No spring extension (bean) named:file, try to find an extension (bean) of type java.io.File, dubbo version: 2.7.3, current host: 10.221.34.247

[2021-04-03 22:49:50] [operation_prod] [WARN] [main]  o.a.dubbo.config.spring.extension.SpringExtensionFactory- [DUBBO] No spring extension (bean) named:file, type:java.io.File found, stop get bean., dubbo version: 2.7.3, current host: 10.221.34.247

[2021-04-03 22:49:50] [operation_prod] [INFO] [main]  org.apache.dubbo.common.logger.LoggerFactory-using logger: org.apache.dubbo.common.logger.slf4j.Slf4jLoggerAdapter

[2021-04-03 22:49:50] [operation_prod] [INFO] [main]  o.a.d.c.s.b.f.annotation.DubboConfigBindingBeanPostProcessor-The properties of bean [name : org.apache.dubbo.config.ApplicationConfig#0] have been binding by prefix of configuration properties : dubbo.application

[2021-04-03 22:49:50] [operation_prod] [INFO] [main]  org.apache.dubbo.common.logger.LoggerFactory-using logger: org.apache.dubbo.common.logger.slf4j.Slf4jLoggerAdapter

[2021-04-03 22:49:50] [operation_prod] [INFO] [main]  cn.jxau.producer.TestFinagle-Started TestFinagle in 5.308 seconds (JVM running for 7.124)

[2021-04-03 22:51:39] [operation_prod] [INFO] [DubboShutdownHook]  org.apache.dubbo.config.DubboShutdownHook- [DUBBO] Run shutdown hook now., dubbo version: 2.7.3, current host: 10.221.34.247

[2021-04-03 22:51:39] [operation_prod] [INFO] [SpringContextShutdownHook]  o.a.d.s.boot.context.event.AwaitingNonWebApplicationListener- [Dubbo] Current Spring Boot Application is about to shutdown...

[2021-04-03 22:51:39] [operation_prod] [INFO] [DubboShutdownHook]  org.apache.dubbo.registry.support.AbstractRegistryFactory- [DUBBO] Close all registries [], dubbo version: 2.7.3, current host: 10.221.34.247

[2021-04-03 22:51:39] [operation_prod] [INFO] [SpringContextShutdownHook]  o.a.d.c.s.b.f.a.ReferenceAnnotationBeanPostProcessor-class org.apache.dubbo.config.spring.beans.factory.annotation.ReferenceAnnotationBeanPostProcessor was destroying!

[2021-04-03 22:53:41] [operation_prod] [INFO] [main]  org.apache.dubbo.common.logger.LoggerFactory-using logger: org.apache.dubbo.common.logger.log4j.Log4jLoggerAdapter

[2021-04-03 22:53:41] [operation_prod] [INFO] [main]  o.a.d.s.boot.context.event.WelcomeLogoApplicationListener-

 :: Dubbo Spring Boot (v2.7.3) : https://github.com/apache/dubbo-spring-boot-project
 :: Dubbo (v2.7.3) : https://github.com/apache/incubator-dubbo
 :: Discuss group : dev@dubbo.apache.org


[2021-04-03 22:53:41] [operation_prod] [INFO] [main]  o.a.d.s.b.c.event.OverrideDubboConfigApplicationListener-Dubbo Config was overridden by externalized configuration {dubbo.application.logger=slf4j, dubbo.application.qos-enable=false, dubbo.config.multiple=true}

[2021-04-03 22:53:42] [operation_prod] [INFO] [main]  cn.jxau.producer.TestFinagle-Starting TestFinagle on DESKTOP-6CRAUAT with PID 29892 (started by acer-L in D:\webProject\demo\producer)

[2021-04-03 22:53:42] [operation_prod] [INFO] [main]  cn.jxau.producer.TestFinagle-No active profile set, falling back to default profiles: default

[2021-04-03 22:53:43] [operation_prod] [INFO] [main]  o.a.d.c.s.context.annotation.DubboConfigBindingRegistrar-The dubbo config bean definition [name : org.apache.dubbo.config.ApplicationConfig#0, class : org.apache.dubbo.config.ApplicationConfig] has been registered.

[2021-04-03 22:53:43] [operation_prod] [INFO] [main]  o.a.d.c.s.context.annotation.DubboConfigBindingRegistrar-The BeanPostProcessor bean definition [org.apache.dubbo.config.spring.beans.factory.annotation.DubboConfigBindingBeanPostProcessor] for dubbo config bean [name : org.apache.dubbo.config.ApplicationConfig#0] has been registered.

[2021-04-03 22:53:46] [operation_prod] [WARN] [main]  o.a.dubbo.config.spring.extension.SpringExtensionFactory- [DUBBO] No spring extension (bean) named:file, try to find an extension (bean) of type java.io.File, dubbo version: 2.7.3, current host: 10.221.34.247

[2021-04-03 22:53:46] [operation_prod] [WARN] [main]  o.a.dubbo.config.spring.extension.SpringExtensionFactory- [DUBBO] No spring extension (bean) named:file, type:java.io.File found, stop get bean., dubbo version: 2.7.3, current host: 10.221.34.247

[2021-04-03 22:53:46] [operation_prod] [WARN] [main]  o.a.dubbo.config.spring.extension.SpringExtensionFactory- [DUBBO] No spring extension (bean) named:level, try to find an extension (bean) of type org.apache.dubbo.common.logger.Level, dubbo version: 2.7.3, current host: 10.221.34.247

[2021-04-03 22:53:46] [operation_prod] [WARN] [main]  o.a.dubbo.config.spring.extension.SpringExtensionFactory- [DUBBO] No spring extension (bean) named:level, type:org.apache.dubbo.common.logger.Level found, stop get bean., dubbo version: 2.7.3, current host: 10.221.34.247

[2021-04-03 22:53:46] [operation_prod] [INFO] [main]  org.apache.dubbo.common.logger.LoggerFactory-using logger: org.apache.dubbo.common.logger.slf4j.Slf4jLoggerAdapter

[2021-04-03 22:53:46] [operation_prod] [INFO] [main]  o.a.d.c.s.b.f.annotation.DubboConfigBindingBeanPostProcessor-The properties of bean [name : org.apache.dubbo.config.ApplicationConfig#0] have been binding by prefix of configuration properties : dubbo.application

[2021-04-03 22:53:46] [operation_prod] [INFO] [main]  org.apache.dubbo.common.logger.LoggerFactory-using logger: org.apache.dubbo.common.logger.slf4j.Slf4jLoggerAdapter

[2021-04-03 22:53:47] [operation_prod] [INFO] [main]  cn.jxau.producer.TestFinagle-Started TestFinagle in 5.678 seconds (JVM running for 7.143)

[2021-04-03 22:53:47] [operation_prod] [INFO] [DubboShutdownHook]  org.apache.dubbo.config.DubboShutdownHook- [DUBBO] Run shutdown hook now., dubbo version: 2.7.3, current host: 10.221.34.247

[2021-04-03 22:53:47] [operation_prod] [INFO] [DubboShutdownHook]  org.apache.dubbo.registry.support.AbstractRegistryFactory- [DUBBO] Close all registries [], dubbo version: 2.7.3, current host: 10.221.34.247

[2021-04-03 22:53:47] [operation_prod] [INFO] [SpringContextShutdownHook]  o.a.d.s.boot.context.event.AwaitingNonWebApplicationListener- [Dubbo] Current Spring Boot Application is about to shutdown...

[2021-04-03 22:53:47] [operation_prod] [INFO] [SpringContextShutdownHook]  o.a.d.c.s.b.f.a.ReferenceAnnotationBeanPostProcessor-class org.apache.dubbo.config.spring.beans.factory.annotation.ReferenceAnnotationBeanPostProcessor was destroying!

[2021-04-03 22:55:12] [operation_prod] [INFO] [main]  org.apache.dubbo.common.logger.LoggerFactory-using logger: org.apache.dubbo.common.logger.log4j.Log4jLoggerAdapter

[2021-04-03 22:55:12] [operation_prod] [INFO] [main]  o.a.d.s.boot.context.event.WelcomeLogoApplicationListener-

 :: Dubbo Spring Boot (v2.7.3) : https://github.com/apache/dubbo-spring-boot-project
 :: Dubbo (v2.7.3) : https://github.com/apache/incubator-dubbo
 :: Discuss group : dev@dubbo.apache.org


[2021-04-03 22:55:12] [operation_prod] [INFO] [main]  o.a.d.s.b.c.event.OverrideDubboConfigApplicationListener-Dubbo Config was overridden by externalized configuration {dubbo.application.logger=slf4j, dubbo.application.qos-enable=false, dubbo.config.multiple=true}

[2021-04-03 22:55:12] [operation_prod] [INFO] [main]  cn.jxau.producer.TestFinagle-Starting TestFinagle on DESKTOP-6CRAUAT with PID 19704 (started by acer-L in D:\webProject\demo\producer)

[2021-04-03 22:55:12] [operation_prod] [INFO] [main]  cn.jxau.producer.TestFinagle-No active profile set, falling back to default profiles: default

[2021-04-03 22:55:13] [operation_prod] [INFO] [main]  o.a.d.c.s.context.annotation.DubboConfigBindingRegistrar-The dubbo config bean definition [name : org.apache.dubbo.config.ApplicationConfig#0, class : org.apache.dubbo.config.ApplicationConfig] has been registered.

[2021-04-03 22:55:13] [operation_prod] [INFO] [main]  o.a.d.c.s.context.annotation.DubboConfigBindingRegistrar-The BeanPostProcessor bean definition [org.apache.dubbo.config.spring.beans.factory.annotation.DubboConfigBindingBeanPostProcessor] for dubbo config bean [name : org.apache.dubbo.config.ApplicationConfig#0] has been registered.

[2021-04-03 22:55:16] [operation_prod] [WARN] [main]  o.a.dubbo.config.spring.extension.SpringExtensionFactory- [DUBBO] No spring extension (bean) named:file, try to find an extension (bean) of type java.io.File, dubbo version: 2.7.3, current host: 10.221.34.247

[2021-04-03 22:55:16] [operation_prod] [WARN] [main]  o.a.dubbo.config.spring.extension.SpringExtensionFactory- [DUBBO] No spring extension (bean) named:file, type:java.io.File found, stop get bean., dubbo version: 2.7.3, current host: 10.221.34.247

[2021-04-03 22:55:16] [operation_prod] [WARN] [main]  o.a.dubbo.config.spring.extension.SpringExtensionFactory- [DUBBO] No spring extension (bean) named:level, try to find an extension (bean) of type org.apache.dubbo.common.logger.Level, dubbo version: 2.7.3, current host: 10.221.34.247

[2021-04-03 22:55:16] [operation_prod] [WARN] [main]  o.a.dubbo.config.spring.extension.SpringExtensionFactory- [DUBBO] No spring extension (bean) named:level, type:org.apache.dubbo.common.logger.Level found, stop get bean., dubbo version: 2.7.3, current host: 10.221.34.247

[2021-04-03 22:55:16] [operation_prod] [INFO] [main]  org.apache.dubbo.common.logger.LoggerFactory-using logger: org.apache.dubbo.common.logger.slf4j.Slf4jLoggerAdapter

[2021-04-03 22:55:16] [operation_prod] [INFO] [main]  o.a.d.c.s.b.f.annotation.DubboConfigBindingBeanPostProcessor-The properties of bean [name : org.apache.dubbo.config.ApplicationConfig#0] have been binding by prefix of configuration properties : dubbo.application

[2021-04-03 22:55:16] [operation_prod] [INFO] [main]  org.apache.dubbo.common.logger.LoggerFactory-using logger: org.apache.dubbo.common.logger.slf4j.Slf4jLoggerAdapter

[2021-04-03 22:55:17] [operation_prod] [INFO] [main]  cn.jxau.producer.TestFinagle-Started TestFinagle in 4.879 seconds (JVM running for 6.408)

[2021-04-03 22:55:17] [operation_prod] [INFO] [DubboShutdownHook]  org.apache.dubbo.config.DubboShutdownHook- [DUBBO] Run shutdown hook now., dubbo version: 2.7.3, current host: 10.221.34.247

[2021-04-03 22:55:17] [operation_prod] [INFO] [SpringContextShutdownHook]  o.a.d.s.boot.context.event.AwaitingNonWebApplicationListener- [Dubbo] Current Spring Boot Application is about to shutdown...

[2021-04-03 22:55:17] [operation_prod] [INFO] [DubboShutdownHook]  org.apache.dubbo.registry.support.AbstractRegistryFactory- [DUBBO] Close all registries [], dubbo version: 2.7.3, current host: 10.221.34.247

[2021-04-03 22:55:17] [operation_prod] [INFO] [SpringContextShutdownHook]  o.a.d.c.s.b.f.a.ReferenceAnnotationBeanPostProcessor-class org.apache.dubbo.config.spring.beans.factory.annotation.ReferenceAnnotationBeanPostProcessor was destroying!

[2021-04-03 22:55:44] [operation_prod] [INFO] [main]  org.apache.dubbo.common.logger.LoggerFactory-using logger: org.apache.dubbo.common.logger.log4j.Log4jLoggerAdapter

[2021-04-03 22:55:44] [operation_prod] [INFO] [main]  o.a.d.s.boot.context.event.WelcomeLogoApplicationListener-

 :: Dubbo Spring Boot (v2.7.3) : https://github.com/apache/dubbo-spring-boot-project
 :: Dubbo (v2.7.3) : https://github.com/apache/incubator-dubbo
 :: Discuss group : dev@dubbo.apache.org


[2021-04-03 22:55:44] [operation_prod] [INFO] [main]  o.a.d.s.b.c.event.OverrideDubboConfigApplicationListener-Dubbo Config was overridden by externalized configuration {dubbo.application.logger=slf4j, dubbo.application.qos-enable=false, dubbo.config.multiple=true}

[2021-04-03 22:55:44] [operation_prod] [INFO] [main]  cn.jxau.producer.TestFinagle-Starting TestFinagle on DESKTOP-6CRAUAT with PID 27740 (started by acer-L in D:\webProject\demo\producer)

[2021-04-03 22:55:44] [operation_prod] [INFO] [main]  cn.jxau.producer.TestFinagle-No active profile set, falling back to default profiles: default

[2021-04-03 22:55:45] [operation_prod] [INFO] [main]  o.a.d.c.s.context.annotation.DubboConfigBindingRegistrar-The dubbo config bean definition [name : org.apache.dubbo.config.ApplicationConfig#0, class : org.apache.dubbo.config.ApplicationConfig] has been registered.

[2021-04-03 22:55:45] [operation_prod] [INFO] [main]  o.a.d.c.s.context.annotation.DubboConfigBindingRegistrar-The BeanPostProcessor bean definition [org.apache.dubbo.config.spring.beans.factory.annotation.DubboConfigBindingBeanPostProcessor] for dubbo config bean [name : org.apache.dubbo.config.ApplicationConfig#0] has been registered.

[2021-04-03 22:55:48] [operation_prod] [WARN] [main]  o.a.dubbo.config.spring.extension.SpringExtensionFactory- [DUBBO] No spring extension (bean) named:file, try to find an extension (bean) of type java.io.File, dubbo version: 2.7.3, current host: 10.221.34.247

[2021-04-03 22:55:48] [operation_prod] [WARN] [main]  o.a.dubbo.config.spring.extension.SpringExtensionFactory- [DUBBO] No spring extension (bean) named:file, type:java.io.File found, stop get bean., dubbo version: 2.7.3, current host: 10.221.34.247

[2021-04-03 22:55:48] [operation_prod] [WARN] [main]  o.a.dubbo.config.spring.extension.SpringExtensionFactory- [DUBBO] No spring extension (bean) named:level, try to find an extension (bean) of type org.apache.dubbo.common.logger.Level, dubbo version: 2.7.3, current host: 10.221.34.247

[2021-04-03 22:55:48] [operation_prod] [WARN] [main]  o.a.dubbo.config.spring.extension.SpringExtensionFactory- [DUBBO] No spring extension (bean) named:level, type:org.apache.dubbo.common.logger.Level found, stop get bean., dubbo version: 2.7.3, current host: 10.221.34.247

[2021-04-03 22:55:48] [operation_prod] [INFO] [main]  org.apache.dubbo.common.logger.LoggerFactory-using logger: org.apache.dubbo.common.logger.slf4j.Slf4jLoggerAdapter

[2021-04-03 22:55:48] [operation_prod] [INFO] [main]  o.a.d.c.s.b.f.annotation.DubboConfigBindingBeanPostProcessor-The properties of bean [name : org.apache.dubbo.config.ApplicationConfig#0] have been binding by prefix of configuration properties : dubbo.application

[2021-04-03 22:55:48] [operation_prod] [INFO] [main]  org.apache.dubbo.common.logger.LoggerFactory-using logger: org.apache.dubbo.common.logger.slf4j.Slf4jLoggerAdapter

[2021-04-03 22:55:48] [operation_prod] [INFO] [main]  cn.jxau.producer.TestFinagle-Started TestFinagle in 4.199 seconds (JVM running for 5.574)

[2021-04-03 22:55:48] [operation_prod] [INFO] [DubboShutdownHook]  org.apache.dubbo.config.DubboShutdownHook- [DUBBO] Run shutdown hook now., dubbo version: 2.7.3, current host: 10.221.34.247

[2021-04-03 22:55:48] [operation_prod] [INFO] [SpringContextShutdownHook]  o.a.d.s.boot.context.event.AwaitingNonWebApplicationListener- [Dubbo] Current Spring Boot Application is about to shutdown...

[2021-04-03 22:55:48] [operation_prod] [INFO] [DubboShutdownHook]  org.apache.dubbo.registry.support.AbstractRegistryFactory- [DUBBO] Close all registries [], dubbo version: 2.7.3, current host: 10.221.34.247

[2021-04-03 22:55:48] [operation_prod] [INFO] [SpringContextShutdownHook]  o.a.d.c.s.b.f.a.ReferenceAnnotationBeanPostProcessor-class org.apache.dubbo.config.spring.beans.factory.annotation.ReferenceAnnotationBeanPostProcessor was destroying!
