
[2021-04-03 21:05:27] [operation_prod] [INFO] [DubboShutdownHook]  org.apache.dubbo.config.DubboShutdownHook- [DUBBO] Run shutdown hook now., dubbo version: 2.7.3, current host: 10.221.34.247

[2021-04-03 21:05:27] [operation_prod] [INFO] [SpringContextShutdownHook]  o.a.d.s.boot.context.event.AwaitingNonWebApplicationListener- [Dubbo] Current Spring Boot Application is about to shutdown...

[2021-04-03 21:05:27] [operation_prod] [INFO] [DubboShutdownHook]  org.apache.dubbo.registry.support.AbstractRegistryFactory- [DUBBO] Close all registries [], dubbo version: 2.7.3, current host: 10.221.34.247

[2021-04-03 21:05:28] [operation_prod] [INFO] [SpringContextShutdownHook]  o.a.d.c.s.b.f.a.ReferenceAnnotationBeanPostProcessor-class org.apache.dubbo.config.spring.beans.factory.annotation.ReferenceAnnotationBeanPostProcessor was destroying!

[2021-04-03 21:05:38] [operation_prod] [INFO] [main]  org.apache.dubbo.common.logger.LoggerFactory-using logger: org.apache.dubbo.common.logger.log4j.Log4jLoggerAdapter

[2021-04-03 21:05:38] [operation_prod] [INFO] [main]  o.a.d.s.boot.context.event.WelcomeLogoApplicationListener-

 :: Dubbo Spring Boot (v2.7.3) : https://github.com/apache/dubbo-spring-boot-project
 :: Dubbo (v2.7.3) : https://github.com/apache/incubator-dubbo
 :: Discuss group : dev@dubbo.apache.org


[2021-04-03 21:05:38] [operation_prod] [INFO] [main]  o.a.d.s.b.c.event.OverrideDubboConfigApplicationListener-Dubbo Config was overridden by externalized configuration {dubbo.application.logger=slf4j, dubbo.application.qos-enable=false, dubbo.config.multiple=true}

[2021-04-03 21:05:39] [operation_prod] [INFO] [main]  cn.jxau.producer.App-Starting App on DESKTOP-6CRAUAT with PID 36648 (D:\webProject\demo\producer\target\classes started by acer-L in D:\webProject\demo)

[2021-04-03 21:05:39] [operation_prod] [INFO] [main]  cn.jxau.producer.App-No active profile set, falling back to default profiles: default

[2021-04-03 21:05:39] [operation_prod] [INFO] [main]  o.a.d.c.s.context.annotation.DubboConfigBindingRegistrar-The dubbo config bean definition [name : org.apache.dubbo.config.ApplicationConfig#0, class : org.apache.dubbo.config.ApplicationConfig] has been registered.

[2021-04-03 21:05:39] [operation_prod] [INFO] [main]  o.a.d.c.s.context.annotation.DubboConfigBindingRegistrar-The BeanPostProcessor bean definition [org.apache.dubbo.config.spring.beans.factory.annotation.DubboConfigBindingBeanPostProcessor] for dubbo config bean [name : org.apache.dubbo.config.ApplicationConfig#0] has been registered.

[2021-04-03 21:05:40] [operation_prod] [INFO] [main]  org.apache.coyote.http11.Http11NioProtocol-Initializing ProtocolHandler ["http-nio-8081"]

[2021-04-03 21:05:40] [operation_prod] [INFO] [main]  org.apache.catalina.core.StandardService-Starting service [Tomcat]

[2021-04-03 21:05:40] [operation_prod] [INFO] [main]  org.apache.catalina.core.StandardEngine-Starting Servlet engine: [Apache Tomcat/9.0.29]

[2021-04-03 21:05:40] [operation_prod] [INFO] [main]  o.a.catalina.core.ContainerBase.[Tomcat].[localhost].[/]-Initializing Spring embedded WebApplicationContext

[2021-04-03 21:05:41] [operation_prod] [WARN] [main]  o.a.dubbo.config.spring.extension.SpringExtensionFactory- [DUBBO] No spring extension (bean) named:level, try to find an extension (bean) of type org.apache.dubbo.common.logger.Level, dubbo version: 2.7.3, current host: 10.221.34.247

[2021-04-03 21:05:41] [operation_prod] [WARN] [main]  o.a.dubbo.config.spring.extension.SpringExtensionFactory- [DUBBO] No spring extension (bean) named:level, type:org.apache.dubbo.common.logger.Level found, stop get bean., dubbo version: 2.7.3, current host: 10.221.34.247

[2021-04-03 21:05:41] [operation_prod] [WARN] [main]  o.a.dubbo.config.spring.extension.SpringExtensionFactory- [DUBBO] No spring extension (bean) named:file, try to find an extension (bean) of type java.io.File, dubbo version: 2.7.3, current host: 10.221.34.247

[2021-04-03 21:05:41] [operation_prod] [WARN] [main]  o.a.dubbo.config.spring.extension.SpringExtensionFactory- [DUBBO] No spring extension (bean) named:file, type:java.io.File found, stop get bean., dubbo version: 2.7.3, current host: 10.221.34.247

[2021-04-03 21:05:41] [operation_prod] [INFO] [main]  org.apache.dubbo.common.logger.LoggerFactory-using logger: org.apache.dubbo.common.logger.slf4j.Slf4jLoggerAdapter

[2021-04-03 21:05:41] [operation_prod] [INFO] [main]  o.a.d.c.s.b.f.annotation.DubboConfigBindingBeanPostProcessor-The properties of bean [name : org.apache.dubbo.config.ApplicationConfig#0] have been binding by prefix of configuration properties : dubbo.application

[2021-04-03 21:05:41] [operation_prod] [INFO] [main]  org.apache.dubbo.common.logger.LoggerFactory-using logger: org.apache.dubbo.common.logger.slf4j.Slf4jLoggerAdapter

[2021-04-03 21:05:41] [operation_prod] [INFO] [main]  org.apache.coyote.http11.Http11NioProtocol-Starting ProtocolHandler ["http-nio-8081"]

[2021-04-03 21:05:41] [operation_prod] [INFO] [main]  cn.jxau.producer.App-Started App in 3.101 seconds (JVM running for 4.806)

[2021-04-03 21:05:52] [operation_prod] [INFO] [main]  org.apache.dubbo.common.logger.LoggerFactory-using logger: org.apache.dubbo.common.logger.log4j.Log4jLoggerAdapter

[2021-04-03 21:05:52] [operation_prod] [INFO] [main]  o.a.d.s.boot.context.event.WelcomeLogoApplicationListener-

 :: Dubbo Spring Boot (v2.7.3) : https://github.com/apache/dubbo-spring-boot-project
 :: Dubbo (v2.7.3) : https://github.com/apache/incubator-dubbo
 :: Discuss group : dev@dubbo.apache.org


[2021-04-03 21:05:52] [operation_prod] [INFO] [main]  o.a.d.s.b.c.event.OverrideDubboConfigApplicationListener-Dubbo Config was overridden by externalized configuration {dubbo.application.logger=slf4j, dubbo.application.qos-enable=false, dubbo.config.multiple=true}

[2021-04-03 21:05:52] [operation_prod] [INFO] [main]  cn.jxau.producer.TestFinagle-Starting TestFinagle on DESKTOP-6CRAUAT with PID 12732 (started by acer-L in D:\webProject\demo\producer)

[2021-04-03 21:05:52] [operation_prod] [INFO] [main]  cn.jxau.producer.TestFinagle-No active profile set, falling back to default profiles: default

[2021-04-03 21:05:53] [operation_prod] [INFO] [main]  o.a.d.c.s.context.annotation.DubboConfigBindingRegistrar-The dubbo config bean definition [name : org.apache.dubbo.config.ApplicationConfig#0, class : org.apache.dubbo.config.ApplicationConfig] has been registered.

[2021-04-03 21:05:53] [operation_prod] [INFO] [main]  o.a.d.c.s.context.annotation.DubboConfigBindingRegistrar-The BeanPostProcessor bean definition [org.apache.dubbo.config.spring.beans.factory.annotation.DubboConfigBindingBeanPostProcessor] for dubbo config bean [name : org.apache.dubbo.config.ApplicationConfig#0] has been registered.

[2021-04-03 21:05:55] [operation_prod] [WARN] [main]  o.a.dubbo.config.spring.extension.SpringExtensionFactory- [DUBBO] No spring extension (bean) named:file, try to find an extension (bean) of type java.io.File, dubbo version: 2.7.3, current host: 10.221.34.247

[2021-04-03 21:05:55] [operation_prod] [WARN] [main]  o.a.dubbo.config.spring.extension.SpringExtensionFactory- [DUBBO] No spring extension (bean) named:file, type:java.io.File found, stop get bean., dubbo version: 2.7.3, current host: 10.221.34.247

[2021-04-03 21:05:55] [operation_prod] [WARN] [main]  o.a.dubbo.config.spring.extension.SpringExtensionFactory- [DUBBO] No spring extension (bean) named:level, try to find an extension (bean) of type org.apache.dubbo.common.logger.Level, dubbo version: 2.7.3, current host: 10.221.34.247

[2021-04-03 21:05:55] [operation_prod] [WARN] [main]  o.a.dubbo.config.spring.extension.SpringExtensionFactory- [DUBBO] No spring extension (bean) named:level, type:org.apache.dubbo.common.logger.Level found, stop get bean., dubbo version: 2.7.3, current host: 10.221.34.247

[2021-04-03 21:05:55] [operation_prod] [INFO] [main]  org.apache.dubbo.common.logger.LoggerFactory-using logger: org.apache.dubbo.common.logger.slf4j.Slf4jLoggerAdapter

[2021-04-03 21:05:55] [operation_prod] [INFO] [main]  o.a.d.c.s.b.f.annotation.DubboConfigBindingBeanPostProcessor-The properties of bean [name : org.apache.dubbo.config.ApplicationConfig#0] have been binding by prefix of configuration properties : dubbo.application

[2021-04-03 21:05:55] [operation_prod] [INFO] [main]  org.apache.dubbo.common.logger.LoggerFactory-using logger: org.apache.dubbo.common.logger.slf4j.Slf4jLoggerAdapter

[2021-04-03 21:05:56] [operation_prod] [INFO] [main]  cn.jxau.producer.TestFinagle-Started TestFinagle in 4.402 seconds (JVM running for 5.692)

[2021-04-03 21:05:56] [operation_prod] [INFO] [DubboShutdownHook]  org.apache.dubbo.config.DubboShutdownHook- [DUBBO] Run shutdown hook now., dubbo version: 2.7.3, current host: 10.221.34.247

[2021-04-03 21:05:56] [operation_prod] [INFO] [SpringContextShutdownHook]  o.a.d.s.boot.context.event.AwaitingNonWebApplicationListener- [Dubbo] Current Spring Boot Application is about to shutdown...

[2021-04-03 21:05:56] [operation_prod] [INFO] [DubboShutdownHook]  org.apache.dubbo.registry.support.AbstractRegistryFactory- [DUBBO] Close all registries [], dubbo version: 2.7.3, current host: 10.221.34.247

[2021-04-03 21:05:57] [operation_prod] [INFO] [SpringContextShutdownHook]  o.a.d.c.s.b.f.a.ReferenceAnnotationBeanPostProcessor-class org.apache.dubbo.config.spring.beans.factory.annotation.ReferenceAnnotationBeanPostProcessor was destroying!

[2021-04-03 21:08:28] [operation_prod] [INFO] [main]  org.apache.dubbo.common.logger.LoggerFactory-using logger: org.apache.dubbo.common.logger.log4j.Log4jLoggerAdapter

[2021-04-03 21:08:28] [operation_prod] [INFO] [main]  o.a.d.s.boot.context.event.WelcomeLogoApplicationListener-

 :: Dubbo Spring Boot (v2.7.3) : https://github.com/apache/dubbo-spring-boot-project
 :: Dubbo (v2.7.3) : https://github.com/apache/incubator-dubbo
 :: Discuss group : dev@dubbo.apache.org


[2021-04-03 21:08:28] [operation_prod] [INFO] [main]  o.a.d.s.b.c.event.OverrideDubboConfigApplicationListener-Dubbo Config was overridden by externalized configuration {dubbo.application.logger=slf4j, dubbo.application.qos-enable=false, dubbo.config.multiple=true}

[2021-04-03 21:08:28] [operation_prod] [INFO] [main]  cn.jxau.producer.TestFinagle-Starting TestFinagle on DESKTOP-6CRAUAT with PID 34684 (started by acer-L in D:\webProject\demo\producer)

[2021-04-03 21:08:28] [operation_prod] [INFO] [main]  cn.jxau.producer.TestFinagle-No active profile set, falling back to default profiles: default

[2021-04-03 21:08:29] [operation_prod] [INFO] [main]  o.a.d.c.s.context.annotation.DubboConfigBindingRegistrar-The dubbo config bean definition [name : org.apache.dubbo.config.ApplicationConfig#0, class : org.apache.dubbo.config.ApplicationConfig] has been registered.

[2021-04-03 21:08:29] [operation_prod] [INFO] [main]  o.a.d.c.s.context.annotation.DubboConfigBindingRegistrar-The BeanPostProcessor bean definition [org.apache.dubbo.config.spring.beans.factory.annotation.DubboConfigBindingBeanPostProcessor] for dubbo config bean [name : org.apache.dubbo.config.ApplicationConfig#0] has been registered.

[2021-04-03 21:08:32] [operation_prod] [WARN] [main]  o.a.dubbo.config.spring.extension.SpringExtensionFactory- [DUBBO] No spring extension (bean) named:level, try to find an extension (bean) of type org.apache.dubbo.common.logger.Level, dubbo version: 2.7.3, current host: 10.221.34.247

[2021-04-03 21:08:32] [operation_prod] [WARN] [main]  o.a.dubbo.config.spring.extension.SpringExtensionFactory- [DUBBO] No spring extension (bean) named:level, type:org.apache.dubbo.common.logger.Level found, stop get bean., dubbo version: 2.7.3, current host: 10.221.34.247

[2021-04-03 21:08:32] [operation_prod] [WARN] [main]  o.a.dubbo.config.spring.extension.SpringExtensionFactory- [DUBBO] No spring extension (bean) named:file, try to find an extension (bean) of type java.io.File, dubbo version: 2.7.3, current host: 10.221.34.247

[2021-04-03 21:08:32] [operation_prod] [WARN] [main]  o.a.dubbo.config.spring.extension.SpringExtensionFactory- [DUBBO] No spring extension (bean) named:file, type:java.io.File found, stop get bean., dubbo version: 2.7.3, current host: 10.221.34.247

[2021-04-03 21:08:32] [operation_prod] [INFO] [main]  org.apache.dubbo.common.logger.LoggerFactory-using logger: org.apache.dubbo.common.logger.slf4j.Slf4jLoggerAdapter

[2021-04-03 21:08:32] [operation_prod] [INFO] [main]  o.a.d.c.s.b.f.annotation.DubboConfigBindingBeanPostProcessor-The properties of bean [name : org.apache.dubbo.config.ApplicationConfig#0] have been binding by prefix of configuration properties : dubbo.application

[2021-04-03 21:08:32] [operation_prod] [INFO] [main]  org.apache.dubbo.common.logger.LoggerFactory-using logger: org.apache.dubbo.common.logger.slf4j.Slf4jLoggerAdapter

[2021-04-03 21:08:32] [operation_prod] [INFO] [main]  cn.jxau.producer.TestFinagle-Started TestFinagle in 4.594 seconds (JVM running for 5.905)

[2021-04-03 21:08:32] [operation_prod] [INFO] [DubboShutdownHook]  org.apache.dubbo.config.DubboShutdownHook- [DUBBO] Run shutdown hook now., dubbo version: 2.7.3, current host: 10.221.34.247

[2021-04-03 21:08:32] [operation_prod] [INFO] [SpringContextShutdownHook]  o.a.d.s.boot.context.event.AwaitingNonWebApplicationListener- [Dubbo] Current Spring Boot Application is about to shutdown...

[2021-04-03 21:08:32] [operation_prod] [INFO] [DubboShutdownHook]  org.apache.dubbo.registry.support.AbstractRegistryFactory- [DUBBO] Close all registries [], dubbo version: 2.7.3, current host: 10.221.34.247

[2021-04-03 21:08:33] [operation_prod] [INFO] [SpringContextShutdownHook]  o.a.d.c.s.b.f.a.ReferenceAnnotationBeanPostProcessor-class org.apache.dubbo.config.spring.beans.factory.annotation.ReferenceAnnotationBeanPostProcessor was destroying!

[2021-04-03 21:09:33] [operation_prod] [INFO] [main]  org.apache.dubbo.common.logger.LoggerFactory-using logger: org.apache.dubbo.common.logger.log4j.Log4jLoggerAdapter

[2021-04-03 21:09:33] [operation_prod] [INFO] [main]  o.a.d.s.boot.context.event.WelcomeLogoApplicationListener-

 :: Dubbo Spring Boot (v2.7.3) : https://github.com/apache/dubbo-spring-boot-project
 :: Dubbo (v2.7.3) : https://github.com/apache/incubator-dubbo
 :: Discuss group : dev@dubbo.apache.org


[2021-04-03 21:09:33] [operation_prod] [INFO] [main]  o.a.d.s.b.c.event.OverrideDubboConfigApplicationListener-Dubbo Config was overridden by externalized configuration {dubbo.application.logger=slf4j, dubbo.application.qos-enable=false, dubbo.config.multiple=true}

[2021-04-03 21:09:33] [operation_prod] [INFO] [main]  cn.jxau.producer.TestFinagle-Starting TestFinagle on DESKTOP-6CRAUAT with PID 25416 (started by acer-L in D:\webProject\demo\producer)

[2021-04-03 21:09:33] [operation_prod] [INFO] [main]  cn.jxau.producer.TestFinagle-No active profile set, falling back to default profiles: default

[2021-04-03 21:09:34] [operation_prod] [INFO] [main]  o.a.d.c.s.context.annotation.DubboConfigBindingRegistrar-The dubbo config bean definition [name : org.apache.dubbo.config.ApplicationConfig#0, class : org.apache.dubbo.config.ApplicationConfig] has been registered.

[2021-04-03 21:09:34] [operation_prod] [INFO] [main]  o.a.d.c.s.context.annotation.DubboConfigBindingRegistrar-The BeanPostProcessor bean definition [org.apache.dubbo.config.spring.beans.factory.annotation.DubboConfigBindingBeanPostProcessor] for dubbo config bean [name : org.apache.dubbo.config.ApplicationConfig#0] has been registered.

[2021-04-03 21:09:37] [operation_prod] [WARN] [main]  o.a.dubbo.config.spring.extension.SpringExtensionFactory- [DUBBO] No spring extension (bean) named:file, try to find an extension (bean) of type java.io.File, dubbo version: 2.7.3, current host: 10.221.34.247

[2021-04-03 21:09:37] [operation_prod] [WARN] [main]  o.a.dubbo.config.spring.extension.SpringExtensionFactory- [DUBBO] No spring extension (bean) named:file, type:java.io.File found, stop get bean., dubbo version: 2.7.3, current host: 10.221.34.247

[2021-04-03 21:09:37] [operation_prod] [WARN] [main]  o.a.dubbo.config.spring.extension.SpringExtensionFactory- [DUBBO] No spring extension (bean) named:level, try to find an extension (bean) of type org.apache.dubbo.common.logger.Level, dubbo version: 2.7.3, current host: 10.221.34.247

[2021-04-03 21:09:37] [operation_prod] [WARN] [main]  o.a.dubbo.config.spring.extension.SpringExtensionFactory- [DUBBO] No spring extension (bean) named:level, type:org.apache.dubbo.common.logger.Level found, stop get bean., dubbo version: 2.7.3, current host: 10.221.34.247

[2021-04-03 21:09:37] [operation_prod] [INFO] [main]  org.apache.dubbo.common.logger.LoggerFactory-using logger: org.apache.dubbo.common.logger.slf4j.Slf4jLoggerAdapter

[2021-04-03 21:09:37] [operation_prod] [INFO] [main]  o.a.d.c.s.b.f.annotation.DubboConfigBindingBeanPostProcessor-The properties of bean [name : org.apache.dubbo.config.ApplicationConfig#0] have been binding by prefix of configuration properties : dubbo.application

[2021-04-03 21:09:37] [operation_prod] [INFO] [main]  org.apache.dubbo.common.logger.LoggerFactory-using logger: org.apache.dubbo.common.logger.slf4j.Slf4jLoggerAdapter

[2021-04-03 21:09:38] [operation_prod] [INFO] [main]  cn.jxau.producer.TestFinagle-Started TestFinagle in 5.437 seconds (JVM running for 6.945)

[2021-04-03 21:09:38] [operation_prod] [INFO] [DubboShutdownHook]  org.apache.dubbo.config.DubboShutdownHook- [DUBBO] Run shutdown hook now., dubbo version: 2.7.3, current host: 10.221.34.247

[2021-04-03 21:09:38] [operation_prod] [INFO] [DubboShutdownHook]  org.apache.dubbo.registry.support.AbstractRegistryFactory- [DUBBO] Close all registries [], dubbo version: 2.7.3, current host: 10.221.34.247

[2021-04-03 21:09:38] [operation_prod] [INFO] [SpringContextShutdownHook]  o.a.d.s.boot.context.event.AwaitingNonWebApplicationListener- [Dubbo] Current Spring Boot Application is about to shutdown...

[2021-04-03 21:09:39] [operation_prod] [INFO] [SpringContextShutdownHook]  o.a.d.c.s.b.f.a.ReferenceAnnotationBeanPostProcessor-class org.apache.dubbo.config.spring.beans.factory.annotation.ReferenceAnnotationBeanPostProcessor was destroying!

[2021-04-03 21:25:21] [operation_prod] [INFO] [http-nio-8081-exec-1]  o.a.catalina.core.ContainerBase.[Tomcat].[localhost].[/]-Initializing Spring DispatcherServlet 'dispatcherServlet'

[2021-04-03 21:25:21] [operation_prod] [ERROR] [simpleMessageListenerContainer-1]  o.s.amqp.rabbit.listener.SimpleMessageListenerContainer-Execution of Rabbit message listener failed, and the error handler threw an exception
org.springframework.amqp.AmqpRejectAndDontRequeueException: Error Handler converted exception to fatal
	at org.springframework.amqp.rabbit.listener.ConditionalRejectingErrorHandler.handleError(ConditionalRejectingErrorHandler.java:116)
	at org.springframework.amqp.rabbit.listener.AbstractMessageListenerContainer.invokeErrorHandler(AbstractMessageListenerContainer.java:1373)
	at org.springframework.amqp.rabbit.listener.AbstractMessageListenerContainer.handleListenerException(AbstractMessageListenerContainer.java:1657)
	at org.springframework.amqp.rabbit.listener.AbstractMessageListenerContainer.executeListener(AbstractMessageListenerContainer.java:1432)
	at org.springframework.amqp.rabbit.listener.SimpleMessageListenerContainer.doReceiveAndExecute(SimpleMessageListenerContainer.java:958)
	at org.springframework.amqp.rabbit.listener.SimpleMessageListenerContainer.receiveAndExecute(SimpleMessageListenerContainer.java:908)
	at org.springframework.amqp.rabbit.listener.SimpleMessageListenerContainer.access$1600(SimpleMessageListenerContainer.java:81)
	at org.springframework.amqp.rabbit.listener.SimpleMessageListenerContainer$AsyncMessageProcessingConsumer.mainLoop(SimpleMessageListenerContainer.java:1279)
	at org.springframework.amqp.rabbit.listener.SimpleMessageListenerContainer$AsyncMessageProcessingConsumer.run(SimpleMessageListenerContainer.java:1185)
	at java.lang.Thread.run(Thread.java:748)
Caused by: org.springframework.amqp.rabbit.support.ListenerExecutionFailedException: Failed to invoke target method 'handleMessage' with argument type = [class java.lang.String], value = [{123}]
	at org.springframework.amqp.rabbit.listener.adapter.MessageListenerAdapter.invokeListenerMethod(MessageListenerAdapter.java:405)
	at org.springframework.amqp.rabbit.listener.adapter.MessageListenerAdapter.onMessage(MessageListenerAdapter.java:293)
	at org.springframework.amqp.rabbit.listener.AbstractMessageListenerContainer.doInvokeListener(AbstractMessageListenerContainer.java:1569)
	at org.springframework.amqp.rabbit.listener.AbstractMessageListenerContainer.actualInvokeListener(AbstractMessageListenerContainer.java:1488)
	at org.springframework.amqp.rabbit.listener.AbstractMessageListenerContainer.invokeListener(AbstractMessageListenerContainer.java:1476)
	at org.springframework.amqp.rabbit.listener.AbstractMessageListenerContainer.doExecuteListener(AbstractMessageListenerContainer.java:1467)
	at org.springframework.amqp.rabbit.listener.AbstractMessageListenerContainer.executeListener(AbstractMessageListenerContainer.java:1411)
	... 6 common frames omitted
Caused by: java.lang.NoSuchMethodException: cn.jxau.producer.listener.MessageDelegate.handleMessage(java.lang.String)
	at java.lang.Class.getMethod(Class.java:1786)
	at org.springframework.util.MethodInvoker.prepare(MethodInvoker.java:184)
	at org.springframework.amqp.rabbit.listener.adapter.MessageListenerAdapter.invokeListenerMethod(MessageListenerAdapter.java:383)
	... 12 common frames omitted

[2021-04-03 21:25:30] [operation_prod] [INFO] [main]  org.apache.dubbo.common.logger.LoggerFactory-using logger: org.apache.dubbo.common.logger.log4j.Log4jLoggerAdapter

[2021-04-03 21:25:30] [operation_prod] [INFO] [main]  o.a.d.s.boot.context.event.WelcomeLogoApplicationListener-

 :: Dubbo Spring Boot (v2.7.3) : https://github.com/apache/dubbo-spring-boot-project
 :: Dubbo (v2.7.3) : https://github.com/apache/incubator-dubbo
 :: Discuss group : dev@dubbo.apache.org


[2021-04-03 21:25:30] [operation_prod] [INFO] [main]  o.a.d.s.b.c.event.OverrideDubboConfigApplicationListener-Dubbo Config was overridden by externalized configuration {dubbo.application.logger=slf4j, dubbo.application.qos-enable=false, dubbo.config.multiple=true}

[2021-04-03 21:25:30] [operation_prod] [INFO] [main]  cn.jxau.producer.App-Starting App on DESKTOP-6CRAUAT with PID 2752 (D:\webProject\demo\producer\target\classes started by acer-L in D:\webProject\demo)

[2021-04-03 21:25:30] [operation_prod] [INFO] [main]  cn.jxau.producer.App-No active profile set, falling back to default profiles: default

[2021-04-03 21:25:31] [operation_prod] [INFO] [main]  o.a.d.c.s.context.annotation.DubboConfigBindingRegistrar-The dubbo config bean definition [name : org.apache.dubbo.config.ApplicationConfig#0, class : org.apache.dubbo.config.ApplicationConfig] has been registered.

[2021-04-03 21:25:31] [operation_prod] [INFO] [main]  o.a.d.c.s.context.annotation.DubboConfigBindingRegistrar-The BeanPostProcessor bean definition [org.apache.dubbo.config.spring.beans.factory.annotation.DubboConfigBindingBeanPostProcessor] for dubbo config bean [name : org.apache.dubbo.config.ApplicationConfig#0] has been registered.

[2021-04-03 21:25:32] [operation_prod] [INFO] [main]  org.apache.coyote.http11.Http11NioProtocol-Initializing ProtocolHandler ["http-nio-8081"]

[2021-04-03 21:25:32] [operation_prod] [INFO] [main]  org.apache.catalina.core.StandardService-Starting service [Tomcat]

[2021-04-03 21:25:32] [operation_prod] [INFO] [main]  org.apache.catalina.core.StandardEngine-Starting Servlet engine: [Apache Tomcat/9.0.29]

[2021-04-03 21:25:32] [operation_prod] [INFO] [main]  o.a.catalina.core.ContainerBase.[Tomcat].[localhost].[/]-Initializing Spring embedded WebApplicationContext

[2021-04-03 21:25:33] [operation_prod] [WARN] [main]  o.a.dubbo.config.spring.extension.SpringExtensionFactory- [DUBBO] No spring extension (bean) named:level, try to find an extension (bean) of type org.apache.dubbo.common.logger.Level, dubbo version: 2.7.3, current host: 10.221.34.247

[2021-04-03 21:25:33] [operation_prod] [WARN] [main]  o.a.dubbo.config.spring.extension.SpringExtensionFactory- [DUBBO] No spring extension (bean) named:level, type:org.apache.dubbo.common.logger.Level found, stop get bean., dubbo version: 2.7.3, current host: 10.221.34.247

[2021-04-03 21:25:33] [operation_prod] [WARN] [main]  o.a.dubbo.config.spring.extension.SpringExtensionFactory- [DUBBO] No spring extension (bean) named:file, try to find an extension (bean) of type java.io.File, dubbo version: 2.7.3, current host: 10.221.34.247

[2021-04-03 21:25:33] [operation_prod] [WARN] [main]  o.a.dubbo.config.spring.extension.SpringExtensionFactory- [DUBBO] No spring extension (bean) named:file, type:java.io.File found, stop get bean., dubbo version: 2.7.3, current host: 10.221.34.247

[2021-04-03 21:25:33] [operation_prod] [INFO] [main]  org.apache.dubbo.common.logger.LoggerFactory-using logger: org.apache.dubbo.common.logger.slf4j.Slf4jLoggerAdapter

[2021-04-03 21:25:33] [operation_prod] [INFO] [main]  o.a.d.c.s.b.f.annotation.DubboConfigBindingBeanPostProcessor-The properties of bean [name : org.apache.dubbo.config.ApplicationConfig#0] have been binding by prefix of configuration properties : dubbo.application

[2021-04-03 21:25:33] [operation_prod] [INFO] [main]  org.apache.dubbo.common.logger.LoggerFactory-using logger: org.apache.dubbo.common.logger.slf4j.Slf4jLoggerAdapter

[2021-04-03 21:25:34] [operation_prod] [INFO] [main]  org.apache.coyote.http11.Http11NioProtocol-Starting ProtocolHandler ["http-nio-8081"]

[2021-04-03 21:25:34] [operation_prod] [INFO] [main]  cn.jxau.producer.App-Started App in 4.272 seconds (JVM running for 6.484)

[2021-04-03 21:25:39] [operation_prod] [INFO] [http-nio-8081-exec-1]  o.a.catalina.core.ContainerBase.[Tomcat].[localhost].[/]-Initializing Spring DispatcherServlet 'dispatcherServlet'

[2021-04-03 21:27:30] [operation_prod] [ERROR] [simpleMessageListenerContainer-1]  o.s.amqp.rabbit.listener.SimpleMessageListenerContainer-Execution of Rabbit message listener failed, and the error handler threw an exception
org.springframework.amqp.AmqpRejectAndDontRequeueException: Error Handler converted exception to fatal
	at org.springframework.amqp.rabbit.listener.ConditionalRejectingErrorHandler.handleError(ConditionalRejectingErrorHandler.java:116)
	at org.springframework.amqp.rabbit.listener.AbstractMessageListenerContainer.invokeErrorHandler(AbstractMessageListenerContainer.java:1373)
	at org.springframework.amqp.rabbit.listener.AbstractMessageListenerContainer.handleListenerException(AbstractMessageListenerContainer.java:1657)
	at org.springframework.amqp.rabbit.listener.AbstractMessageListenerContainer.executeListener(AbstractMessageListenerContainer.java:1432)
	at org.springframework.amqp.rabbit.listener.SimpleMessageListenerContainer.doReceiveAndExecute(SimpleMessageListenerContainer.java:958)
	at org.springframework.amqp.rabbit.listener.SimpleMessageListenerContainer.receiveAndExecute(SimpleMessageListenerContainer.java:908)
	at org.springframework.amqp.rabbit.listener.SimpleMessageListenerContainer.access$1600(SimpleMessageListenerContainer.java:81)
	at org.springframework.amqp.rabbit.listener.SimpleMessageListenerContainer$AsyncMessageProcessingConsumer.mainLoop(SimpleMessageListenerContainer.java:1279)
	at org.springframework.amqp.rabbit.listener.SimpleMessageListenerContainer$AsyncMessageProcessingConsumer.run(SimpleMessageListenerContainer.java:1185)
	at java.lang.Thread.run(Thread.java:748)
Caused by: org.springframework.amqp.rabbit.support.ListenerExecutionFailedException: Failed to invoke target method 'handleMessage' with argument type = [class java.lang.String], value = [{123}]
	at org.springframework.amqp.rabbit.listener.adapter.MessageListenerAdapter.invokeListenerMethod(MessageListenerAdapter.java:405)
	at org.springframework.amqp.rabbit.listener.adapter.MessageListenerAdapter.onMessage(MessageListenerAdapter.java:293)
	at org.springframework.amqp.rabbit.listener.AbstractMessageListenerContainer.doInvokeListener(AbstractMessageListenerContainer.java:1569)
	at org.springframework.amqp.rabbit.listener.AbstractMessageListenerContainer.actualInvokeListener(AbstractMessageListenerContainer.java:1488)
	at org.springframework.amqp.rabbit.listener.AbstractMessageListenerContainer.invokeListener(AbstractMessageListenerContainer.java:1476)
	at org.springframework.amqp.rabbit.listener.AbstractMessageListenerContainer.doExecuteListener(AbstractMessageListenerContainer.java:1467)
	at org.springframework.amqp.rabbit.listener.AbstractMessageListenerContainer.executeListener(AbstractMessageListenerContainer.java:1411)
	... 6 common frames omitted
Caused by: java.lang.NoSuchMethodException: cn.jxau.producer.listener.MessageDelegate.handleMessage(java.lang.String)
	at java.lang.Class.getMethod(Class.java:1786)
	at org.springframework.util.MethodInvoker.prepare(MethodInvoker.java:184)
	at org.springframework.amqp.rabbit.listener.adapter.MessageListenerAdapter.invokeListenerMethod(MessageListenerAdapter.java:383)
	... 12 common frames omitted

[2021-04-03 21:27:30] [operation_prod] [INFO] [DubboShutdownHook]  org.apache.dubbo.config.DubboShutdownHook- [DUBBO] Run shutdown hook now., dubbo version: 2.7.3, current host: 10.221.34.247

[2021-04-03 21:27:30] [operation_prod] [INFO] [DubboShutdownHook]  org.apache.dubbo.registry.support.AbstractRegistryFactory- [DUBBO] Close all registries [], dubbo version: 2.7.3, current host: 10.221.34.247

[2021-04-03 21:27:30] [operation_prod] [INFO] [SpringContextShutdownHook]  o.a.d.s.boot.context.event.AwaitingNonWebApplicationListener- [Dubbo] Current Spring Boot Application is about to shutdown...

[2021-04-03 21:27:31] [operation_prod] [INFO] [SpringContextShutdownHook]  o.a.d.c.s.b.f.a.ReferenceAnnotationBeanPostProcessor-class org.apache.dubbo.config.spring.beans.factory.annotation.ReferenceAnnotationBeanPostProcessor was destroying!

[2021-04-03 21:27:39] [operation_prod] [INFO] [main]  org.apache.dubbo.common.logger.LoggerFactory-using logger: org.apache.dubbo.common.logger.log4j.Log4jLoggerAdapter

[2021-04-03 21:27:39] [operation_prod] [INFO] [main]  o.a.d.s.boot.context.event.WelcomeLogoApplicationListener-

 :: Dubbo Spring Boot (v2.7.3) : https://github.com/apache/dubbo-spring-boot-project
 :: Dubbo (v2.7.3) : https://github.com/apache/incubator-dubbo
 :: Discuss group : dev@dubbo.apache.org


[2021-04-03 21:27:39] [operation_prod] [INFO] [main]  o.a.d.s.b.c.event.OverrideDubboConfigApplicationListener-Dubbo Config was overridden by externalized configuration {dubbo.application.logger=slf4j, dubbo.application.qos-enable=false, dubbo.config.multiple=true}

[2021-04-03 21:27:39] [operation_prod] [INFO] [main]  cn.jxau.producer.App-Starting App on DESKTOP-6CRAUAT with PID 33980 (D:\webProject\demo\producer\target\classes started by acer-L in D:\webProject\demo)

[2021-04-03 21:27:39] [operation_prod] [INFO] [main]  cn.jxau.producer.App-No active profile set, falling back to default profiles: default

[2021-04-03 21:27:39] [operation_prod] [INFO] [main]  o.a.d.c.s.context.annotation.DubboConfigBindingRegistrar-The dubbo config bean definition [name : org.apache.dubbo.config.ApplicationConfig#0, class : org.apache.dubbo.config.ApplicationConfig] has been registered.

[2021-04-03 21:27:39] [operation_prod] [INFO] [main]  o.a.d.c.s.context.annotation.DubboConfigBindingRegistrar-The BeanPostProcessor bean definition [org.apache.dubbo.config.spring.beans.factory.annotation.DubboConfigBindingBeanPostProcessor] for dubbo config bean [name : org.apache.dubbo.config.ApplicationConfig#0] has been registered.

[2021-04-03 21:27:40] [operation_prod] [INFO] [main]  org.apache.coyote.http11.Http11NioProtocol-Initializing ProtocolHandler ["http-nio-8081"]

[2021-04-03 21:27:40] [operation_prod] [INFO] [main]  org.apache.catalina.core.StandardService-Starting service [Tomcat]

[2021-04-03 21:27:40] [operation_prod] [INFO] [main]  org.apache.catalina.core.StandardEngine-Starting Servlet engine: [Apache Tomcat/9.0.29]

[2021-04-03 21:27:41] [operation_prod] [INFO] [main]  o.a.catalina.core.ContainerBase.[Tomcat].[localhost].[/]-Initializing Spring embedded WebApplicationContext

[2021-04-03 21:27:43] [operation_prod] [WARN] [main]  o.a.dubbo.config.spring.extension.SpringExtensionFactory- [DUBBO] No spring extension (bean) named:level, try to find an extension (bean) of type org.apache.dubbo.common.logger.Level, dubbo version: 2.7.3, current host: 10.221.34.247

[2021-04-03 21:27:43] [operation_prod] [WARN] [main]  o.a.dubbo.config.spring.extension.SpringExtensionFactory- [DUBBO] No spring extension (bean) named:level, type:org.apache.dubbo.common.logger.Level found, stop get bean., dubbo version: 2.7.3, current host: 10.221.34.247

[2021-04-03 21:27:43] [operation_prod] [WARN] [main]  o.a.dubbo.config.spring.extension.SpringExtensionFactory- [DUBBO] No spring extension (bean) named:file, try to find an extension (bean) of type java.io.File, dubbo version: 2.7.3, current host: 10.221.34.247

[2021-04-03 21:27:43] [operation_prod] [WARN] [main]  o.a.dubbo.config.spring.extension.SpringExtensionFactory- [DUBBO] No spring extension (bean) named:file, type:java.io.File found, stop get bean., dubbo version: 2.7.3, current host: 10.221.34.247

[2021-04-03 21:27:43] [operation_prod] [INFO] [main]  org.apache.dubbo.common.logger.LoggerFactory-using logger: org.apache.dubbo.common.logger.slf4j.Slf4jLoggerAdapter

[2021-04-03 21:27:43] [operation_prod] [INFO] [main]  o.a.d.c.s.b.f.annotation.DubboConfigBindingBeanPostProcessor-The properties of bean [name : org.apache.dubbo.config.ApplicationConfig#0] have been binding by prefix of configuration properties : dubbo.application

[2021-04-03 21:27:43] [operation_prod] [INFO] [main]  org.apache.dubbo.common.logger.LoggerFactory-using logger: org.apache.dubbo.common.logger.slf4j.Slf4jLoggerAdapter

[2021-04-03 21:27:43] [operation_prod] [INFO] [main]  org.apache.coyote.http11.Http11NioProtocol-Starting ProtocolHandler ["http-nio-8081"]

[2021-04-03 21:27:43] [operation_prod] [INFO] [main]  cn.jxau.producer.App-Started App in 5.114 seconds (JVM running for 6.945)

[2021-04-03 21:27:51] [operation_prod] [INFO] [http-nio-8081-exec-1]  o.a.catalina.core.ContainerBase.[Tomcat].[localhost].[/]-Initializing Spring DispatcherServlet 'dispatcherServlet'

[2021-04-03 21:27:51] [operation_prod] [ERROR] [http-nio-8081-exec-1]  o.a.c.c.C.[Tomcat].[localhost].[/].[dispatcherServlet]-Servlet.service() for servlet [dispatcherServlet] in context with path [] threw exception [Request processing failed; nested exception is java.lang.IllegalStateException: Only one ConfirmCallback is supported by each RabbitTemplate] with root cause
java.lang.IllegalStateException: Only one ConfirmCallback is supported by each RabbitTemplate
	at org.springframework.util.Assert.state(Assert.java:73)
	at org.springframework.amqp.rabbit.core.RabbitTemplate.setConfirmCallback(RabbitTemplate.java:447)
	at cn.jxau.producer.controller.OrderController.sendMessage(OrderController.java:43)
	at sun.reflect.NativeMethodAccessorImpl.invoke0(Native Method)
	at sun.reflect.NativeMethodAccessorImpl.invoke(NativeMethodAccessorImpl.java:62)
	at sun.reflect.DelegatingMethodAccessorImpl.invoke(DelegatingMethodAccessorImpl.java:43)
	at java.lang.reflect.Method.invoke(Method.java:498)
	at org.springframework.web.method.support.InvocableHandlerMethod.doInvoke(InvocableHandlerMethod.java:190)
	at org.springframework.web.method.support.InvocableHandlerMethod.invokeForRequest(InvocableHandlerMethod.java:138)
	at org.springframework.web.servlet.mvc.method.annotation.ServletInvocableHandlerMethod.invokeAndHandle(ServletInvocableHandlerMethod.java:106)
	at org.springframework.web.servlet.mvc.method.annotation.RequestMappingHandlerAdapter.invokeHandlerMethod(RequestMappingHandlerAdapter.java:888)
	at org.springframework.web.servlet.mvc.method.annotation.RequestMappingHandlerAdapter.handleInternal(RequestMappingHandlerAdapter.java:793)
	at org.springframework.web.servlet.mvc.method.AbstractHandlerMethodAdapter.handle(AbstractHandlerMethodAdapter.java:87)
	at org.springframework.web.servlet.DispatcherServlet.doDispatch(DispatcherServlet.java:1040)
	at org.springframework.web.servlet.DispatcherServlet.doService(DispatcherServlet.java:943)
	at org.springframework.web.servlet.FrameworkServlet.processRequest(FrameworkServlet.java:1006)
	at org.springframework.web.servlet.FrameworkServlet.doGet(FrameworkServlet.java:898)
	at javax.servlet.http.HttpServlet.service(HttpServlet.java:634)
	at org.springframework.web.servlet.FrameworkServlet.service(FrameworkServlet.java:883)
	at javax.servlet.http.HttpServlet.service(HttpServlet.java:741)
	at org.apache.catalina.core.ApplicationFilterChain.internalDoFilter(ApplicationFilterChain.java:231)
	at org.apache.catalina.core.ApplicationFilterChain.doFilter(ApplicationFilterChain.java:166)
	at org.apache.tomcat.websocket.server.WsFilter.doFilter(WsFilter.java:53)
	at org.apache.catalina.core.ApplicationFilterChain.internalDoFilter(ApplicationFilterChain.java:193)
	at org.apache.catalina.core.ApplicationFilterChain.doFilter(ApplicationFilterChain.java:166)
	at org.springframework.web.filter.RequestContextFilter.doFilterInternal(RequestContextFilter.java:100)
	at org.springframework.web.filter.OncePerRequestFilter.doFilter(OncePerRequestFilter.java:119)
	at org.apache.catalina.core.ApplicationFilterChain.internalDoFilter(ApplicationFilterChain.java:193)
	at org.apache.catalina.core.ApplicationFilterChain.doFilter(ApplicationFilterChain.java:166)
	at org.springframework.web.filter.FormContentFilter.doFilterInternal(FormContentFilter.java:93)
	at org.springframework.web.filter.OncePerRequestFilter.doFilter(OncePerRequestFilter.java:119)
	at org.apache.catalina.core.ApplicationFilterChain.internalDoFilter(ApplicationFilterChain.java:193)
	at org.apache.catalina.core.ApplicationFilterChain.doFilter(ApplicationFilterChain.java:166)
	at org.springframework.web.filter.CharacterEncodingFilter.doFilterInternal(CharacterEncodingFilter.java:201)
	at org.springframework.web.filter.OncePerRequestFilter.doFilter(OncePerRequestFilter.java:119)
	at org.apache.catalina.core.ApplicationFilterChain.internalDoFilter(ApplicationFilterChain.java:193)
	at org.apache.catalina.core.ApplicationFilterChain.doFilter(ApplicationFilterChain.java:166)
	at org.apache.catalina.core.StandardWrapperValve.invoke(StandardWrapperValve.java:202)
	at org.apache.catalina.core.StandardContextValve.invoke(StandardContextValve.java:96)
	at org.apache.catalina.authenticator.AuthenticatorBase.invoke(AuthenticatorBase.java:526)
	at org.apache.catalina.core.StandardHostValve.invoke(StandardHostValve.java:139)
	at org.apache.catalina.valves.ErrorReportValve.invoke(ErrorReportValve.java:92)
	at org.apache.catalina.core.StandardEngineValve.invoke(StandardEngineValve.java:74)
	at org.apache.catalina.connector.CoyoteAdapter.service(CoyoteAdapter.java:343)
	at org.apache.coyote.http11.Http11Processor.service(Http11Processor.java:367)
	at org.apache.coyote.AbstractProcessorLight.process(AbstractProcessorLight.java:65)
	at org.apache.coyote.AbstractProtocol$ConnectionHandler.process(AbstractProtocol.java:860)
	at org.apache.tomcat.util.net.NioEndpoint$SocketProcessor.doRun(NioEndpoint.java:1591)
	at org.apache.tomcat.util.net.SocketProcessorBase.run(SocketProcessorBase.java:49)
	at java.util.concurrent.ThreadPoolExecutor.runWorker(ThreadPoolExecutor.java:1149)
	at java.util.concurrent.ThreadPoolExecutor$Worker.run(ThreadPoolExecutor.java:624)
	at org.apache.tomcat.util.threads.TaskThread$WrappingRunnable.run(TaskThread.java:61)
	at java.lang.Thread.run(Thread.java:748)

[2021-04-03 21:27:57] [operation_prod] [INFO] [DubboShutdownHook]  org.apache.dubbo.config.DubboShutdownHook- [DUBBO] Run shutdown hook now., dubbo version: 2.7.3, current host: 10.221.34.247

[2021-04-03 21:27:57] [operation_prod] [INFO] [SpringContextShutdownHook]  o.a.d.s.boot.context.event.AwaitingNonWebApplicationListener- [Dubbo] Current Spring Boot Application is about to shutdown...

[2021-04-03 21:27:57] [operation_prod] [INFO] [DubboShutdownHook]  org.apache.dubbo.registry.support.AbstractRegistryFactory- [DUBBO] Close all registries [], dubbo version: 2.7.3, current host: 10.221.34.247

[2021-04-03 21:27:57] [operation_prod] [INFO] [SpringContextShutdownHook]  o.a.d.c.s.b.f.a.ReferenceAnnotationBeanPostProcessor-class org.apache.dubbo.config.spring.beans.factory.annotation.ReferenceAnnotationBeanPostProcessor was destroying!

[2021-04-03 21:28:05] [operation_prod] [INFO] [main]  org.apache.dubbo.common.logger.LoggerFactory-using logger: org.apache.dubbo.common.logger.log4j.Log4jLoggerAdapter

[2021-04-03 21:28:05] [operation_prod] [INFO] [main]  o.a.d.s.boot.context.event.WelcomeLogoApplicationListener-

 :: Dubbo Spring Boot (v2.7.3) : https://github.com/apache/dubbo-spring-boot-project
 :: Dubbo (v2.7.3) : https://github.com/apache/incubator-dubbo
 :: Discuss group : dev@dubbo.apache.org


[2021-04-03 21:28:05] [operation_prod] [INFO] [main]  o.a.d.s.b.c.event.OverrideDubboConfigApplicationListener-Dubbo Config was overridden by externalized configuration {dubbo.application.logger=slf4j, dubbo.application.qos-enable=false, dubbo.config.multiple=true}

[2021-04-03 21:28:05] [operation_prod] [INFO] [main]  cn.jxau.producer.App-Starting App on DESKTOP-6CRAUAT with PID 25832 (D:\webProject\demo\producer\target\classes started by acer-L in D:\webProject\demo)

[2021-04-03 21:28:05] [operation_prod] [INFO] [main]  cn.jxau.producer.App-No active profile set, falling back to default profiles: default

[2021-04-03 21:28:05] [operation_prod] [INFO] [main]  o.a.d.c.s.context.annotation.DubboConfigBindingRegistrar-The dubbo config bean definition [name : org.apache.dubbo.config.ApplicationConfig#0, class : org.apache.dubbo.config.ApplicationConfig] has been registered.

[2021-04-03 21:28:05] [operation_prod] [INFO] [main]  o.a.d.c.s.context.annotation.DubboConfigBindingRegistrar-The BeanPostProcessor bean definition [org.apache.dubbo.config.spring.beans.factory.annotation.DubboConfigBindingBeanPostProcessor] for dubbo config bean [name : org.apache.dubbo.config.ApplicationConfig#0] has been registered.

[2021-04-03 21:28:06] [operation_prod] [INFO] [main]  org.apache.coyote.http11.Http11NioProtocol-Initializing ProtocolHandler ["http-nio-8081"]

[2021-04-03 21:28:06] [operation_prod] [INFO] [main]  org.apache.catalina.core.StandardService-Starting service [Tomcat]

[2021-04-03 21:28:06] [operation_prod] [INFO] [main]  org.apache.catalina.core.StandardEngine-Starting Servlet engine: [Apache Tomcat/9.0.29]

[2021-04-03 21:28:06] [operation_prod] [INFO] [main]  o.a.catalina.core.ContainerBase.[Tomcat].[localhost].[/]-Initializing Spring embedded WebApplicationContext

[2021-04-03 21:28:08] [operation_prod] [WARN] [main]  o.a.dubbo.config.spring.extension.SpringExtensionFactory- [DUBBO] No spring extension (bean) named:level, try to find an extension (bean) of type org.apache.dubbo.common.logger.Level, dubbo version: 2.7.3, current host: 10.221.34.247

[2021-04-03 21:28:08] [operation_prod] [WARN] [main]  o.a.dubbo.config.spring.extension.SpringExtensionFactory- [DUBBO] No spring extension (bean) named:level, type:org.apache.dubbo.common.logger.Level found, stop get bean., dubbo version: 2.7.3, current host: 10.221.34.247

[2021-04-03 21:28:08] [operation_prod] [WARN] [main]  o.a.dubbo.config.spring.extension.SpringExtensionFactory- [DUBBO] No spring extension (bean) named:file, try to find an extension (bean) of type java.io.File, dubbo version: 2.7.3, current host: 10.221.34.247

[2021-04-03 21:28:08] [operation_prod] [WARN] [main]  o.a.dubbo.config.spring.extension.SpringExtensionFactory- [DUBBO] No spring extension (bean) named:file, type:java.io.File found, stop get bean., dubbo version: 2.7.3, current host: 10.221.34.247

[2021-04-03 21:28:08] [operation_prod] [INFO] [main]  org.apache.dubbo.common.logger.LoggerFactory-using logger: org.apache.dubbo.common.logger.slf4j.Slf4jLoggerAdapter

[2021-04-03 21:28:08] [operation_prod] [INFO] [main]  o.a.d.c.s.b.f.annotation.DubboConfigBindingBeanPostProcessor-The properties of bean [name : org.apache.dubbo.config.ApplicationConfig#0] have been binding by prefix of configuration properties : dubbo.application

[2021-04-03 21:28:08] [operation_prod] [INFO] [main]  org.apache.dubbo.common.logger.LoggerFactory-using logger: org.apache.dubbo.common.logger.slf4j.Slf4jLoggerAdapter

[2021-04-03 21:28:08] [operation_prod] [INFO] [main]  org.apache.coyote.http11.Http11NioProtocol-Starting ProtocolHandler ["http-nio-8081"]

[2021-04-03 21:28:08] [operation_prod] [INFO] [main]  cn.jxau.producer.App-Started App in 3.728 seconds (JVM running for 5.657)

[2021-04-03 21:28:19] [operation_prod] [INFO] [http-nio-8081-exec-1]  o.a.catalina.core.ContainerBase.[Tomcat].[localhost].[/]-Initializing Spring DispatcherServlet 'dispatcherServlet'

[2021-04-03 21:28:19] [operation_prod] [ERROR] [http-nio-8081-exec-1]  o.a.c.c.C.[Tomcat].[localhost].[/].[dispatcherServlet]-Servlet.service() for servlet [dispatcherServlet] in context with path [] threw exception [Request processing failed; nested exception is java.lang.IllegalStateException: Only one ConfirmCallback is supported by each RabbitTemplate] with root cause
java.lang.IllegalStateException: Only one ConfirmCallback is supported by each RabbitTemplate
	at org.springframework.util.Assert.state(Assert.java:73)
	at org.springframework.amqp.rabbit.core.RabbitTemplate.setConfirmCallback(RabbitTemplate.java:447)
	at cn.jxau.producer.controller.OrderController.sendMessage(OrderController.java:43)
	at sun.reflect.NativeMethodAccessorImpl.invoke0(Native Method)
	at sun.reflect.NativeMethodAccessorImpl.invoke(NativeMethodAccessorImpl.java:62)
	at sun.reflect.DelegatingMethodAccessorImpl.invoke(DelegatingMethodAccessorImpl.java:43)
	at java.lang.reflect.Method.invoke(Method.java:498)
	at org.springframework.web.method.support.InvocableHandlerMethod.doInvoke(InvocableHandlerMethod.java:190)
	at org.springframework.web.method.support.InvocableHandlerMethod.invokeForRequest(InvocableHandlerMethod.java:138)
	at org.springframework.web.servlet.mvc.method.annotation.ServletInvocableHandlerMethod.invokeAndHandle(ServletInvocableHandlerMethod.java:106)
	at org.springframework.web.servlet.mvc.method.annotation.RequestMappingHandlerAdapter.invokeHandlerMethod(RequestMappingHandlerAdapter.java:888)
	at org.springframework.web.servlet.mvc.method.annotation.RequestMappingHandlerAdapter.handleInternal(RequestMappingHandlerAdapter.java:793)
	at org.springframework.web.servlet.mvc.method.AbstractHandlerMethodAdapter.handle(AbstractHandlerMethodAdapter.java:87)
	at org.springframework.web.servlet.DispatcherServlet.doDispatch(DispatcherServlet.java:1040)
	at org.springframework.web.servlet.DispatcherServlet.doService(DispatcherServlet.java:943)
	at org.springframework.web.servlet.FrameworkServlet.processRequest(FrameworkServlet.java:1006)
	at org.springframework.web.servlet.FrameworkServlet.doGet(FrameworkServlet.java:898)
	at javax.servlet.http.HttpServlet.service(HttpServlet.java:634)
	at org.springframework.web.servlet.FrameworkServlet.service(FrameworkServlet.java:883)
	at javax.servlet.http.HttpServlet.service(HttpServlet.java:741)
	at org.apache.catalina.core.ApplicationFilterChain.internalDoFilter(ApplicationFilterChain.java:231)
	at org.apache.catalina.core.ApplicationFilterChain.doFilter(ApplicationFilterChain.java:166)
	at org.apache.tomcat.websocket.server.WsFilter.doFilter(WsFilter.java:53)
	at org.apache.catalina.core.ApplicationFilterChain.internalDoFilter(ApplicationFilterChain.java:193)
	at org.apache.catalina.core.ApplicationFilterChain.doFilter(ApplicationFilterChain.java:166)
	at org.springframework.web.filter.RequestContextFilter.doFilterInternal(RequestContextFilter.java:100)
	at org.springframework.web.filter.OncePerRequestFilter.doFilter(OncePerRequestFilter.java:119)
	at org.apache.catalina.core.ApplicationFilterChain.internalDoFilter(ApplicationFilterChain.java:193)
	at org.apache.catalina.core.ApplicationFilterChain.doFilter(ApplicationFilterChain.java:166)
	at org.springframework.web.filter.FormContentFilter.doFilterInternal(FormContentFilter.java:93)
	at org.springframework.web.filter.OncePerRequestFilter.doFilter(OncePerRequestFilter.java:119)
	at org.apache.catalina.core.ApplicationFilterChain.internalDoFilter(ApplicationFilterChain.java:193)
	at org.apache.catalina.core.ApplicationFilterChain.doFilter(ApplicationFilterChain.java:166)
	at org.springframework.web.filter.CharacterEncodingFilter.doFilterInternal(CharacterEncodingFilter.java:201)
	at org.springframework.web.filter.OncePerRequestFilter.doFilter(OncePerRequestFilter.java:119)
	at org.apache.catalina.core.ApplicationFilterChain.internalDoFilter(ApplicationFilterChain.java:193)
	at org.apache.catalina.core.ApplicationFilterChain.doFilter(ApplicationFilterChain.java:166)
	at org.apache.catalina.core.StandardWrapperValve.invoke(StandardWrapperValve.java:202)
	at org.apache.catalina.core.StandardContextValve.invoke(StandardContextValve.java:96)
	at org.apache.catalina.authenticator.AuthenticatorBase.invoke(AuthenticatorBase.java:526)
	at org.apache.catalina.core.StandardHostValve.invoke(StandardHostValve.java:139)
	at org.apache.catalina.valves.ErrorReportValve.invoke(ErrorReportValve.java:92)
	at org.apache.catalina.core.StandardEngineValve.invoke(StandardEngineValve.java:74)
	at org.apache.catalina.connector.CoyoteAdapter.service(CoyoteAdapter.java:343)
	at org.apache.coyote.http11.Http11Processor.service(Http11Processor.java:367)
	at org.apache.coyote.AbstractProcessorLight.process(AbstractProcessorLight.java:65)
	at org.apache.coyote.AbstractProtocol$ConnectionHandler.process(AbstractProtocol.java:860)
	at org.apache.tomcat.util.net.NioEndpoint$SocketProcessor.doRun(NioEndpoint.java:1591)
	at org.apache.tomcat.util.net.SocketProcessorBase.run(SocketProcessorBase.java:49)
	at java.util.concurrent.ThreadPoolExecutor.runWorker(ThreadPoolExecutor.java:1149)
	at java.util.concurrent.ThreadPoolExecutor$Worker.run(ThreadPoolExecutor.java:624)
	at org.apache.tomcat.util.threads.TaskThread$WrappingRunnable.run(TaskThread.java:61)
	at java.lang.Thread.run(Thread.java:748)

[2021-04-03 21:29:35] [operation_prod] [INFO] [DubboShutdownHook]  org.apache.dubbo.config.DubboShutdownHook- [DUBBO] Run shutdown hook now., dubbo version: 2.7.3, current host: 10.221.34.247

[2021-04-03 21:29:35] [operation_prod] [INFO] [DubboShutdownHook]  org.apache.dubbo.registry.support.AbstractRegistryFactory- [DUBBO] Close all registries [], dubbo version: 2.7.3, current host: 10.221.34.247

[2021-04-03 21:29:35] [operation_prod] [INFO] [SpringContextShutdownHook]  o.a.d.s.boot.context.event.AwaitingNonWebApplicationListener- [Dubbo] Current Spring Boot Application is about to shutdown...

[2021-04-03 21:29:35] [operation_prod] [INFO] [SpringContextShutdownHook]  o.a.d.c.s.b.f.a.ReferenceAnnotationBeanPostProcessor-class org.apache.dubbo.config.spring.beans.factory.annotation.ReferenceAnnotationBeanPostProcessor was destroying!

[2021-04-03 21:29:45] [operation_prod] [INFO] [main]  org.apache.dubbo.common.logger.LoggerFactory-using logger: org.apache.dubbo.common.logger.log4j.Log4jLoggerAdapter

[2021-04-03 21:29:45] [operation_prod] [INFO] [main]  o.a.d.s.boot.context.event.WelcomeLogoApplicationListener-

 :: Dubbo Spring Boot (v2.7.3) : https://github.com/apache/dubbo-spring-boot-project
 :: Dubbo (v2.7.3) : https://github.com/apache/incubator-dubbo
 :: Discuss group : dev@dubbo.apache.org


[2021-04-03 21:29:45] [operation_prod] [INFO] [main]  o.a.d.s.b.c.event.OverrideDubboConfigApplicationListener-Dubbo Config was overridden by externalized configuration {dubbo.application.logger=slf4j, dubbo.application.qos-enable=false, dubbo.config.multiple=true}

[2021-04-03 21:29:45] [operation_prod] [INFO] [main]  cn.jxau.producer.App-Starting App on DESKTOP-6CRAUAT with PID 30132 (D:\webProject\demo\producer\target\classes started by acer-L in D:\webProject\demo)

[2021-04-03 21:29:45] [operation_prod] [INFO] [main]  cn.jxau.producer.App-No active profile set, falling back to default profiles: default

[2021-04-03 21:29:45] [operation_prod] [INFO] [main]  o.a.d.c.s.context.annotation.DubboConfigBindingRegistrar-The dubbo config bean definition [name : org.apache.dubbo.config.ApplicationConfig#0, class : org.apache.dubbo.config.ApplicationConfig] has been registered.

[2021-04-03 21:29:45] [operation_prod] [INFO] [main]  o.a.d.c.s.context.annotation.DubboConfigBindingRegistrar-The BeanPostProcessor bean definition [org.apache.dubbo.config.spring.beans.factory.annotation.DubboConfigBindingBeanPostProcessor] for dubbo config bean [name : org.apache.dubbo.config.ApplicationConfig#0] has been registered.

[2021-04-03 21:29:46] [operation_prod] [INFO] [main]  org.apache.coyote.http11.Http11NioProtocol-Initializing ProtocolHandler ["http-nio-8081"]

[2021-04-03 21:29:46] [operation_prod] [INFO] [main]  org.apache.catalina.core.StandardService-Starting service [Tomcat]

[2021-04-03 21:29:46] [operation_prod] [INFO] [main]  org.apache.catalina.core.StandardEngine-Starting Servlet engine: [Apache Tomcat/9.0.29]

[2021-04-03 21:29:46] [operation_prod] [INFO] [main]  o.a.catalina.core.ContainerBase.[Tomcat].[localhost].[/]-Initializing Spring embedded WebApplicationContext

[2021-04-03 21:29:47] [operation_prod] [WARN] [main]  o.a.dubbo.config.spring.extension.SpringExtensionFactory- [DUBBO] No spring extension (bean) named:level, try to find an extension (bean) of type org.apache.dubbo.common.logger.Level, dubbo version: 2.7.3, current host: 10.221.34.247

[2021-04-03 21:29:47] [operation_prod] [WARN] [main]  o.a.dubbo.config.spring.extension.SpringExtensionFactory- [DUBBO] No spring extension (bean) named:level, type:org.apache.dubbo.common.logger.Level found, stop get bean., dubbo version: 2.7.3, current host: 10.221.34.247

[2021-04-03 21:29:47] [operation_prod] [WARN] [main]  o.a.dubbo.config.spring.extension.SpringExtensionFactory- [DUBBO] No spring extension (bean) named:file, try to find an extension (bean) of type java.io.File, dubbo version: 2.7.3, current host: 10.221.34.247

[2021-04-03 21:29:47] [operation_prod] [WARN] [main]  o.a.dubbo.config.spring.extension.SpringExtensionFactory- [DUBBO] No spring extension (bean) named:file, type:java.io.File found, stop get bean., dubbo version: 2.7.3, current host: 10.221.34.247

[2021-04-03 21:29:47] [operation_prod] [INFO] [main]  org.apache.dubbo.common.logger.LoggerFactory-using logger: org.apache.dubbo.common.logger.slf4j.Slf4jLoggerAdapter

[2021-04-03 21:29:47] [operation_prod] [INFO] [main]  o.a.d.c.s.b.f.annotation.DubboConfigBindingBeanPostProcessor-The properties of bean [name : org.apache.dubbo.config.ApplicationConfig#0] have been binding by prefix of configuration properties : dubbo.application

[2021-04-03 21:29:47] [operation_prod] [INFO] [main]  org.apache.dubbo.common.logger.LoggerFactory-using logger: org.apache.dubbo.common.logger.slf4j.Slf4jLoggerAdapter

[2021-04-03 21:29:48] [operation_prod] [INFO] [main]  org.apache.coyote.http11.Http11NioProtocol-Starting ProtocolHandler ["http-nio-8081"]

[2021-04-03 21:29:48] [operation_prod] [INFO] [main]  cn.jxau.producer.App-Started App in 3.632 seconds (JVM running for 5.44)

[2021-04-03 21:29:58] [operation_prod] [INFO] [http-nio-8081-exec-1]  o.a.catalina.core.ContainerBase.[Tomcat].[localhost].[/]-Initializing Spring DispatcherServlet 'dispatcherServlet'

[2021-04-03 21:30:38] [operation_prod] [ERROR] [simpleMessageListenerContainer-1]  o.s.amqp.rabbit.listener.SimpleMessageListenerContainer-Execution of Rabbit message listener failed, and the error handler threw an exception
org.springframework.amqp.AmqpRejectAndDontRequeueException: Error Handler converted exception to fatal
	at org.springframework.amqp.rabbit.listener.ConditionalRejectingErrorHandler.handleError(ConditionalRejectingErrorHandler.java:116)
	at org.springframework.amqp.rabbit.listener.AbstractMessageListenerContainer.invokeErrorHandler(AbstractMessageListenerContainer.java:1373)
	at org.springframework.amqp.rabbit.listener.AbstractMessageListenerContainer.handleListenerException(AbstractMessageListenerContainer.java:1657)
	at org.springframework.amqp.rabbit.listener.AbstractMessageListenerContainer.executeListener(AbstractMessageListenerContainer.java:1432)
	at org.springframework.amqp.rabbit.listener.SimpleMessageListenerContainer.doReceiveAndExecute(SimpleMessageListenerContainer.java:958)
	at org.springframework.amqp.rabbit.listener.SimpleMessageListenerContainer.receiveAndExecute(SimpleMessageListenerContainer.java:908)
	at org.springframework.amqp.rabbit.listener.SimpleMessageListenerContainer.access$1600(SimpleMessageListenerContainer.java:81)
	at org.springframework.amqp.rabbit.listener.SimpleMessageListenerContainer$AsyncMessageProcessingConsumer.mainLoop(SimpleMessageListenerContainer.java:1279)
	at org.springframework.amqp.rabbit.listener.SimpleMessageListenerContainer$AsyncMessageProcessingConsumer.run(SimpleMessageListenerContainer.java:1185)
	at java.lang.Thread.run(Thread.java:748)
Caused by: org.springframework.amqp.rabbit.support.ListenerExecutionFailedException: Failed to invoke target method 'handleMessage' with argument type = [class java.lang.String], value = [{123}]
	at org.springframework.amqp.rabbit.listener.adapter.MessageListenerAdapter.invokeListenerMethod(MessageListenerAdapter.java:405)
	at org.springframework.amqp.rabbit.listener.adapter.MessageListenerAdapter.onMessage(MessageListenerAdapter.java:293)
	at org.springframework.amqp.rabbit.listener.AbstractMessageListenerContainer.doInvokeListener(AbstractMessageListenerContainer.java:1569)
	at org.springframework.amqp.rabbit.listener.AbstractMessageListenerContainer.actualInvokeListener(AbstractMessageListenerContainer.java:1488)
	at org.springframework.amqp.rabbit.listener.AbstractMessageListenerContainer.invokeListener(AbstractMessageListenerContainer.java:1476)
	at org.springframework.amqp.rabbit.listener.AbstractMessageListenerContainer.doExecuteListener(AbstractMessageListenerContainer.java:1467)
	at org.springframework.amqp.rabbit.listener.AbstractMessageListenerContainer.executeListener(AbstractMessageListenerContainer.java:1411)
	... 6 common frames omitted
Caused by: java.lang.NoSuchMethodException: cn.jxau.producer.listener.MessageDelegate.handleMessage(java.lang.String)
	at java.lang.Class.getMethod(Class.java:1786)
	at org.springframework.util.MethodInvoker.prepare(MethodInvoker.java:184)
	at org.springframework.amqp.rabbit.listener.adapter.MessageListenerAdapter.invokeListenerMethod(MessageListenerAdapter.java:383)
	... 12 common frames omitted

[2021-04-03 21:31:26] [operation_prod] [INFO] [DubboShutdownHook]  org.apache.dubbo.config.DubboShutdownHook- [DUBBO] Run shutdown hook now., dubbo version: 2.7.3, current host: 10.221.34.247

[2021-04-03 21:31:26] [operation_prod] [INFO] [DubboShutdownHook]  org.apache.dubbo.registry.support.AbstractRegistryFactory- [DUBBO] Close all registries [], dubbo version: 2.7.3, current host: 10.221.34.247

[2021-04-03 21:31:26] [operation_prod] [INFO] [SpringContextShutdownHook]  o.a.d.s.boot.context.event.AwaitingNonWebApplicationListener- [Dubbo] Current Spring Boot Application is about to shutdown...

[2021-04-03 21:31:26] [operation_prod] [INFO] [SpringContextShutdownHook]  o.a.d.c.s.b.f.a.ReferenceAnnotationBeanPostProcessor-class org.apache.dubbo.config.spring.beans.factory.annotation.ReferenceAnnotationBeanPostProcessor was destroying!

[2021-04-03 21:31:37] [operation_prod] [INFO] [main]  org.apache.dubbo.common.logger.LoggerFactory-using logger: org.apache.dubbo.common.logger.log4j.Log4jLoggerAdapter

[2021-04-03 21:31:37] [operation_prod] [INFO] [main]  o.a.d.s.boot.context.event.WelcomeLogoApplicationListener-

 :: Dubbo Spring Boot (v2.7.3) : https://github.com/apache/dubbo-spring-boot-project
 :: Dubbo (v2.7.3) : https://github.com/apache/incubator-dubbo
 :: Discuss group : dev@dubbo.apache.org


[2021-04-03 21:31:37] [operation_prod] [INFO] [main]  o.a.d.s.b.c.event.OverrideDubboConfigApplicationListener-Dubbo Config was overridden by externalized configuration {dubbo.application.logger=slf4j, dubbo.application.qos-enable=false, dubbo.config.multiple=true}

[2021-04-03 21:31:37] [operation_prod] [INFO] [main]  cn.jxau.producer.App-Starting App on DESKTOP-6CRAUAT with PID 8108 (D:\webProject\demo\producer\target\classes started by acer-L in D:\webProject\demo)

[2021-04-03 21:31:37] [operation_prod] [INFO] [main]  cn.jxau.producer.App-No active profile set, falling back to default profiles: default

[2021-04-03 21:31:38] [operation_prod] [INFO] [main]  o.a.d.c.s.context.annotation.DubboConfigBindingRegistrar-The dubbo config bean definition [name : org.apache.dubbo.config.ApplicationConfig#0, class : org.apache.dubbo.config.ApplicationConfig] has been registered.

[2021-04-03 21:31:38] [operation_prod] [INFO] [main]  o.a.d.c.s.context.annotation.DubboConfigBindingRegistrar-The BeanPostProcessor bean definition [org.apache.dubbo.config.spring.beans.factory.annotation.DubboConfigBindingBeanPostProcessor] for dubbo config bean [name : org.apache.dubbo.config.ApplicationConfig#0] has been registered.

[2021-04-03 21:31:39] [operation_prod] [INFO] [main]  org.apache.coyote.http11.Http11NioProtocol-Initializing ProtocolHandler ["http-nio-8081"]

[2021-04-03 21:31:39] [operation_prod] [INFO] [main]  org.apache.catalina.core.StandardService-Starting service [Tomcat]

[2021-04-03 21:31:39] [operation_prod] [INFO] [main]  org.apache.catalina.core.StandardEngine-Starting Servlet engine: [Apache Tomcat/9.0.29]

[2021-04-03 21:31:39] [operation_prod] [INFO] [main]  o.a.catalina.core.ContainerBase.[Tomcat].[localhost].[/]-Initializing Spring embedded WebApplicationContext

[2021-04-03 21:31:41] [operation_prod] [WARN] [main]  o.a.dubbo.config.spring.extension.SpringExtensionFactory- [DUBBO] No spring extension (bean) named:level, try to find an extension (bean) of type org.apache.dubbo.common.logger.Level, dubbo version: 2.7.3, current host: 10.221.34.247

[2021-04-03 21:31:41] [operation_prod] [WARN] [main]  o.a.dubbo.config.spring.extension.SpringExtensionFactory- [DUBBO] No spring extension (bean) named:level, type:org.apache.dubbo.common.logger.Level found, stop get bean., dubbo version: 2.7.3, current host: 10.221.34.247

[2021-04-03 21:31:41] [operation_prod] [WARN] [main]  o.a.dubbo.config.spring.extension.SpringExtensionFactory- [DUBBO] No spring extension (bean) named:file, try to find an extension (bean) of type java.io.File, dubbo version: 2.7.3, current host: 10.221.34.247

[2021-04-03 21:31:41] [operation_prod] [WARN] [main]  o.a.dubbo.config.spring.extension.SpringExtensionFactory- [DUBBO] No spring extension (bean) named:file, type:java.io.File found, stop get bean., dubbo version: 2.7.3, current host: 10.221.34.247

[2021-04-03 21:31:41] [operation_prod] [INFO] [main]  org.apache.dubbo.common.logger.LoggerFactory-using logger: org.apache.dubbo.common.logger.slf4j.Slf4jLoggerAdapter

[2021-04-03 21:31:41] [operation_prod] [INFO] [main]  o.a.d.c.s.b.f.annotation.DubboConfigBindingBeanPostProcessor-The properties of bean [name : org.apache.dubbo.config.ApplicationConfig#0] have been binding by prefix of configuration properties : dubbo.application

[2021-04-03 21:31:41] [operation_prod] [INFO] [main]  org.apache.dubbo.common.logger.LoggerFactory-using logger: org.apache.dubbo.common.logger.slf4j.Slf4jLoggerAdapter

[2021-04-03 21:31:41] [operation_prod] [INFO] [main]  org.apache.coyote.http11.Http11NioProtocol-Starting ProtocolHandler ["http-nio-8081"]

[2021-04-03 21:31:41] [operation_prod] [INFO] [main]  cn.jxau.producer.App-Started App in 4.428 seconds (JVM running for 6.367)

[2021-04-03 21:31:49] [operation_prod] [INFO] [http-nio-8081-exec-1]  o.a.catalina.core.ContainerBase.[Tomcat].[localhost].[/]-Initializing Spring DispatcherServlet 'dispatcherServlet'

[2021-04-03 21:31:59] [operation_prod] [ERROR] [simpleMessageListenerContainer-1]  o.s.amqp.rabbit.listener.SimpleMessageListenerContainer-Execution of Rabbit message listener failed, and the error handler threw an exception
org.springframework.amqp.AmqpRejectAndDontRequeueException: Error Handler converted exception to fatal
	at org.springframework.amqp.rabbit.listener.ConditionalRejectingErrorHandler.handleError(ConditionalRejectingErrorHandler.java:116)
	at org.springframework.amqp.rabbit.listener.AbstractMessageListenerContainer.invokeErrorHandler(AbstractMessageListenerContainer.java:1373)
	at org.springframework.amqp.rabbit.listener.AbstractMessageListenerContainer.handleListenerException(AbstractMessageListenerContainer.java:1657)
	at org.springframework.amqp.rabbit.listener.AbstractMessageListenerContainer.executeListener(AbstractMessageListenerContainer.java:1432)
	at org.springframework.amqp.rabbit.listener.SimpleMessageListenerContainer.doReceiveAndExecute(SimpleMessageListenerContainer.java:958)
	at org.springframework.amqp.rabbit.listener.SimpleMessageListenerContainer.receiveAndExecute(SimpleMessageListenerContainer.java:908)
	at org.springframework.amqp.rabbit.listener.SimpleMessageListenerContainer.access$1600(SimpleMessageListenerContainer.java:81)
	at org.springframework.amqp.rabbit.listener.SimpleMessageListenerContainer$AsyncMessageProcessingConsumer.mainLoop(SimpleMessageListenerContainer.java:1279)
	at org.springframework.amqp.rabbit.listener.SimpleMessageListenerContainer$AsyncMessageProcessingConsumer.run(SimpleMessageListenerContainer.java:1185)
	at java.lang.Thread.run(Thread.java:748)
Caused by: org.springframework.amqp.rabbit.support.ListenerExecutionFailedException: Failed to invoke target method 'handleMessage' with argument type = [class java.lang.String], value = [{123}]
	at org.springframework.amqp.rabbit.listener.adapter.MessageListenerAdapter.invokeListenerMethod(MessageListenerAdapter.java:405)
	at org.springframework.amqp.rabbit.listener.adapter.MessageListenerAdapter.onMessage(MessageListenerAdapter.java:293)
	at org.springframework.amqp.rabbit.listener.AbstractMessageListenerContainer.doInvokeListener(AbstractMessageListenerContainer.java:1569)
	at org.springframework.amqp.rabbit.listener.AbstractMessageListenerContainer.actualInvokeListener(AbstractMessageListenerContainer.java:1488)
	at org.springframework.amqp.rabbit.listener.AbstractMessageListenerContainer.invokeListener(AbstractMessageListenerContainer.java:1476)
	at org.springframework.amqp.rabbit.listener.AbstractMessageListenerContainer.doExecuteListener(AbstractMessageListenerContainer.java:1467)
	at org.springframework.amqp.rabbit.listener.AbstractMessageListenerContainer.executeListener(AbstractMessageListenerContainer.java:1411)
	... 6 common frames omitted
Caused by: java.lang.NoSuchMethodException: cn.jxau.producer.listener.MessageDelegate.handleMessage(java.lang.String)
	at java.lang.Class.getMethod(Class.java:1786)
	at org.springframework.util.MethodInvoker.prepare(MethodInvoker.java:184)
	at org.springframework.amqp.rabbit.listener.adapter.MessageListenerAdapter.invokeListenerMethod(MessageListenerAdapter.java:383)
	... 12 common frames omitted

[2021-04-03 21:33:30] [operation_prod] [INFO] [DubboShutdownHook]  org.apache.dubbo.config.DubboShutdownHook- [DUBBO] Run shutdown hook now., dubbo version: 2.7.3, current host: 10.221.34.247

[2021-04-03 21:33:30] [operation_prod] [INFO] [DubboShutdownHook]  org.apache.dubbo.registry.support.AbstractRegistryFactory- [DUBBO] Close all registries [], dubbo version: 2.7.3, current host: 10.221.34.247

[2021-04-03 21:33:30] [operation_prod] [INFO] [SpringContextShutdownHook]  o.a.d.s.boot.context.event.AwaitingNonWebApplicationListener- [Dubbo] Current Spring Boot Application is about to shutdown...

[2021-04-03 21:33:30] [operation_prod] [INFO] [SpringContextShutdownHook]  o.a.d.c.s.b.f.a.ReferenceAnnotationBeanPostProcessor-class org.apache.dubbo.config.spring.beans.factory.annotation.ReferenceAnnotationBeanPostProcessor was destroying!

[2021-04-03 21:33:39] [operation_prod] [INFO] [main]  org.apache.dubbo.common.logger.LoggerFactory-using logger: org.apache.dubbo.common.logger.log4j.Log4jLoggerAdapter

[2021-04-03 21:33:39] [operation_prod] [INFO] [main]  o.a.d.s.boot.context.event.WelcomeLogoApplicationListener-

 :: Dubbo Spring Boot (v2.7.3) : https://github.com/apache/dubbo-spring-boot-project
 :: Dubbo (v2.7.3) : https://github.com/apache/incubator-dubbo
 :: Discuss group : dev@dubbo.apache.org


[2021-04-03 21:33:39] [operation_prod] [INFO] [main]  o.a.d.s.b.c.event.OverrideDubboConfigApplicationListener-Dubbo Config was overridden by externalized configuration {dubbo.application.logger=slf4j, dubbo.application.qos-enable=false, dubbo.config.multiple=true}

[2021-04-03 21:33:39] [operation_prod] [INFO] [main]  cn.jxau.producer.App-Starting App on DESKTOP-6CRAUAT with PID 34880 (D:\webProject\demo\producer\target\classes started by acer-L in D:\webProject\demo)

[2021-04-03 21:33:39] [operation_prod] [INFO] [main]  cn.jxau.producer.App-No active profile set, falling back to default profiles: default

[2021-04-03 21:33:40] [operation_prod] [INFO] [main]  o.a.d.c.s.context.annotation.DubboConfigBindingRegistrar-The dubbo config bean definition [name : org.apache.dubbo.config.ApplicationConfig#0, class : org.apache.dubbo.config.ApplicationConfig] has been registered.

[2021-04-03 21:33:40] [operation_prod] [INFO] [main]  o.a.d.c.s.context.annotation.DubboConfigBindingRegistrar-The BeanPostProcessor bean definition [org.apache.dubbo.config.spring.beans.factory.annotation.DubboConfigBindingBeanPostProcessor] for dubbo config bean [name : org.apache.dubbo.config.ApplicationConfig#0] has been registered.

[2021-04-03 21:33:41] [operation_prod] [INFO] [main]  org.apache.coyote.http11.Http11NioProtocol-Initializing ProtocolHandler ["http-nio-8081"]

[2021-04-03 21:33:41] [operation_prod] [INFO] [main]  org.apache.catalina.core.StandardService-Starting service [Tomcat]

[2021-04-03 21:33:41] [operation_prod] [INFO] [main]  org.apache.catalina.core.StandardEngine-Starting Servlet engine: [Apache Tomcat/9.0.29]

[2021-04-03 21:33:41] [operation_prod] [INFO] [main]  o.a.catalina.core.ContainerBase.[Tomcat].[localhost].[/]-Initializing Spring embedded WebApplicationContext

[2021-04-03 21:33:42] [operation_prod] [WARN] [main]  o.a.dubbo.config.spring.extension.SpringExtensionFactory- [DUBBO] No spring extension (bean) named:level, try to find an extension (bean) of type org.apache.dubbo.common.logger.Level, dubbo version: 2.7.3, current host: 10.221.34.247

[2021-04-03 21:33:42] [operation_prod] [WARN] [main]  o.a.dubbo.config.spring.extension.SpringExtensionFactory- [DUBBO] No spring extension (bean) named:level, type:org.apache.dubbo.common.logger.Level found, stop get bean., dubbo version: 2.7.3, current host: 10.221.34.247

[2021-04-03 21:33:42] [operation_prod] [WARN] [main]  o.a.dubbo.config.spring.extension.SpringExtensionFactory- [DUBBO] No spring extension (bean) named:file, try to find an extension (bean) of type java.io.File, dubbo version: 2.7.3, current host: 10.221.34.247

[2021-04-03 21:33:42] [operation_prod] [WARN] [main]  o.a.dubbo.config.spring.extension.SpringExtensionFactory- [DUBBO] No spring extension (bean) named:file, type:java.io.File found, stop get bean., dubbo version: 2.7.3, current host: 10.221.34.247

[2021-04-03 21:33:42] [operation_prod] [INFO] [main]  org.apache.dubbo.common.logger.LoggerFactory-using logger: org.apache.dubbo.common.logger.slf4j.Slf4jLoggerAdapter

[2021-04-03 21:33:42] [operation_prod] [INFO] [main]  o.a.d.c.s.b.f.annotation.DubboConfigBindingBeanPostProcessor-The properties of bean [name : org.apache.dubbo.config.ApplicationConfig#0] have been binding by prefix of configuration properties : dubbo.application

[2021-04-03 21:33:42] [operation_prod] [INFO] [main]  org.apache.dubbo.common.logger.LoggerFactory-using logger: org.apache.dubbo.common.logger.slf4j.Slf4jLoggerAdapter

[2021-04-03 21:33:43] [operation_prod] [INFO] [main]  org.apache.coyote.http11.Http11NioProtocol-Starting ProtocolHandler ["http-nio-8081"]

[2021-04-03 21:33:43] [operation_prod] [INFO] [main]  cn.jxau.producer.App-Started App in 3.979 seconds (JVM running for 6.014)

[2021-04-03 21:40:09] [operation_prod] [INFO] [http-nio-8081-exec-1]  o.a.catalina.core.ContainerBase.[Tomcat].[localhost].[/]-Initializing Spring DispatcherServlet 'dispatcherServlet'

[2021-04-03 21:40:16] [operation_prod] [ERROR] [simpleMessageListenerContainer-1]  o.s.amqp.rabbit.listener.SimpleMessageListenerContainer-Execution of Rabbit message listener failed, and the error handler threw an exception
org.springframework.amqp.AmqpRejectAndDontRequeueException: Error Handler converted exception to fatal
	at org.springframework.amqp.rabbit.listener.ConditionalRejectingErrorHandler.handleError(ConditionalRejectingErrorHandler.java:116)
	at org.springframework.amqp.rabbit.listener.AbstractMessageListenerContainer.invokeErrorHandler(AbstractMessageListenerContainer.java:1373)
	at org.springframework.amqp.rabbit.listener.AbstractMessageListenerContainer.handleListenerException(AbstractMessageListenerContainer.java:1657)
	at org.springframework.amqp.rabbit.listener.AbstractMessageListenerContainer.executeListener(AbstractMessageListenerContainer.java:1432)
	at org.springframework.amqp.rabbit.listener.SimpleMessageListenerContainer.doReceiveAndExecute(SimpleMessageListenerContainer.java:958)
	at org.springframework.amqp.rabbit.listener.SimpleMessageListenerContainer.receiveAndExecute(SimpleMessageListenerContainer.java:908)
	at org.springframework.amqp.rabbit.listener.SimpleMessageListenerContainer.access$1600(SimpleMessageListenerContainer.java:81)
	at org.springframework.amqp.rabbit.listener.SimpleMessageListenerContainer$AsyncMessageProcessingConsumer.mainLoop(SimpleMessageListenerContainer.java:1279)
	at org.springframework.amqp.rabbit.listener.SimpleMessageListenerContainer$AsyncMessageProcessingConsumer.run(SimpleMessageListenerContainer.java:1185)
	at java.lang.Thread.run(Thread.java:748)
Caused by: org.springframework.amqp.rabbit.support.ListenerExecutionFailedException: Failed to invoke target method 'handleMessage' with argument type = [class java.lang.String], value = [{123}]
	at org.springframework.amqp.rabbit.listener.adapter.MessageListenerAdapter.invokeListenerMethod(MessageListenerAdapter.java:405)
	at org.springframework.amqp.rabbit.listener.adapter.MessageListenerAdapter.onMessage(MessageListenerAdapter.java:293)
	at org.springframework.amqp.rabbit.listener.AbstractMessageListenerContainer.doInvokeListener(AbstractMessageListenerContainer.java:1569)
	at org.springframework.amqp.rabbit.listener.AbstractMessageListenerContainer.actualInvokeListener(AbstractMessageListenerContainer.java:1488)
	at org.springframework.amqp.rabbit.listener.AbstractMessageListenerContainer.invokeListener(AbstractMessageListenerContainer.java:1476)
	at org.springframework.amqp.rabbit.listener.AbstractMessageListenerContainer.doExecuteListener(AbstractMessageListenerContainer.java:1467)
	at org.springframework.amqp.rabbit.listener.AbstractMessageListenerContainer.executeListener(AbstractMessageListenerContainer.java:1411)
	... 6 common frames omitted
Caused by: java.lang.NoSuchMethodException: cn.jxau.producer.listener.MessageDelegate.handleMessage(java.lang.String)
	at java.lang.Class.getMethod(Class.java:1786)
	at org.springframework.util.MethodInvoker.prepare(MethodInvoker.java:184)
	at org.springframework.amqp.rabbit.listener.adapter.MessageListenerAdapter.invokeListenerMethod(MessageListenerAdapter.java:383)
	... 12 common frames omitted

[2021-04-03 21:55:07] [operation_prod] [INFO] [DubboShutdownHook]  org.apache.dubbo.config.DubboShutdownHook- [DUBBO] Run shutdown hook now., dubbo version: 2.7.3, current host: 10.221.34.247

[2021-04-03 21:55:07] [operation_prod] [INFO] [DubboShutdownHook]  org.apache.dubbo.registry.support.AbstractRegistryFactory- [DUBBO] Close all registries [], dubbo version: 2.7.3, current host: 10.221.34.247

[2021-04-03 21:55:07] [operation_prod] [INFO] [SpringContextShutdownHook]  o.a.d.s.boot.context.event.AwaitingNonWebApplicationListener- [Dubbo] Current Spring Boot Application is about to shutdown...

[2021-04-03 21:55:07] [operation_prod] [INFO] [SpringContextShutdownHook]  o.a.d.c.s.b.f.a.ReferenceAnnotationBeanPostProcessor-class org.apache.dubbo.config.spring.beans.factory.annotation.ReferenceAnnotationBeanPostProcessor was destroying!

[2021-04-03 21:55:16] [operation_prod] [INFO] [main]  org.apache.dubbo.common.logger.LoggerFactory-using logger: org.apache.dubbo.common.logger.log4j.Log4jLoggerAdapter

[2021-04-03 21:55:16] [operation_prod] [INFO] [main]  o.a.d.s.boot.context.event.WelcomeLogoApplicationListener-

 :: Dubbo Spring Boot (v2.7.3) : https://github.com/apache/dubbo-spring-boot-project
 :: Dubbo (v2.7.3) : https://github.com/apache/incubator-dubbo
 :: Discuss group : dev@dubbo.apache.org


[2021-04-03 21:55:16] [operation_prod] [INFO] [main]  o.a.d.s.b.c.event.OverrideDubboConfigApplicationListener-Dubbo Config was overridden by externalized configuration {dubbo.application.logger=slf4j, dubbo.application.qos-enable=false, dubbo.config.multiple=true}

[2021-04-03 21:55:16] [operation_prod] [INFO] [main]  cn.jxau.producer.App-Starting App on DESKTOP-6CRAUAT with PID 12528 (D:\webProject\demo\producer\target\classes started by acer-L in D:\webProject\demo)

[2021-04-03 21:55:16] [operation_prod] [INFO] [main]  cn.jxau.producer.App-No active profile set, falling back to default profiles: default

[2021-04-03 21:55:17] [operation_prod] [INFO] [main]  o.a.d.c.s.context.annotation.DubboConfigBindingRegistrar-The dubbo config bean definition [name : org.apache.dubbo.config.ApplicationConfig#0, class : org.apache.dubbo.config.ApplicationConfig] has been registered.

[2021-04-03 21:55:17] [operation_prod] [INFO] [main]  o.a.d.c.s.context.annotation.DubboConfigBindingRegistrar-The BeanPostProcessor bean definition [org.apache.dubbo.config.spring.beans.factory.annotation.DubboConfigBindingBeanPostProcessor] for dubbo config bean [name : org.apache.dubbo.config.ApplicationConfig#0] has been registered.

[2021-04-03 21:55:17] [operation_prod] [INFO] [main]  org.apache.coyote.http11.Http11NioProtocol-Initializing ProtocolHandler ["http-nio-8081"]

[2021-04-03 21:55:17] [operation_prod] [INFO] [main]  org.apache.catalina.core.StandardService-Starting service [Tomcat]

[2021-04-03 21:55:17] [operation_prod] [INFO] [main]  org.apache.catalina.core.StandardEngine-Starting Servlet engine: [Apache Tomcat/9.0.29]

[2021-04-03 21:55:18] [operation_prod] [INFO] [main]  o.a.catalina.core.ContainerBase.[Tomcat].[localhost].[/]-Initializing Spring embedded WebApplicationContext

[2021-04-03 21:55:18] [operation_prod] [WARN] [main]  o.a.dubbo.config.spring.extension.SpringExtensionFactory- [DUBBO] No spring extension (bean) named:level, try to find an extension (bean) of type org.apache.dubbo.common.logger.Level, dubbo version: 2.7.3, current host: 10.221.34.247

[2021-04-03 21:55:18] [operation_prod] [WARN] [main]  o.a.dubbo.config.spring.extension.SpringExtensionFactory- [DUBBO] No spring extension (bean) named:level, type:org.apache.dubbo.common.logger.Level found, stop get bean., dubbo version: 2.7.3, current host: 10.221.34.247

[2021-04-03 21:55:18] [operation_prod] [WARN] [main]  o.a.dubbo.config.spring.extension.SpringExtensionFactory- [DUBBO] No spring extension (bean) named:file, try to find an extension (bean) of type java.io.File, dubbo version: 2.7.3, current host: 10.221.34.247

[2021-04-03 21:55:18] [operation_prod] [WARN] [main]  o.a.dubbo.config.spring.extension.SpringExtensionFactory- [DUBBO] No spring extension (bean) named:file, type:java.io.File found, stop get bean., dubbo version: 2.7.3, current host: 10.221.34.247

[2021-04-03 21:55:18] [operation_prod] [INFO] [main]  org.apache.dubbo.common.logger.LoggerFactory-using logger: org.apache.dubbo.common.logger.slf4j.Slf4jLoggerAdapter

[2021-04-03 21:55:18] [operation_prod] [INFO] [main]  o.a.d.c.s.b.f.annotation.DubboConfigBindingBeanPostProcessor-The properties of bean [name : org.apache.dubbo.config.ApplicationConfig#0] have been binding by prefix of configuration properties : dubbo.application

[2021-04-03 21:55:18] [operation_prod] [INFO] [main]  org.apache.dubbo.common.logger.LoggerFactory-using logger: org.apache.dubbo.common.logger.slf4j.Slf4jLoggerAdapter

[2021-04-03 21:55:19] [operation_prod] [INFO] [main]  org.apache.coyote.http11.Http11NioProtocol-Starting ProtocolHandler ["http-nio-8081"]

[2021-04-03 21:55:19] [operation_prod] [INFO] [main]  cn.jxau.producer.App-Started App in 2.917 seconds (JVM running for 4.522)

[2021-04-03 21:55:23] [operation_prod] [INFO] [http-nio-8081-exec-1]  o.a.catalina.core.ContainerBase.[Tomcat].[localhost].[/]-Initializing Spring DispatcherServlet 'dispatcherServlet'

[2021-04-03 21:55:23] [operation_prod] [ERROR] [AMQP Connection 127.0.0.1:5672]  o.s.amqp.rabbit.connection.CachingConnectionFactory-Channel shutdown: channel error; protocol method: #method<channel.close>(reply-code=404, reply-text=NOT_FOUND - no exchange 'exchange-1' in vhost '/', class-id=60, method-id=40)

[2021-04-03 21:58:33] [operation_prod] [INFO] [main]  org.apache.dubbo.common.logger.LoggerFactory-using logger: org.apache.dubbo.common.logger.log4j.Log4jLoggerAdapter

[2021-04-03 21:58:33] [operation_prod] [INFO] [main]  o.a.d.s.boot.context.event.WelcomeLogoApplicationListener-

 :: Dubbo Spring Boot (v2.7.3) : https://github.com/apache/dubbo-spring-boot-project
 :: Dubbo (v2.7.3) : https://github.com/apache/incubator-dubbo
 :: Discuss group : dev@dubbo.apache.org


[2021-04-03 21:58:33] [operation_prod] [INFO] [main]  o.a.d.s.b.c.event.OverrideDubboConfigApplicationListener-Dubbo Config was overridden by externalized configuration {dubbo.application.logger=slf4j, dubbo.application.qos-enable=false, dubbo.config.multiple=true}

[2021-04-03 21:58:33] [operation_prod] [INFO] [main]  cn.jxau.producer.App-Starting App on DESKTOP-6CRAUAT with PID 20220 (D:\webProject\demo\producer\target\classes started by acer-L in D:\webProject\demo)

[2021-04-03 21:58:33] [operation_prod] [INFO] [main]  cn.jxau.producer.App-No active profile set, falling back to default profiles: default

[2021-04-03 21:58:34] [operation_prod] [INFO] [main]  o.a.d.c.s.context.annotation.DubboConfigBindingRegistrar-The dubbo config bean definition [name : org.apache.dubbo.config.ApplicationConfig#0, class : org.apache.dubbo.config.ApplicationConfig] has been registered.

[2021-04-03 21:58:34] [operation_prod] [INFO] [main]  o.a.d.c.s.context.annotation.DubboConfigBindingRegistrar-The BeanPostProcessor bean definition [org.apache.dubbo.config.spring.beans.factory.annotation.DubboConfigBindingBeanPostProcessor] for dubbo config bean [name : org.apache.dubbo.config.ApplicationConfig#0] has been registered.

[2021-04-03 21:58:34] [operation_prod] [INFO] [main]  org.apache.coyote.http11.Http11NioProtocol-Initializing ProtocolHandler ["http-nio-8081"]

[2021-04-03 21:58:34] [operation_prod] [INFO] [main]  org.apache.catalina.core.StandardService-Starting service [Tomcat]

[2021-04-03 21:58:34] [operation_prod] [INFO] [main]  org.apache.catalina.core.StandardEngine-Starting Servlet engine: [Apache Tomcat/9.0.29]

[2021-04-03 21:58:34] [operation_prod] [INFO] [main]  o.a.catalina.core.ContainerBase.[Tomcat].[localhost].[/]-Initializing Spring embedded WebApplicationContext

[2021-04-03 21:58:35] [operation_prod] [WARN] [main]  o.a.dubbo.config.spring.extension.SpringExtensionFactory- [DUBBO] No spring extension (bean) named:level, try to find an extension (bean) of type org.apache.dubbo.common.logger.Level, dubbo version: 2.7.3, current host: 10.221.34.247

[2021-04-03 21:58:35] [operation_prod] [WARN] [main]  o.a.dubbo.config.spring.extension.SpringExtensionFactory- [DUBBO] No spring extension (bean) named:level, type:org.apache.dubbo.common.logger.Level found, stop get bean., dubbo version: 2.7.3, current host: 10.221.34.247

[2021-04-03 21:58:35] [operation_prod] [WARN] [main]  o.a.dubbo.config.spring.extension.SpringExtensionFactory- [DUBBO] No spring extension (bean) named:file, try to find an extension (bean) of type java.io.File, dubbo version: 2.7.3, current host: 10.221.34.247

[2021-04-03 21:58:35] [operation_prod] [WARN] [main]  o.a.dubbo.config.spring.extension.SpringExtensionFactory- [DUBBO] No spring extension (bean) named:file, type:java.io.File found, stop get bean., dubbo version: 2.7.3, current host: 10.221.34.247

[2021-04-03 21:58:35] [operation_prod] [INFO] [main]  org.apache.dubbo.common.logger.LoggerFactory-using logger: org.apache.dubbo.common.logger.slf4j.Slf4jLoggerAdapter

[2021-04-03 21:58:35] [operation_prod] [INFO] [main]  o.a.d.c.s.b.f.annotation.DubboConfigBindingBeanPostProcessor-The properties of bean [name : org.apache.dubbo.config.ApplicationConfig#0] have been binding by prefix of configuration properties : dubbo.application

[2021-04-03 21:58:35] [operation_prod] [INFO] [main]  org.apache.dubbo.common.logger.LoggerFactory-using logger: org.apache.dubbo.common.logger.slf4j.Slf4jLoggerAdapter

[2021-04-03 21:58:36] [operation_prod] [INFO] [main]  org.apache.coyote.http11.Http11NioProtocol-Starting ProtocolHandler ["http-nio-8081"]

[2021-04-03 21:58:36] [operation_prod] [INFO] [main]  cn.jxau.producer.App-Started App in 3.198 seconds (JVM running for 5.162)
