
[2021-04-02 22:46:23] [operation_prod] [INFO] [main]  org.apache.dubbo.common.logger.LoggerFactory-using logger: org.apache.dubbo.common.logger.log4j.Log4jLoggerAdapter

[2021-04-02 22:46:23] [operation_prod] [INFO] [main]  o.a.d.s.boot.context.event.WelcomeLogoApplicationListener-

 :: Dubbo Spring Boot (v2.7.3) : https://github.com/apache/dubbo-spring-boot-project
 :: Dubbo (v2.7.3) : https://github.com/apache/incubator-dubbo
 :: Discuss group : dev@dubbo.apache.org


[2021-04-02 22:46:23] [operation_prod] [INFO] [main]  o.a.d.s.b.c.event.OverrideDubboConfigApplicationListener-Dubbo Config was overridden by externalized configuration {dubbo.application.logger=slf4j, dubbo.application.qos-enable=false, dubbo.config.multiple=true}

[2021-04-02 22:46:23] [operation_prod] [INFO] [main]  cn.jxau.producer.App-Starting App on DESKTOP-6CRAUAT with PID 37408 (D:\webProject\demo\producer\target\classes started by acer-L in D:\webProject\demo)

[2021-04-02 22:46:23] [operation_prod] [INFO] [main]  cn.jxau.producer.App-No active profile set, falling back to default profiles: default

[2021-04-02 22:46:24] [operation_prod] [INFO] [main]  o.a.d.c.s.context.annotation.DubboConfigBindingRegistrar-The dubbo config bean definition [name : org.apache.dubbo.config.ApplicationConfig#0, class : org.apache.dubbo.config.ApplicationConfig] has been registered.

[2021-04-02 22:46:24] [operation_prod] [INFO] [main]  o.a.d.c.s.context.annotation.DubboConfigBindingRegistrar-The BeanPostProcessor bean definition [org.apache.dubbo.config.spring.beans.factory.annotation.DubboConfigBindingBeanPostProcessor] for dubbo config bean [name : org.apache.dubbo.config.ApplicationConfig#0] has been registered.

[2021-04-02 22:46:25] [operation_prod] [INFO] [main]  org.apache.coyote.http11.Http11NioProtocol-Initializing ProtocolHandler ["http-nio-8081"]

[2021-04-02 22:46:25] [operation_prod] [INFO] [main]  org.apache.catalina.core.StandardService-Starting service [Tomcat]

[2021-04-02 22:46:25] [operation_prod] [INFO] [main]  org.apache.catalina.core.StandardEngine-Starting Servlet engine: [Apache Tomcat/9.0.29]

[2021-04-02 22:46:25] [operation_prod] [INFO] [main]  o.a.catalina.core.ContainerBase.[Tomcat].[localhost].[/]-Initializing Spring embedded WebApplicationContext

[2021-04-02 22:46:27] [operation_prod] [WARN] [main]  o.a.dubbo.config.spring.extension.SpringExtensionFactory- [DUBBO] No spring extension (bean) named:level, try to find an extension (bean) of type org.apache.dubbo.common.logger.Level, dubbo version: 2.7.3, current host: 10.239.194.243

[2021-04-02 22:46:27] [operation_prod] [WARN] [main]  o.a.dubbo.config.spring.extension.SpringExtensionFactory- [DUBBO] No spring extension (bean) named:level, type:org.apache.dubbo.common.logger.Level found, stop get bean., dubbo version: 2.7.3, current host: 10.239.194.243

[2021-04-02 22:46:27] [operation_prod] [WARN] [main]  o.a.dubbo.config.spring.extension.SpringExtensionFactory- [DUBBO] No spring extension (bean) named:file, try to find an extension (bean) of type java.io.File, dubbo version: 2.7.3, current host: 10.239.194.243

[2021-04-02 22:46:27] [operation_prod] [WARN] [main]  o.a.dubbo.config.spring.extension.SpringExtensionFactory- [DUBBO] No spring extension (bean) named:file, type:java.io.File found, stop get bean., dubbo version: 2.7.3, current host: 10.239.194.243

[2021-04-02 22:46:27] [operation_prod] [INFO] [main]  org.apache.dubbo.common.logger.LoggerFactory-using logger: org.apache.dubbo.common.logger.slf4j.Slf4jLoggerAdapter

[2021-04-02 22:46:27] [operation_prod] [INFO] [main]  o.a.d.c.s.b.f.annotation.DubboConfigBindingBeanPostProcessor-The properties of bean [name : org.apache.dubbo.config.ApplicationConfig#0] have been binding by prefix of configuration properties : dubbo.application

[2021-04-02 22:46:27] [operation_prod] [INFO] [main]  org.apache.dubbo.common.logger.LoggerFactory-using logger: org.apache.dubbo.common.logger.slf4j.Slf4jLoggerAdapter

[2021-04-02 22:46:27] [operation_prod] [INFO] [main]  org.apache.coyote.http11.Http11NioProtocol-Starting ProtocolHandler ["http-nio-8081"]

[2021-04-02 22:46:27] [operation_prod] [INFO] [main]  cn.jxau.producer.App-Started App in 4.846 seconds (JVM running for 7.238)
